#
# A fatal error has been detected by the Java Runtime Environment:
#
#  EXCEPTION_ACCESS_VIOLATION (0xc0000005) at pc=0x00007ffab14fe0a9, pid=11904, tid=10692
#
# JRE version: OpenJDK Runtime Environment Microsoft-8035246 (17.0.8+7) (build 17.0.8+7-LTS)
# Java VM: OpenJDK 64-Bit Server VM Microsoft-8035246 (17.0.8+7-LTS, mixed mode, sharing, tiered, compressed oops, compressed class ptrs, g1 gc, windows-amd64)
# Problematic frame:
# V  [jvm.dll+0x2be0a9]
#
# No core dump will be written. Minidumps are not enabled by default on client versions of Windows
#
# If you would like to submit a bug report, please visit:
#   https://github.com/microsoft/openjdk/issues
#

---------------  S U M M A R Y ------------

Command Line: -XX:MaxMetaspaceSize=512m --add-opens=java.base/java.util=ALL-UNNAMED --add-opens=java.base/java.lang=ALL-UNNAMED --add-opens=java.base/java.lang.invoke=ALL-UNNAMED --add-opens=java.prefs/java.util.prefs=ALL-UNNAMED --add-opens=java.base/java.nio.charset=ALL-UNNAMED --add-opens=java.base/java.net=ALL-UNNAMED --add-opens=java.base/java.util.concurrent.atomic=ALL-UNNAMED -Xmx2048m -Dfile.encoding=windows-1252 -Duser.country=US -Duser.language=en -Duser.variant -javaagent:C:\Users\Asus\.gradle\wrapper\dists\gradle-8.8-all\6gdy1pgp427xkqcjbxw3ylt6h\gradle-8.8\lib\agents\gradle-instrumentation-agent-8.8.jar org.gradle.launcher.daemon.bootstrap.GradleDaemon 8.8

Host: Intel(R) Core(TM) i5-3570K CPU @ 3.40GHz, 4 cores, 7G,  Windows 10 , 64 bit Build 19041 (10.0.19041.4717)
Time: Thu Sep 26 00:07:46 2024 Pacific Daylight Time elapsed time: 33.554585 seconds (0d 0h 0m 33s)

---------------  T H R E A D  ---------------

Current thread (0x000002b665431f30):  JavaThread "C2 CompilerThread0" daemon [_thread_in_native, id=10692, stack(0x000000eb3ba00000,0x000000eb3bb00000)]


Current CompileTask:
C2:  33554 10692       4       org.gradle.cache.internal.ExclusiveCacheAccessingWorker$1::call (10 bytes)

Stack: [0x000000eb3ba00000,0x000000eb3bb00000],  sp=0x000000eb3bafb970,  free space=1006k
Native frames: (J=compiled Java code, j=interpreted, Vv=VM code, C=native code)
V  [jvm.dll+0x2be0a9]
V  [jvm.dll+0x21ba8b]
V  [jvm.dll+0x21944b]
V  [jvm.dll+0x1a56b6]
V  [jvm.dll+0x2291ea]
V  [jvm.dll+0x22724c]
V  [jvm.dll+0x7efd0c]
V  [jvm.dll+0x7ea13a]
V  [jvm.dll+0x67ad85]
C  [ucrtbase.dll+0x21bb2]
C  [KERNEL32.DLL+0x17374]
C  [ntdll.dll+0x4cc91]


siginfo: EXCEPTION_ACCESS_VIOLATION (0xc0000005), reading address 0x0000000000000028


Register to memory mapping:

RIP=0x00007ffab14fe0a9 jvm.dll
RAX=0x000002b66ecc3f10 points into unknown readable memory: 0x0000000000000000 | 00 00 00 00 00 00 00 00
RBX=0x00000000000017e0 is an unknown value
RCX=0x0 is NULL
RDX=0x0 is NULL
RSP=0x000000eb3bafb970 is pointing into the stack for thread: 0x000002b665431f30
RBP=0x000000eb3bafb9e0 is pointing into the stack for thread: 0x000002b665431f30
RSI=0x0 is NULL
RDI=0x0000000000000048 is an unknown value
R8 =0x000000000000ffe0 is an unknown value
R9 =0x0 is NULL
R10=0x00007ffaf31e0000 VCRUNTIME140.dll
R11=0x000002b66ecc3f30 points into unknown readable memory: 0x0000000000000000 | 00 00 00 00 00 00 00 00
R12=0x0000000000000050 is an unknown value
R13=0x0 is NULL
R14=0x0 is NULL
R15=0x000000eb3bafeb90 is pointing into the stack for thread: 0x000002b665431f30


Registers:
RAX=0x000002b66ecc3f10, RBX=0x00000000000017e0, RCX=0x0000000000000000, RDX=0x0000000000000000
RSP=0x000000eb3bafb970, RBP=0x000000eb3bafb9e0, RSI=0x0000000000000000, RDI=0x0000000000000048
R8 =0x000000000000ffe0, R9 =0x0000000000000000, R10=0x00007ffaf31e0000, R11=0x000002b66ecc3f30
R12=0x0000000000000050, R13=0x0000000000000000, R14=0x0000000000000000, R15=0x000000eb3bafeb90
RIP=0x00007ffab14fe0a9, EFLAGS=0x0000000000010202

Top of Stack: (sp=0x000000eb3bafb970)
0x000000eb3bafb970:   00000000000017e0 0000000000000000
0x000000eb3bafb980:   000000eb3bafeb90 00007ffab14638d1
0x000000eb3bafb990:   000002b66542b490 00007ffa00002000
0x000000eb3bafb9a0:   000002b66ecc3f10 000002b600000000
0x000000eb3bafb9b0:   000002b600000002 000002b66df5d250
0x000000eb3bafb9c0:   0000000000000002 000002b66542b490
0x000000eb3bafb9d0:   0000000000000000 0000000000000000
0x000000eb3bafb9e0:   000002b66540e610 000002b64788c0a0
0x000000eb3bafb9f0:   0000000000000048 00007ffab1b84c08
0x000000eb3bafba00:   000000eb3bafbb10 00007ffab145ba8b
0x000000eb3bafba10:   000000eb3bafeb90 00007ffab1b84c08
0x000000eb3bafba20:   000000eb3bafeb90 000000eb3bafbb10
0x000000eb3bafba30:   000000eb00000000 000000eb3baff6f0
0x000000eb3bafba40:   000000eb0000000f 000000eb3bafeb90
0x000000eb3bafba50:   000000eb3bafbbc0 00007ffa00000000
0x000000eb3bafba60:   000002b600000100 00007ffab1b84c08 

Instructions: (pc=0x00007ffab14fe0a9)
0x00007ffab14fdfa9:   3b d0 75 0b ff c1 41 3b c9 7c dc 48 8b c2 c3 33
0x00007ffab14fdfb9:   c0 c3 cc cc cc cc cc 48 89 5c 24 18 55 56 57 41
0x00007ffab14fdfc9:   55 41 57 48 8b ec 48 83 ec 70 65 48 8b 04 25 58
0x00007ffab14fdfd9:   00 00 00 48 8b f2 44 8b 05 d2 8b 90 00 4c 8b f9
0x00007ffab14fdfe9:   4a 8b 1c c0 b8 50 00 00 00 80 3c 18 00 75 05 e8
0x00007ffab14fdff9:   8b 6f 5d 00 b8 20 00 00 00 48 8b 04 18 48 8b 98
0x00007ffab14fe009:   38 02 00 00 48 89 5d b0 c7 45 b8 04 00 00 00 48
0x00007ffab14fe019:   8b 43 18 48 83 f8 df 76 18 4c 8d 05 37 a9 65 00
0x00007ffab14fe029:   ba 20 00 00 00 48 8b cb e8 5a eb de ff 48 8b 43
0x00007ffab14fe039:   18 48 8d 48 20 48 3b 4b 20 76 11 45 33 c0 48 8b
0x00007ffab14fe049:   cb 41 8d 50 20 e8 fd e8 de ff eb 04 48 89 4b 18
0x00007ffab14fe059:   44 8b 45 b8 33 d2 49 c1 e0 03 48 8b c8 48 89 45
0x00007ffab14fe069:   c0 e8 e3 80 5d 00 45 33 ed 48 8d 4d d0 44 89 6d
0x00007ffab14fe079:   c8 e8 01 59 56 00 41 8b 9f 40 02 00 00 41 2b 9f
0x00007ffab14fe089:   68 02 00 00 44 89 6d f0 3b 5d b8 72 0b 8b d3 48
0x00007ffab14fe099:   8d 4d b0 e8 6f b3 39 00 48 8b 45 c0 4c 89 2c d8
0x00007ffab14fe0a9:   8b 7e 28 8b df c1 eb 05 3b 5d d0 72 0b 8b d3 48
0x00007ffab14fe0b9:   8d 4d d0 e8 1f 59 56 00 48 8b 45 d8 83 e7 1f 48
0x00007ffab14fe0c9:   8d 14 98 40 0f b6 cf 41 b8 01 00 00 00 41 d3 e0
0x00007ffab14fe0d9:   8b 0a 8b c1 41 0b c0 89 02 41 85 c8 75 21 8b 5d
0x00007ffab14fe0e9:   c8 8d 43 01 89 45 c8 3b 5d b8 72 0b 8b d3 48 8d
0x00007ffab14fe0f9:   4d b0 e8 10 b3 39 00 48 8b 45 c0 48 89 34 d8 44
0x00007ffab14fe109:   39 6d c8 0f 86 77 01 00 00 4c 89 a4 24 a0 00 00
0x00007ffab14fe119:   00 4c 89 b4 24 a8 00 00 00 48 8b 45 c0 41 8b cd
0x00007ffab14fe129:   48 8b 34 c8 8b 46 2c 25 ff 1f 00 00 3d 04 10 00
0x00007ffab14fe139:   00 0f 85 a7 00 00 00 bb 01 00 00 00 39 5e 18 76
0x00007ffab14fe149:   39 66 0f 1f 44 00 00 48 8b 46 08 8b cb 48 8b 14
0x00007ffab14fe159:   c8 48 85 d2 74 1d 48 83 7a 10 00 74 16 80 7a 2c
0x00007ffab14fe169:   84 74 10 e8 7f 7e ee ff 48 8b d0 49 8b cf e8 a4
0x00007ffab14fe179:   61 f6 ff ff c3 3b 5e 18 72 cd 48 8b 5e 10 8b 46
0x00007ffab14fe189:   20 4c 8d 34 c3 49 3b de 73 54 48 8b 3b 8b 47 2c
0x00007ffab14fe199:   83 e0 03 3c 03 75 2e 48 8b 07 48 8b cf ff 90 88 


Stack slot to memory mapping:
stack at sp + 0 slots: 0x00000000000017e0 is an unknown value
stack at sp + 1 slots: 0x0 is NULL
stack at sp + 2 slots: 0x000000eb3bafeb90 is pointing into the stack for thread: 0x000002b665431f30
stack at sp + 3 slots: 0x00007ffab14638d1 jvm.dll
stack at sp + 4 slots: 0x000002b66542b490 points into unknown readable memory: 0x0000000000000006 | 06 00 00 00 00 00 00 00
stack at sp + 5 slots: 0x00007ffa00002000 is an unknown value
stack at sp + 6 slots: 0x000002b66ecc3f10 points into unknown readable memory: 0x0000000000000000 | 00 00 00 00 00 00 00 00
stack at sp + 7 slots: 0x000002b600000000 is pointing into metadata


---------------  P R O C E S S  ---------------

Threads class SMR info:
_java_thread_list=0x000002b66f1c81f0, length=92, elements={
0x000002b647864f30, 0x000002b665413610, 0x000002b6654143a0, 0x000002b66542c3d0,
0x000002b66542ef70, 0x000002b6654309b0, 0x000002b665431280, 0x000002b665431f30,
0x000002b665433090, 0x000002b6655a8070, 0x000002b6656355a0, 0x000002b6656b6e30,
0x000002b66b66a6b0, 0x000002b66b26dea0, 0x000002b66b262630, 0x000002b66b5667e0,
0x000002b66b5725b0, 0x000002b66b57e8b0, 0x000002b66b580710, 0x000002b66b57fcf0,
0x000002b66b57edc0, 0x000002b66b581640, 0x000002b66b580200, 0x000002b66b580c20,
0x000002b66b57f7e0, 0x000002b66b581130, 0x000002b66b581b50, 0x000002b66b57e3a0,
0x000002b66c698740, 0x000002b66c699160, 0x000002b66c6954a0, 0x000002b66c698c50,
0x000002b66c6968e0, 0x000002b66c694f90, 0x000002b66c694570, 0x000002b66c6959b0,
0x000002b66c6963d0, 0x000002b66c695ec0, 0x000002b66c697810, 0x000002b66c69b4d0,
0x000002b66c696df0, 0x000002b66c69afc0, 0x000002b66c69a5a0, 0x000002b66c694a80,
0x000002b66c697300, 0x000002b66c697d20, 0x000002b66c698230, 0x000002b66c699670,
0x000002b66c699b80, 0x000002b66c69a090, 0x000002b66d170830, 0x000002b66d172690,
0x000002b66d16daa0, 0x000002b66d16c660, 0x000002b66d16eee0, 0x000002b66d16b220,
0x000002b66d171c70, 0x000002b66d16cb70, 0x000002b66d172180, 0x000002b66d170320,
0x000002b66d16d590, 0x000002b66d16d080, 0x000002b66d16dfb0, 0x000002b66d16e4c0,
0x000002b66d16bc40, 0x000002b66d172ba0, 0x000002b66d16fe10, 0x000002b66d16e9d0,
0x000002b66d16c150, 0x000002b66d16f3f0, 0x000002b66d170d40, 0x000002b66d16b730,
0x000002b66d16f900, 0x000002b66d171760, 0x000002b66cb53f00, 0x000002b66cb57bc0,
0x000002b66cb5a950, 0x000002b66cb55d60, 0x000002b66cb5ae60, 0x000002b66cb539f0,
0x000002b66cb55850, 0x000002b66cb54410, 0x000002b66cb59a20, 0x000002b66cb56270,
0x000002b66cb54920, 0x000002b66cb54e30, 0x000002b66cb55340, 0x000002b66cb580d0,
0x000002b66cb585e0, 0x000002b66cb59f30, 0x000002b66aa56420, 0x000002b66cb56780
}

Java Threads: ( => current thread )
  0x000002b647864f30 JavaThread "main" [_thread_blocked, id=2612, stack(0x000000eb3ad00000,0x000000eb3ae00000)]
  0x000002b665413610 JavaThread "Reference Handler" daemon [_thread_blocked, id=12440, stack(0x000000eb3b400000,0x000000eb3b500000)]
  0x000002b6654143a0 JavaThread "Finalizer" daemon [_thread_blocked, id=11036, stack(0x000000eb3b500000,0x000000eb3b600000)]
  0x000002b66542c3d0 JavaThread "Signal Dispatcher" daemon [_thread_blocked, id=13264, stack(0x000000eb3b600000,0x000000eb3b700000)]
  0x000002b66542ef70 JavaThread "Attach Listener" daemon [_thread_blocked, id=6224, stack(0x000000eb3b700000,0x000000eb3b800000)]
  0x000002b6654309b0 JavaThread "Service Thread" daemon [_thread_blocked, id=12588, stack(0x000000eb3b800000,0x000000eb3b900000)]
  0x000002b665431280 JavaThread "Monitor Deflation Thread" daemon [_thread_blocked, id=10244, stack(0x000000eb3b900000,0x000000eb3ba00000)]
=>0x000002b665431f30 JavaThread "C2 CompilerThread0" daemon [_thread_in_native, id=10692, stack(0x000000eb3ba00000,0x000000eb3bb00000)]
  0x000002b665433090 JavaThread "C1 CompilerThread0" daemon [_thread_blocked, id=10816, stack(0x000000eb3bb00000,0x000000eb3bc00000)]
  0x000002b6655a8070 JavaThread "Sweeper thread" daemon [_thread_blocked, id=4652, stack(0x000000eb3bc00000,0x000000eb3bd00000)]
  0x000002b6656355a0 JavaThread "Common-Cleaner" daemon [_thread_blocked, id=11156, stack(0x000000eb3bd00000,0x000000eb3be00000)]
  0x000002b6656b6e30 JavaThread "Notification Thread" daemon [_thread_blocked, id=4744, stack(0x000000eb3bf00000,0x000000eb3c000000)]
  0x000002b66b66a6b0 JavaThread "Daemon health stats" [_thread_blocked, id=9176, stack(0x000000eb3c500000,0x000000eb3c600000)]
  0x000002b66b26dea0 JavaThread "Incoming local TCP Connector on port 63961" [_thread_in_native, id=9824, stack(0x000000eb3c300000,0x000000eb3c400000)]
  0x000002b66b262630 JavaThread "Daemon periodic checks" [_thread_blocked, id=11344, stack(0x000000eb3c600000,0x000000eb3c700000)]
  0x000002b66b5667e0 JavaThread "Daemon" [_thread_blocked, id=11828, stack(0x000000eb3c700000,0x000000eb3c800000)]
  0x000002b66b5725b0 JavaThread "Handler for socket connection from /127.0.0.1:63961 to /127.0.0.1:63962" [_thread_in_native, id=236, stack(0x000000eb3c800000,0x000000eb3c900000)]
  0x000002b66b57e8b0 JavaThread "Cancel handler" [_thread_blocked, id=8452, stack(0x000000eb3c900000,0x000000eb3ca00000)]
  0x000002b66b580710 JavaThread "Daemon worker" [_thread_in_native, id=3144, stack(0x000000eb3ca00000,0x000000eb3cb00000)]
  0x000002b66b57fcf0 JavaThread "Asynchronous log dispatcher for DefaultDaemonConnection: socket connection from /127.0.0.1:63961 to /127.0.0.1:63962" [_thread_blocked, id=3416, stack(0x000000eb3cb00000,0x000000eb3cc00000)]
  0x000002b66b57edc0 JavaThread "Stdin handler" [_thread_blocked, id=2796, stack(0x000000eb3cc00000,0x000000eb3cd00000)]
  0x000002b66b581640 JavaThread "Daemon client event forwarder" [_thread_blocked, id=10304, stack(0x000000eb3cd00000,0x000000eb3ce00000)]
  0x000002b66b580200 JavaThread "Cache worker for journal cache (C:\Users\Asus\.gradle\caches\journal-1)" [_thread_blocked, id=8416, stack(0x000000eb3ce00000,0x000000eb3cf00000)]
  0x000002b66b580c20 JavaThread "File lock request listener" [_thread_in_native, id=12932, stack(0x000000eb3cf00000,0x000000eb3d000000)]
  0x000002b66b57f7e0 JavaThread "Cache worker for file hash cache (C:\Users\Asus\.gradle\caches\8.8\fileHashes)" [_thread_blocked, id=8352, stack(0x000000eb3d000000,0x000000eb3d100000)]
  0x000002b66b581130 JavaThread "Cache worker for file hash cache (D:\wow\android\.gradle\8.8\fileHashes)" [_thread_blocked, id=10548, stack(0x000000eb3d100000,0x000000eb3d200000)]
  0x000002b66b581b50 JavaThread "File watcher server" daemon [_thread_in_native, id=4928, stack(0x000000eb3d200000,0x000000eb3d300000)]
  0x000002b66b57e3a0 JavaThread "File watcher consumer" daemon [_thread_blocked, id=9552, stack(0x000000eb3d300000,0x000000eb3d400000)]
  0x000002b66c698740 JavaThread "Cache worker for checksums cache (D:\wow\android\.gradle\8.8\checksums)" [_thread_blocked, id=10300, stack(0x000000eb3d400000,0x000000eb3d500000)]
  0x000002b66c699160 JavaThread "Cache worker for file content cache (C:\Users\Asus\.gradle\caches\8.8\fileContent)" [_thread_blocked, id=12036, stack(0x000000eb3d500000,0x000000eb3d600000)]
  0x000002b66c6954a0 JavaThread "Cache worker for cache directory md-rule (C:\Users\Asus\.gradle\caches\8.8\md-rule)" [_thread_blocked, id=12908, stack(0x000000eb3d600000,0x000000eb3d700000)]
  0x000002b66c698c50 JavaThread "Cache worker for cache directory md-supplier (C:\Users\Asus\.gradle\caches\8.8\md-supplier)" [_thread_blocked, id=10992, stack(0x000000eb3d700000,0x000000eb3d800000)]
  0x000002b66c6968e0 JavaThread "jar transforms" [_thread_blocked, id=1672, stack(0x000000eb3d800000,0x000000eb3d900000)]
  0x000002b66c694f90 JavaThread "Unconstrained build operations" [_thread_blocked, id=6412, stack(0x000000eb3d900000,0x000000eb3da00000)]
  0x000002b66c694570 JavaThread "Unconstrained build operations Thread 2" [_thread_blocked, id=11296, stack(0x000000eb3da00000,0x000000eb3db00000)]
  0x000002b66c6959b0 JavaThread "Unconstrained build operations Thread 3" [_thread_blocked, id=2120, stack(0x000000eb3db00000,0x000000eb3dc00000)]
  0x000002b66c6963d0 JavaThread "Unconstrained build operations Thread 4" [_thread_blocked, id=9556, stack(0x000000eb3dc00000,0x000000eb3dd00000)]
  0x000002b66c695ec0 JavaThread "Unconstrained build operations Thread 5" [_thread_blocked, id=1684, stack(0x000000eb3dd00000,0x000000eb3de00000)]
  0x000002b66c697810 JavaThread "Unconstrained build operations Thread 6" [_thread_blocked, id=2824, stack(0x000000eb3de00000,0x000000eb3df00000)]
  0x000002b66c69b4d0 JavaThread "Cache worker for Build Output Cleanup Cache (D:\wow\node_modules\@react-native\gradle-plugin\.gradle\buildOutputCleanup)" [_thread_blocked, id=12680, stack(0x000000eb3e000000,0x000000eb3e100000)]
  0x000002b66c696df0 JavaThread "Unconstrained build operations Thread 7" [_thread_blocked, id=8404, stack(0x000000eb3e100000,0x000000eb3e200000)]
  0x000002b66c69afc0 JavaThread "Unconstrained build operations Thread 8" [_thread_blocked, id=1324, stack(0x000000eb3e200000,0x000000eb3e300000)]
  0x000002b66c69a5a0 JavaThread "Unconstrained build operations Thread 9" [_thread_blocked, id=10124, stack(0x000000eb3e300000,0x000000eb3e400000)]
  0x000002b66c694a80 JavaThread "Unconstrained build operations Thread 10" [_thread_blocked, id=1604, stack(0x000000eb3e400000,0x000000eb3e500000)]
  0x000002b66c697300 JavaThread "Unconstrained build operations Thread 11" [_thread_blocked, id=2400, stack(0x000000eb3e500000,0x000000eb3e600000)]
  0x000002b66c697d20 JavaThread "Unconstrained build operations Thread 12" [_thread_blocked, id=5300, stack(0x000000eb3e600000,0x000000eb3e700000)]
  0x000002b66c698230 JavaThread "Unconstrained build operations Thread 13" [_thread_blocked, id=12116, stack(0x000000eb3df00000,0x000000eb3e000000)]
  0x000002b66c699670 JavaThread "Unconstrained build operations Thread 14" [_thread_blocked, id=1288, stack(0x000000eb3e700000,0x000000eb3e800000)]
  0x000002b66c699b80 JavaThread "Unconstrained build operations Thread 15" [_thread_blocked, id=10572, stack(0x000000eb3e800000,0x000000eb3e900000)]
  0x000002b66c69a090 JavaThread "Memory manager" [_thread_blocked, id=7208, stack(0x000000eb3e900000,0x000000eb3ea00000)]
  0x000002b66d170830 JavaThread "build event listener" [_thread_blocked, id=1464, stack(0x000000eb3eb00000,0x000000eb3ec00000)]
  0x000002b66d172690 JavaThread "ForkJoinPool.commonPool-worker-1" daemon [_thread_blocked, id=2496, stack(0x000000eb3ea00000,0x000000eb3eb00000)]
  0x000002b66d16daa0 JavaThread "ForkJoinPool.commonPool-worker-2" daemon [_thread_blocked, id=10912, stack(0x000000eb3ec00000,0x000000eb3ed00000)]
  0x000002b66d16c660 JavaThread "ForkJoinPool.commonPool-worker-3" daemon [_thread_blocked, id=11516, stack(0x000000eb3ed00000,0x000000eb3ee00000)]
  0x000002b66d16eee0 JavaThread "Exec process" daemon [_thread_blocked, id=12656, stack(0x000000eb3ee00000,0x000000eb3ef00000)]
  0x000002b66d16b220 JavaThread "Exec process Thread 2" daemon [_thread_blocked, id=6252, stack(0x000000eb3ef00000,0x000000eb3f000000)]
  0x000002b66d171c70 JavaThread "Exec process Thread 3" daemon [_thread_blocked, id=5500, stack(0x000000eb3f000000,0x000000eb3f100000)]
  0x000002b66d16cb70 JavaThread "included builds" [_thread_blocked, id=7216, stack(0x000000eb3f100000,0x000000eb3f200000)]
  0x000002b66d172180 JavaThread "Execution worker" [_thread_blocked, id=8284, stack(0x000000eb3f200000,0x000000eb3f300000)]
  0x000002b66d170320 JavaThread "Execution worker Thread 2" [_thread_blocked, id=12368, stack(0x000000eb3f300000,0x000000eb3f400000)]
  0x000002b66d16d590 JavaThread "Execution worker Thread 3" [_thread_blocked, id=10232, stack(0x000000eb3f400000,0x000000eb3f500000)]
  0x000002b66d16d080 JavaThread "Cache worker for execution history cache (D:\wow\node_modules\@react-native\gradle-plugin\.gradle\8.8\executionHistory)" [_thread_blocked, id=12816, stack(0x000000eb3f500000,0x000000eb3f600000)]
  0x000002b66d16dfb0 JavaThread "Unconstrained build operations Thread 16" [_thread_blocked, id=12780, stack(0x000000eb3f600000,0x000000eb3f700000)]
  0x000002b66d16e4c0 JavaThread "Unconstrained build operations Thread 17" [_thread_blocked, id=12836, stack(0x000000eb3f700000,0x000000eb3f800000)]
  0x000002b66d16bc40 JavaThread "Unconstrained build operations Thread 18" [_thread_blocked, id=12832, stack(0x000000eb3f800000,0x000000eb3f900000)]
  0x000002b66d172ba0 JavaThread "Unconstrained build operations Thread 19" [_thread_blocked, id=12584, stack(0x000000eb3f900000,0x000000eb3fa00000)]
  0x000002b66d16fe10 JavaThread "Unconstrained build operations Thread 20" [_thread_blocked, id=9808, stack(0x000000eb3fa00000,0x000000eb3fb00000)]
  0x000002b66d16e9d0 JavaThread "Unconstrained build operations Thread 21" [_thread_blocked, id=1356, stack(0x000000eb3fb00000,0x000000eb3fc00000)]
  0x000002b66d16c150 JavaThread "Unconstrained build operations Thread 22" [_thread_blocked, id=10656, stack(0x000000eb3fc00000,0x000000eb3fd00000)]
  0x000002b66d16f3f0 JavaThread "Unconstrained build operations Thread 23" [_thread_blocked, id=11600, stack(0x000000eb3fd00000,0x000000eb3fe00000)]
  0x000002b66d170d40 JavaThread "Unconstrained build operations Thread 24" [_thread_blocked, id=2556, stack(0x000000eb3fe00000,0x000000eb3ff00000)]
  0x000002b66d16b730 JavaThread "Unconstrained build operations Thread 25" [_thread_blocked, id=9840, stack(0x000000eb3ff00000,0x000000eb40000000)]
  0x000002b66d16f900 JavaThread "Unconstrained build operations Thread 26" [_thread_blocked, id=9704, stack(0x000000eb40000000,0x000000eb40100000)]
  0x000002b66d171760 JavaThread "Unconstrained build operations Thread 27" [_thread_blocked, id=2484, stack(0x000000eb40100000,0x000000eb40200000)]
  0x000002b66cb53f00 JavaThread "Unconstrained build operations Thread 28" [_thread_blocked, id=10528, stack(0x000000eb40200000,0x000000eb40300000)]
  0x000002b66cb57bc0 JavaThread "Unconstrained build operations Thread 29" [_thread_blocked, id=8736, stack(0x000000eb40300000,0x000000eb40400000)]
  0x000002b66cb5a950 JavaThread "Unconstrained build operations Thread 30" [_thread_blocked, id=2920, stack(0x000000eb40400000,0x000000eb40500000)]
  0x000002b66cb55d60 JavaThread "Unconstrained build operations Thread 31" [_thread_blocked, id=9796, stack(0x000000eb40500000,0x000000eb40600000)]
  0x000002b66cb5ae60 JavaThread "Unconstrained build operations Thread 32" [_thread_blocked, id=12352, stack(0x000000eb40600000,0x000000eb40700000)]
  0x000002b66cb539f0 JavaThread "Unconstrained build operations Thread 33" [_thread_blocked, id=11592, stack(0x000000eb40700000,0x000000eb40800000)]
  0x000002b66cb55850 JavaThread "Unconstrained build operations Thread 34" [_thread_blocked, id=12444, stack(0x000000eb40800000,0x000000eb40900000)]
  0x000002b66cb54410 JavaThread "Unconstrained build operations Thread 35" [_thread_blocked, id=12712, stack(0x000000eb40900000,0x000000eb40a00000)]
  0x000002b66cb59a20 JavaThread "Unconstrained build operations Thread 36" [_thread_blocked, id=13292, stack(0x000000eb40a00000,0x000000eb40b00000)]
  0x000002b66cb56270 JavaThread "jar transforms Thread 2" [_thread_blocked, id=10104, stack(0x000000eb40b00000,0x000000eb40c00000)]
  0x000002b66cb54920 JavaThread "Cache worker for Build Output Cleanup Cache (D:\wow\android\.gradle\buildOutputCleanup)" [_thread_blocked, id=5408, stack(0x000000eb40d00000,0x000000eb40e00000)]
  0x000002b66cb54e30 JavaThread "jar transforms Thread 3" [_thread_blocked, id=8484, stack(0x000000eb40e00000,0x000000eb40f00000)]
  0x000002b66cb55340 JavaThread "Unconstrained build operations Thread 37" [_thread_blocked, id=1796, stack(0x000000eb40f00000,0x000000eb41000000)]
  0x000002b66cb580d0 JavaThread "Unconstrained build operations Thread 38" [_thread_blocked, id=7404, stack(0x000000eb41000000,0x000000eb41100000)]
  0x000002b66cb585e0 JavaThread "Unconstrained build operations Thread 39" [_thread_blocked, id=4260, stack(0x000000eb41100000,0x000000eb41200000)]
  0x000002b66cb59f30 JavaThread "Unconstrained build operations Thread 40" [_thread_blocked, id=1816, stack(0x000000eb41200000,0x000000eb41300000)]
  0x000002b66aa56420 JavaThread "C2 CompilerThread1" daemon [_thread_blocked, id=1448, stack(0x000000eb40c00000,0x000000eb40d00000)]
  0x000002b66cb56780 JavaThread "jar transforms Thread 4" [_thread_blocked, id=11488, stack(0x000000eb41300000,0x000000eb41400000)]

Other Threads:
  0x000002b66540ca70 VMThread "VM Thread" [stack: 0x000000eb3b300000,0x000000eb3b400000] [id=10140]
  0x000002b647875b70 WatcherThread [stack: 0x000000eb3c000000,0x000000eb3c100000] [id=9720]
  0x000002b6478d1ff0 GCTaskThread "GC Thread#0" [stack: 0x000000eb3ae00000,0x000000eb3af00000] [id=12176]
  0x000002b665839b00 GCTaskThread "GC Thread#1" [stack: 0x000000eb3c100000,0x000000eb3c200000] [id=12692]
  0x000002b66581f890 GCTaskThread "GC Thread#2" [stack: 0x000000eb3c200000,0x000000eb3c300000] [id=11872]
  0x000002b66a9ce570 GCTaskThread "GC Thread#3" [stack: 0x000000eb3c400000,0x000000eb3c500000] [id=2072]
  0x000002b6478e2e50 ConcurrentGCThread "G1 Main Marker" [stack: 0x000000eb3af00000,0x000000eb3b000000] [id=10660]
  0x000002b6478e3770 ConcurrentGCThread "G1 Conc#0" [stack: 0x000000eb3b000000,0x000000eb3b100000] [id=11864]
  0x000002b647926500 ConcurrentGCThread "G1 Refine#0" [stack: 0x000000eb3b100000,0x000000eb3b200000] [id=4752]
  0x000002b647926e40 ConcurrentGCThread "G1 Service" [stack: 0x000000eb3b200000,0x000000eb3b300000] [id=10448]

Threads with active compile tasks:
C2 CompilerThread0    33643 10692       4       org.gradle.cache.internal.ExclusiveCacheAccessingWorker$1::call (10 bytes)

VM state: not at safepoint (normal execution)

VM Mutex/Monitor currently owned by a thread: None

Heap address: 0x0000000080000000, size: 2048 MB, Compressed Oops mode: 32-bit

CDS archive(s) mapped at: [0x000002b600000000-0x000002b600bd0000-0x000002b600bd0000), size 12386304, SharedBaseAddress: 0x000002b600000000, ArchiveRelocationMode: 1.
Compressed class space mapped at: 0x000002b601000000-0x000002b61b000000, reserved size: 436207616
Narrow klass base: 0x000002b600000000, Narrow klass shift: 0, Narrow klass range: 0x100000000

GC Precious Log:
 CPUs: 4 total, 4 available
 Memory: 8088M
 Large Page Support: Disabled
 NUMA Support: Disabled
 Compressed Oops: Enabled (32-bit)
 Heap Region Size: 1M
 Heap Min Capacity: 8M
 Heap Initial Capacity: 128M
 Heap Max Capacity: 2G
 Pre-touch: Disabled
 Parallel Workers: 4
 Concurrent Workers: 1
 Concurrent Refinement Workers: 4
 Periodic GC: Disabled

Heap:
 garbage-first heap   total 253952K, used 130767K [0x0000000080000000, 0x0000000100000000)
  region size 1024K, 46 young (47104K), 5 survivors (5120K)
 Metaspace       used 70210K, committed 70976K, reserved 491520K
  class space    used 9943K, committed 10304K, reserved 425984K

Heap Regions: E=young(eden), S=young(survivor), O=old, HS=humongous(starts), HC=humongous(continues), CS=collection set, F=free, OA=open archive, CA=closed archive, TAMS=top-at-mark-start (previous, next)
|   0|0x0000000080000000, 0x0000000080100000, 0x0000000080100000|100%|HS|  |TAMS 0x0000000080100000, 0x0000000080000000| Complete 
|   1|0x0000000080100000, 0x0000000080200000, 0x0000000080200000|100%|HC|  |TAMS 0x0000000080200000, 0x0000000080100000| Complete 
|   2|0x0000000080200000, 0x0000000080300000, 0x0000000080300000|100%|HC|  |TAMS 0x0000000080300000, 0x0000000080200000| Complete 
|   3|0x0000000080300000, 0x0000000080400000, 0x0000000080400000|100%|HC|  |TAMS 0x0000000080400000, 0x0000000080300000| Complete 
|   4|0x0000000080400000, 0x0000000080500000, 0x0000000080500000|100%| O|  |TAMS 0x0000000080500000, 0x0000000080400000| Untracked 
|   5|0x0000000080500000, 0x0000000080600000, 0x0000000080600000|100%| O|  |TAMS 0x0000000080600000, 0x0000000080500000| Untracked 
|   6|0x0000000080600000, 0x0000000080700000, 0x0000000080700000|100%| O|  |TAMS 0x0000000080700000, 0x0000000080600000| Untracked 
|   7|0x0000000080700000, 0x0000000080800000, 0x0000000080800000|100%| O|  |TAMS 0x0000000080800000, 0x0000000080700000| Untracked 
|   8|0x0000000080800000, 0x0000000080900000, 0x0000000080900000|100%| O|  |TAMS 0x0000000080900000, 0x0000000080800000| Untracked 
|   9|0x0000000080900000, 0x0000000080a00000, 0x0000000080a00000|100%| O|  |TAMS 0x0000000080a00000, 0x0000000080900000| Untracked 
|  10|0x0000000080a00000, 0x0000000080b00000, 0x0000000080b00000|100%| O|  |TAMS 0x0000000080b00000, 0x0000000080a00000| Untracked 
|  11|0x0000000080b00000, 0x0000000080c00000, 0x0000000080c00000|100%|HS|  |TAMS 0x0000000080c00000, 0x0000000080b00000| Complete 
|  12|0x0000000080c00000, 0x0000000080d00000, 0x0000000080d00000|100%| O|  |TAMS 0x0000000080d00000, 0x0000000080c00000| Untracked 
|  13|0x0000000080d00000, 0x0000000080e00000, 0x0000000080e00000|100%| O|  |TAMS 0x0000000080e00000, 0x0000000080d00000| Untracked 
|  14|0x0000000080e00000, 0x0000000080f00000, 0x0000000080f00000|100%| O|  |TAMS 0x0000000080f00000, 0x0000000080e00000| Untracked 
|  15|0x0000000080f00000, 0x0000000081000000, 0x0000000081000000|100%| O|  |TAMS 0x0000000081000000, 0x0000000080f00000| Untracked 
|  16|0x0000000081000000, 0x0000000081100000, 0x0000000081100000|100%| O|  |TAMS 0x0000000081100000, 0x0000000081000000| Untracked 
|  17|0x0000000081100000, 0x0000000081200000, 0x0000000081200000|100%| O|  |TAMS 0x0000000081200000, 0x0000000081100000| Untracked 
|  18|0x0000000081200000, 0x0000000081300000, 0x0000000081300000|100%| O|  |TAMS 0x0000000081300000, 0x0000000081200000| Untracked 
|  19|0x0000000081300000, 0x0000000081400000, 0x0000000081400000|100%| O|  |TAMS 0x0000000081400000, 0x0000000081300000| Untracked 
|  20|0x0000000081400000, 0x0000000081500000, 0x0000000081500000|100%| O|  |TAMS 0x0000000081500000, 0x0000000081400000| Untracked 
|  21|0x0000000081500000, 0x0000000081600000, 0x0000000081600000|100%| O|  |TAMS 0x0000000081600000, 0x0000000081500000| Untracked 
|  22|0x0000000081600000, 0x0000000081700000, 0x0000000081700000|100%| O|  |TAMS 0x0000000081700000, 0x0000000081600000| Untracked 
|  23|0x0000000081700000, 0x0000000081800000, 0x0000000081800000|100%| O|  |TAMS 0x0000000081800000, 0x0000000081700000| Untracked 
|  24|0x0000000081800000, 0x0000000081900000, 0x0000000081900000|100%| O|  |TAMS 0x0000000081900000, 0x0000000081800000| Untracked 
|  25|0x0000000081900000, 0x0000000081a00000, 0x0000000081a00000|100%| O|  |TAMS 0x0000000081a00000, 0x0000000081900000| Untracked 
|  26|0x0000000081a00000, 0x0000000081b00000, 0x0000000081b00000|100%| O|  |TAMS 0x0000000081b00000, 0x0000000081a00000| Untracked 
|  27|0x0000000081b00000, 0x0000000081c00000, 0x0000000081c00000|100%| O|  |TAMS 0x0000000081c00000, 0x0000000081b00000| Untracked 
|  28|0x0000000081c00000, 0x0000000081d00000, 0x0000000081d00000|100%| O|  |TAMS 0x0000000081d00000, 0x0000000081c00000| Untracked 
|  29|0x0000000081d00000, 0x0000000081e00000, 0x0000000081e00000|100%| O|  |TAMS 0x0000000081e00000, 0x0000000081d00000| Untracked 
|  30|0x0000000081e00000, 0x0000000081f00000, 0x0000000081f00000|100%| O|  |TAMS 0x0000000081f00000, 0x0000000081e00000| Untracked 
|  31|0x0000000081f00000, 0x0000000082000000, 0x0000000082000000|100%| O|  |TAMS 0x0000000082000000, 0x0000000081f00000| Untracked 
|  32|0x0000000082000000, 0x0000000082100000, 0x0000000082100000|100%| O|  |TAMS 0x0000000082100000, 0x0000000082000000| Untracked 
|  33|0x0000000082100000, 0x0000000082200000, 0x0000000082200000|100%| O|  |TAMS 0x0000000082200000, 0x0000000082100000| Untracked 
|  34|0x0000000082200000, 0x0000000082300000, 0x0000000082300000|100%| O|  |TAMS 0x0000000082300000, 0x0000000082200000| Untracked 
|  35|0x0000000082300000, 0x0000000082400000, 0x0000000082400000|100%| O|  |TAMS 0x0000000082400000, 0x0000000082300000| Untracked 
|  36|0x0000000082400000, 0x0000000082500000, 0x0000000082500000|100%| O|  |TAMS 0x0000000082500000, 0x0000000082400000| Untracked 
|  37|0x0000000082500000, 0x0000000082600000, 0x0000000082600000|100%| O|  |TAMS 0x0000000082600000, 0x0000000082500000| Untracked 
|  38|0x0000000082600000, 0x0000000082700000, 0x0000000082700000|100%| O|  |TAMS 0x0000000082700000, 0x0000000082600000| Untracked 
|  39|0x0000000082700000, 0x0000000082800000, 0x0000000082800000|100%| O|  |TAMS 0x0000000082800000, 0x0000000082700000| Untracked 
|  40|0x0000000082800000, 0x0000000082900000, 0x0000000082900000|100%| O|  |TAMS 0x0000000082800000, 0x0000000082800000| Untracked 
|  41|0x0000000082900000, 0x0000000082a00000, 0x0000000082a00000|100%| O|  |TAMS 0x0000000082a00000, 0x0000000082900000| Untracked 
|  42|0x0000000082a00000, 0x0000000082b00000, 0x0000000082b00000|100%|HS|  |TAMS 0x0000000082b00000, 0x0000000082a00000| Complete 
|  43|0x0000000082b00000, 0x0000000082c00000, 0x0000000082c00000|100%|HC|  |TAMS 0x0000000082c00000, 0x0000000082b00000| Complete 
|  44|0x0000000082c00000, 0x0000000082d00000, 0x0000000082d00000|100%|HS|  |TAMS 0x0000000082d00000, 0x0000000082c00000| Complete 
|  45|0x0000000082d00000, 0x0000000082e00000, 0x0000000082e00000|100%|HC|  |TAMS 0x0000000082e00000, 0x0000000082d00000| Complete 
|  46|0x0000000082e00000, 0x0000000082f00000, 0x0000000082f00000|100%|HS|  |TAMS 0x0000000082f00000, 0x0000000082e00000| Complete 
|  47|0x0000000082f00000, 0x0000000083000000, 0x0000000083000000|100%|HC|  |TAMS 0x0000000083000000, 0x0000000082f00000| Complete 
|  48|0x0000000083000000, 0x0000000083100000, 0x0000000083100000|100%|HC|  |TAMS 0x0000000083100000, 0x0000000083000000| Complete 
|  49|0x0000000083100000, 0x0000000083200000, 0x0000000083200000|100%|HC|  |TAMS 0x0000000083200000, 0x0000000083100000| Complete 
|  50|0x0000000083200000, 0x0000000083300000, 0x0000000083300000|100%|HS|  |TAMS 0x0000000083300000, 0x0000000083200000| Complete 
|  51|0x0000000083300000, 0x0000000083400000, 0x0000000083400000|100%|HC|  |TAMS 0x0000000083400000, 0x0000000083300000| Complete 
|  52|0x0000000083400000, 0x0000000083500000, 0x0000000083500000|100%|HC|  |TAMS 0x0000000083500000, 0x0000000083400000| Complete 
|  53|0x0000000083500000, 0x0000000083600000, 0x0000000083600000|100%|HC|  |TAMS 0x0000000083600000, 0x0000000083500000| Complete 
|  54|0x0000000083600000, 0x0000000083700000, 0x0000000083700000|100%| O|  |TAMS 0x0000000083700000, 0x0000000083600000| Untracked 
|  55|0x0000000083700000, 0x0000000083800000, 0x0000000083800000|100%| O|  |TAMS 0x0000000083800000, 0x0000000083700000| Untracked 
|  56|0x0000000083800000, 0x0000000083900000, 0x0000000083900000|100%| O|  |TAMS 0x0000000083900000, 0x0000000083800000| Untracked 
|  57|0x0000000083900000, 0x0000000083a00000, 0x0000000083a00000|100%| O|  |TAMS 0x0000000083a00000, 0x0000000083900000| Untracked 
|  58|0x0000000083a00000, 0x0000000083b00000, 0x0000000083b00000|100%| O|  |TAMS 0x0000000083b00000, 0x0000000083a00000| Untracked 
|  59|0x0000000083b00000, 0x0000000083c00000, 0x0000000083c00000|100%| O|  |TAMS 0x0000000083b00000, 0x0000000083b00000| Untracked 
|  60|0x0000000083c00000, 0x0000000083d00000, 0x0000000083d00000|100%| O|  |TAMS 0x0000000083d00000, 0x0000000083c00000| Untracked 
|  61|0x0000000083d00000, 0x0000000083e00000, 0x0000000083e00000|100%| O|  |TAMS 0x0000000083e00000, 0x0000000083d00000| Untracked 
|  62|0x0000000083e00000, 0x0000000083f00000, 0x0000000083f00000|100%| O|  |TAMS 0x0000000083f00000, 0x0000000083e00000| Untracked 
|  63|0x0000000083f00000, 0x0000000084000000, 0x0000000084000000|100%| O|  |TAMS 0x0000000084000000, 0x0000000083f00000| Untracked 
|  64|0x0000000084000000, 0x0000000084100000, 0x0000000084100000|100%| O|  |TAMS 0x0000000084100000, 0x0000000084000000| Untracked 
|  65|0x0000000084100000, 0x0000000084200000, 0x0000000084200000|100%| O|  |TAMS 0x0000000084200000, 0x0000000084100000| Untracked 
|  66|0x0000000084200000, 0x0000000084300000, 0x0000000084300000|100%| O|  |TAMS 0x00000000842ff400, 0x0000000084200000| Untracked 
|  67|0x0000000084300000, 0x0000000084400000, 0x0000000084400000|100%| O|  |TAMS 0x0000000084300000, 0x0000000084300000| Untracked 
|  68|0x0000000084400000, 0x0000000084500000, 0x0000000084500000|100%| O|  |TAMS 0x0000000084400000, 0x0000000084400000| Untracked 
|  69|0x0000000084500000, 0x0000000084600000, 0x0000000084600000|100%| O|  |TAMS 0x0000000084500000, 0x0000000084500000| Untracked 
|  70|0x0000000084600000, 0x0000000084700000, 0x0000000084700000|100%| O|  |TAMS 0x0000000084600000, 0x0000000084600000| Untracked 
|  71|0x0000000084700000, 0x0000000084800000, 0x0000000084800000|100%| O|  |TAMS 0x0000000084700000, 0x0000000084700000| Untracked 
|  72|0x0000000084800000, 0x0000000084900000, 0x0000000084900000|100%| O|  |TAMS 0x0000000084800000, 0x0000000084800000| Untracked 
|  73|0x0000000084900000, 0x0000000084a00000, 0x0000000084a00000|100%| O|  |TAMS 0x0000000084900000, 0x0000000084900000| Untracked 
|  74|0x0000000084a00000, 0x0000000084b00000, 0x0000000084b00000|100%| O|  |TAMS 0x0000000084a00000, 0x0000000084a00000| Untracked 
|  75|0x0000000084b00000, 0x0000000084c00000, 0x0000000084c00000|100%| O|  |TAMS 0x0000000084b00000, 0x0000000084b00000| Untracked 
|  76|0x0000000084c00000, 0x0000000084d00000, 0x0000000084d00000|100%| O|  |TAMS 0x0000000084c00000, 0x0000000084c00000| Untracked 
|  77|0x0000000084d00000, 0x0000000084e00000, 0x0000000084e00000|100%| O|  |TAMS 0x0000000084d00000, 0x0000000084d00000| Untracked 
|  78|0x0000000084e00000, 0x0000000084f00000, 0x0000000084f00000|100%| O|  |TAMS 0x0000000084e00000, 0x0000000084e00000| Untracked 
|  79|0x0000000084f00000, 0x0000000084fb3c00, 0x0000000085000000| 70%| O|  |TAMS 0x0000000084f00000, 0x0000000084f00000| Untracked 
|  80|0x0000000085000000, 0x0000000085100000, 0x0000000085100000|100%|HS|  |TAMS 0x0000000085000000, 0x0000000085000000| Complete 
|  81|0x0000000085100000, 0x0000000085200000, 0x0000000085200000|100%|HS|  |TAMS 0x0000000085100000, 0x0000000085100000| Complete 
|  82|0x0000000085200000, 0x0000000085300000, 0x0000000085300000|100%|HS|  |TAMS 0x0000000085200000, 0x0000000085200000| Complete 
|  83|0x0000000085300000, 0x0000000085300000, 0x0000000085400000|  0%| F|  |TAMS 0x0000000085300000, 0x0000000085300000| Untracked 
|  84|0x0000000085400000, 0x0000000085400000, 0x0000000085500000|  0%| F|  |TAMS 0x0000000085400000, 0x0000000085400000| Untracked 
|  85|0x0000000085500000, 0x0000000085500000, 0x0000000085600000|  0%| F|  |TAMS 0x0000000085500000, 0x0000000085500000| Untracked 
|  86|0x0000000085600000, 0x0000000085600000, 0x0000000085700000|  0%| F|  |TAMS 0x0000000085600000, 0x0000000085600000| Untracked 
|  87|0x0000000085700000, 0x0000000085700000, 0x0000000085800000|  0%| F|  |TAMS 0x0000000085700000, 0x0000000085700000| Untracked 
|  88|0x0000000085800000, 0x0000000085800000, 0x0000000085900000|  0%| F|  |TAMS 0x0000000085800000, 0x0000000085800000| Untracked 
|  89|0x0000000085900000, 0x0000000085900000, 0x0000000085a00000|  0%| F|  |TAMS 0x0000000085900000, 0x0000000085900000| Untracked 
|  90|0x0000000085a00000, 0x0000000085a00000, 0x0000000085b00000|  0%| F|  |TAMS 0x0000000085a00000, 0x0000000085a00000| Untracked 
|  91|0x0000000085b00000, 0x0000000085b00000, 0x0000000085c00000|  0%| F|  |TAMS 0x0000000085b00000, 0x0000000085b00000| Untracked 
|  92|0x0000000085c00000, 0x0000000085c00000, 0x0000000085d00000|  0%| F|  |TAMS 0x0000000085c00000, 0x0000000085c00000| Untracked 
|  93|0x0000000085d00000, 0x0000000085d00000, 0x0000000085e00000|  0%| F|  |TAMS 0x0000000085d00000, 0x0000000085d00000| Untracked 
|  94|0x0000000085e00000, 0x0000000085e00000, 0x0000000085f00000|  0%| F|  |TAMS 0x0000000085e00000, 0x0000000085e00000| Untracked 
|  95|0x0000000085f00000, 0x0000000085f00000, 0x0000000086000000|  0%| F|  |TAMS 0x0000000085f00000, 0x0000000085f00000| Untracked 
|  96|0x0000000086000000, 0x0000000086000000, 0x0000000086100000|  0%| F|  |TAMS 0x0000000086000000, 0x0000000086000000| Untracked 
|  97|0x0000000086100000, 0x0000000086100000, 0x0000000086200000|  0%| F|  |TAMS 0x0000000086100000, 0x0000000086100000| Untracked 
|  98|0x0000000086200000, 0x0000000086200000, 0x0000000086300000|  0%| F|  |TAMS 0x0000000086200000, 0x0000000086200000| Untracked 
|  99|0x0000000086300000, 0x0000000086300000, 0x0000000086400000|  0%| F|  |TAMS 0x0000000086300000, 0x0000000086300000| Untracked 
| 100|0x0000000086400000, 0x0000000086400000, 0x0000000086500000|  0%| F|  |TAMS 0x0000000086400000, 0x0000000086400000| Untracked 
| 101|0x0000000086500000, 0x0000000086500000, 0x0000000086600000|  0%| F|  |TAMS 0x0000000086500000, 0x0000000086500000| Untracked 
| 102|0x0000000086600000, 0x0000000086600000, 0x0000000086700000|  0%| F|  |TAMS 0x0000000086600000, 0x0000000086600000| Untracked 
| 103|0x0000000086700000, 0x0000000086700000, 0x0000000086800000|  0%| F|  |TAMS 0x0000000086700000, 0x0000000086700000| Untracked 
| 104|0x0000000086800000, 0x0000000086800000, 0x0000000086900000|  0%| F|  |TAMS 0x0000000086800000, 0x0000000086800000| Untracked 
| 105|0x0000000086900000, 0x0000000086900000, 0x0000000086a00000|  0%| F|  |TAMS 0x0000000086900000, 0x0000000086900000| Untracked 
| 106|0x0000000086a00000, 0x0000000086a00000, 0x0000000086b00000|  0%| F|  |TAMS 0x0000000086a00000, 0x0000000086a00000| Untracked 
| 107|0x0000000086b00000, 0x0000000086b00000, 0x0000000086c00000|  0%| F|  |TAMS 0x0000000086b00000, 0x0000000086b00000| Untracked 
| 108|0x0000000086c00000, 0x0000000086c00000, 0x0000000086d00000|  0%| F|  |TAMS 0x0000000086c00000, 0x0000000086c00000| Untracked 
| 109|0x0000000086d00000, 0x0000000086d00000, 0x0000000086e00000|  0%| F|  |TAMS 0x0000000086d00000, 0x0000000086d00000| Untracked 
| 110|0x0000000086e00000, 0x0000000086e00000, 0x0000000086f00000|  0%| F|  |TAMS 0x0000000086e00000, 0x0000000086e00000| Untracked 
| 111|0x0000000086f00000, 0x0000000086f00000, 0x0000000087000000|  0%| F|  |TAMS 0x0000000086f00000, 0x0000000086f00000| Untracked 
| 112|0x0000000087000000, 0x0000000087000000, 0x0000000087100000|  0%| F|  |TAMS 0x0000000087000000, 0x0000000087000000| Untracked 
| 113|0x0000000087100000, 0x0000000087100000, 0x0000000087200000|  0%| F|  |TAMS 0x0000000087100000, 0x0000000087100000| Untracked 
| 114|0x0000000087200000, 0x0000000087200000, 0x0000000087300000|  0%| F|  |TAMS 0x0000000087200000, 0x0000000087200000| Untracked 
| 115|0x0000000087300000, 0x0000000087300000, 0x0000000087400000|  0%| F|  |TAMS 0x0000000087300000, 0x0000000087300000| Untracked 
| 116|0x0000000087400000, 0x0000000087400000, 0x0000000087500000|  0%| F|  |TAMS 0x0000000087400000, 0x0000000087400000| Untracked 
| 117|0x0000000087500000, 0x0000000087500000, 0x0000000087600000|  0%| F|  |TAMS 0x0000000087500000, 0x0000000087500000| Untracked 
| 118|0x0000000087600000, 0x0000000087600000, 0x0000000087700000|  0%| F|  |TAMS 0x0000000087600000, 0x0000000087600000| Untracked 
| 119|0x0000000087700000, 0x0000000087700000, 0x0000000087800000|  0%| F|  |TAMS 0x0000000087700000, 0x0000000087700000| Untracked 
| 120|0x0000000087800000, 0x0000000087800000, 0x0000000087900000|  0%| F|  |TAMS 0x0000000087800000, 0x0000000087800000| Untracked 
| 121|0x0000000087900000, 0x0000000087900000, 0x0000000087a00000|  0%| F|  |TAMS 0x0000000087900000, 0x0000000087900000| Untracked 
| 122|0x0000000087a00000, 0x0000000087a00000, 0x0000000087b00000|  0%| F|  |TAMS 0x0000000087a00000, 0x0000000087a00000| Untracked 
| 123|0x0000000087b00000, 0x0000000087b00000, 0x0000000087c00000|  0%| F|  |TAMS 0x0000000087b00000, 0x0000000087b00000| Untracked 
| 124|0x0000000087c00000, 0x0000000087c00000, 0x0000000087d00000|  0%| F|  |TAMS 0x0000000087c00000, 0x0000000087c00000| Untracked 
| 125|0x0000000087d00000, 0x0000000087d00000, 0x0000000087e00000|  0%| F|  |TAMS 0x0000000087d00000, 0x0000000087d00000| Untracked 
| 126|0x0000000087e00000, 0x0000000087e00000, 0x0000000087f00000|  0%| F|  |TAMS 0x0000000087e00000, 0x0000000087e00000| Untracked 
| 127|0x0000000087f00000, 0x0000000087f00000, 0x0000000088000000|  0%| F|  |TAMS 0x0000000087f00000, 0x0000000087f00000| Untracked 
| 128|0x0000000088000000, 0x0000000088000000, 0x0000000088100000|  0%| F|  |TAMS 0x0000000088000000, 0x0000000088000000| Untracked 
| 129|0x0000000088100000, 0x0000000088100000, 0x0000000088200000|  0%| F|  |TAMS 0x0000000088100000, 0x0000000088100000| Untracked 
| 130|0x0000000088200000, 0x0000000088200000, 0x0000000088300000|  0%| F|  |TAMS 0x0000000088200000, 0x0000000088200000| Untracked 
| 131|0x0000000088300000, 0x0000000088300000, 0x0000000088400000|  0%| F|  |TAMS 0x0000000088300000, 0x0000000088300000| Untracked 
| 132|0x0000000088400000, 0x0000000088400000, 0x0000000088500000|  0%| F|  |TAMS 0x0000000088400000, 0x0000000088400000| Untracked 
| 133|0x0000000088500000, 0x0000000088500000, 0x0000000088600000|  0%| F|  |TAMS 0x0000000088500000, 0x0000000088500000| Untracked 
| 134|0x0000000088600000, 0x0000000088600000, 0x0000000088700000|  0%| F|  |TAMS 0x0000000088600000, 0x0000000088600000| Untracked 
| 135|0x0000000088700000, 0x0000000088700000, 0x0000000088800000|  0%| F|  |TAMS 0x0000000088700000, 0x0000000088700000| Untracked 
| 136|0x0000000088800000, 0x0000000088800000, 0x0000000088900000|  0%| F|  |TAMS 0x0000000088800000, 0x0000000088800000| Untracked 
| 137|0x0000000088900000, 0x0000000088900000, 0x0000000088a00000|  0%| F|  |TAMS 0x0000000088900000, 0x0000000088900000| Untracked 
| 138|0x0000000088a00000, 0x0000000088a00000, 0x0000000088b00000|  0%| F|  |TAMS 0x0000000088a00000, 0x0000000088a00000| Untracked 
| 139|0x0000000088b00000, 0x0000000088b00000, 0x0000000088c00000|  0%| F|  |TAMS 0x0000000088b00000, 0x0000000088b00000| Untracked 
| 140|0x0000000088c00000, 0x0000000088c00000, 0x0000000088d00000|  0%| F|  |TAMS 0x0000000088c00000, 0x0000000088c00000| Untracked 
| 141|0x0000000088d00000, 0x0000000088d00000, 0x0000000088e00000|  0%| F|  |TAMS 0x0000000088d00000, 0x0000000088d00000| Untracked 
| 142|0x0000000088e00000, 0x0000000088e00000, 0x0000000088f00000|  0%| F|  |TAMS 0x0000000088e00000, 0x0000000088e00000| Untracked 
| 143|0x0000000088f00000, 0x0000000089000000, 0x0000000089000000|100%| S|CS|TAMS 0x0000000088f00000, 0x0000000088f00000| Complete 
| 144|0x0000000089000000, 0x0000000089100000, 0x0000000089100000|100%| S|CS|TAMS 0x0000000089000000, 0x0000000089000000| Complete 
| 145|0x0000000089100000, 0x0000000089200000, 0x0000000089200000|100%| S|CS|TAMS 0x0000000089100000, 0x0000000089100000| Complete 
| 146|0x0000000089200000, 0x0000000089300000, 0x0000000089300000|100%| S|CS|TAMS 0x0000000089200000, 0x0000000089200000| Complete 
| 147|0x0000000089300000, 0x0000000089400000, 0x0000000089400000|100%| S|CS|TAMS 0x0000000089300000, 0x0000000089300000| Complete 
| 148|0x0000000089400000, 0x0000000089400000, 0x0000000089500000|  0%| F|  |TAMS 0x0000000089400000, 0x0000000089400000| Untracked 
| 149|0x0000000089500000, 0x0000000089500000, 0x0000000089600000|  0%| F|  |TAMS 0x0000000089500000, 0x0000000089500000| Untracked 
| 150|0x0000000089600000, 0x0000000089600000, 0x0000000089700000|  0%| F|  |TAMS 0x0000000089600000, 0x0000000089600000| Untracked 
| 151|0x0000000089700000, 0x0000000089700000, 0x0000000089800000|  0%| F|  |TAMS 0x0000000089700000, 0x0000000089700000| Untracked 
| 152|0x0000000089800000, 0x0000000089800000, 0x0000000089900000|  0%| F|  |TAMS 0x0000000089800000, 0x0000000089800000| Untracked 
| 153|0x0000000089900000, 0x0000000089900000, 0x0000000089a00000|  0%| F|  |TAMS 0x0000000089900000, 0x0000000089900000| Untracked 
| 154|0x0000000089a00000, 0x0000000089a00000, 0x0000000089b00000|  0%| F|  |TAMS 0x0000000089a00000, 0x0000000089a00000| Untracked 
| 155|0x0000000089b00000, 0x0000000089b00000, 0x0000000089c00000|  0%| F|  |TAMS 0x0000000089b00000, 0x0000000089b00000| Untracked 
| 156|0x0000000089c00000, 0x0000000089c00000, 0x0000000089d00000|  0%| F|  |TAMS 0x0000000089c00000, 0x0000000089c00000| Untracked 
| 157|0x0000000089d00000, 0x0000000089d00000, 0x0000000089e00000|  0%| F|  |TAMS 0x0000000089d00000, 0x0000000089d00000| Untracked 
| 158|0x0000000089e00000, 0x0000000089e00000, 0x0000000089f00000|  0%| F|  |TAMS 0x0000000089e00000, 0x0000000089e00000| Untracked 
| 159|0x0000000089f00000, 0x0000000089f00000, 0x000000008a000000|  0%| F|  |TAMS 0x0000000089f00000, 0x0000000089f00000| Untracked 
| 160|0x000000008a000000, 0x000000008a000000, 0x000000008a100000|  0%| F|  |TAMS 0x000000008a000000, 0x000000008a000000| Untracked 
| 161|0x000000008a100000, 0x000000008a100000, 0x000000008a200000|  0%| F|  |TAMS 0x000000008a100000, 0x000000008a100000| Untracked 
| 162|0x000000008a200000, 0x000000008a200000, 0x000000008a300000|  0%| F|  |TAMS 0x000000008a200000, 0x000000008a200000| Untracked 
| 163|0x000000008a300000, 0x000000008a300000, 0x000000008a400000|  0%| F|  |TAMS 0x000000008a300000, 0x000000008a300000| Untracked 
| 164|0x000000008a400000, 0x000000008a400000, 0x000000008a500000|  0%| F|  |TAMS 0x000000008a400000, 0x000000008a400000| Untracked 
| 165|0x000000008a500000, 0x000000008a500000, 0x000000008a600000|  0%| F|  |TAMS 0x000000008a500000, 0x000000008a500000| Untracked 
| 166|0x000000008a600000, 0x000000008a600000, 0x000000008a700000|  0%| F|  |TAMS 0x000000008a600000, 0x000000008a600000| Untracked 
| 167|0x000000008a700000, 0x000000008a700000, 0x000000008a800000|  0%| F|  |TAMS 0x000000008a700000, 0x000000008a700000| Untracked 
| 168|0x000000008a800000, 0x000000008a800000, 0x000000008a900000|  0%| F|  |TAMS 0x000000008a800000, 0x000000008a800000| Untracked 
| 169|0x000000008a900000, 0x000000008a900000, 0x000000008aa00000|  0%| F|  |TAMS 0x000000008a900000, 0x000000008a900000| Untracked 
| 170|0x000000008aa00000, 0x000000008aa00000, 0x000000008ab00000|  0%| F|  |TAMS 0x000000008aa00000, 0x000000008aa00000| Untracked 
| 171|0x000000008ab00000, 0x000000008ab00000, 0x000000008ac00000|  0%| F|  |TAMS 0x000000008ab00000, 0x000000008ab00000| Untracked 
| 172|0x000000008ac00000, 0x000000008ac00000, 0x000000008ad00000|  0%| F|  |TAMS 0x000000008ac00000, 0x000000008ac00000| Untracked 
| 173|0x000000008ad00000, 0x000000008ad00000, 0x000000008ae00000|  0%| F|  |TAMS 0x000000008ad00000, 0x000000008ad00000| Untracked 
| 174|0x000000008ae00000, 0x000000008ae00000, 0x000000008af00000|  0%| F|  |TAMS 0x000000008ae00000, 0x000000008ae00000| Untracked 
| 175|0x000000008af00000, 0x000000008af00000, 0x000000008b000000|  0%| F|  |TAMS 0x000000008af00000, 0x000000008af00000| Untracked 
| 176|0x000000008b000000, 0x000000008b000000, 0x000000008b100000|  0%| F|  |TAMS 0x000000008b000000, 0x000000008b000000| Untracked 
| 177|0x000000008b100000, 0x000000008b100000, 0x000000008b200000|  0%| F|  |TAMS 0x000000008b100000, 0x000000008b100000| Untracked 
| 178|0x000000008b200000, 0x000000008b200000, 0x000000008b300000|  0%| F|  |TAMS 0x000000008b200000, 0x000000008b200000| Untracked 
| 179|0x000000008b300000, 0x000000008b300000, 0x000000008b400000|  0%| F|  |TAMS 0x000000008b300000, 0x000000008b300000| Untracked 
| 180|0x000000008b400000, 0x000000008b400000, 0x000000008b500000|  0%| F|  |TAMS 0x000000008b400000, 0x000000008b400000| Untracked 
| 181|0x000000008b500000, 0x000000008b500000, 0x000000008b600000|  0%| F|  |TAMS 0x000000008b500000, 0x000000008b500000| Untracked 
| 182|0x000000008b600000, 0x000000008b600000, 0x000000008b700000|  0%| F|  |TAMS 0x000000008b600000, 0x000000008b600000| Untracked 
| 183|0x000000008b700000, 0x000000008b700000, 0x000000008b800000|  0%| F|  |TAMS 0x000000008b700000, 0x000000008b700000| Untracked 
| 184|0x000000008b800000, 0x000000008b800000, 0x000000008b900000|  0%| F|  |TAMS 0x000000008b800000, 0x000000008b800000| Untracked 
| 185|0x000000008b900000, 0x000000008b900000, 0x000000008ba00000|  0%| F|  |TAMS 0x000000008b900000, 0x000000008b900000| Untracked 
| 186|0x000000008ba00000, 0x000000008ba00000, 0x000000008bb00000|  0%| F|  |TAMS 0x000000008ba00000, 0x000000008ba00000| Untracked 
| 187|0x000000008bb00000, 0x000000008bb00000, 0x000000008bc00000|  0%| F|  |TAMS 0x000000008bb00000, 0x000000008bb00000| Untracked 
| 188|0x000000008bc00000, 0x000000008bc00000, 0x000000008bd00000|  0%| F|  |TAMS 0x000000008bc00000, 0x000000008bc00000| Untracked 
| 189|0x000000008bd00000, 0x000000008bd00000, 0x000000008be00000|  0%| F|  |TAMS 0x000000008bd00000, 0x000000008bd00000| Untracked 
| 190|0x000000008be00000, 0x000000008be00000, 0x000000008bf00000|  0%| F|  |TAMS 0x000000008be00000, 0x000000008be00000| Untracked 
| 191|0x000000008bf00000, 0x000000008bf00000, 0x000000008c000000|  0%| F|  |TAMS 0x000000008bf00000, 0x000000008bf00000| Untracked 
| 192|0x000000008c000000, 0x000000008c000000, 0x000000008c100000|  0%| F|  |TAMS 0x000000008c000000, 0x000000008c000000| Untracked 
| 193|0x000000008c100000, 0x000000008c100000, 0x000000008c200000|  0%| F|  |TAMS 0x000000008c100000, 0x000000008c100000| Untracked 
| 194|0x000000008c200000, 0x000000008c200000, 0x000000008c300000|  0%| F|  |TAMS 0x000000008c200000, 0x000000008c200000| Untracked 
| 195|0x000000008c300000, 0x000000008c300000, 0x000000008c400000|  0%| F|  |TAMS 0x000000008c300000, 0x000000008c300000| Untracked 
| 196|0x000000008c400000, 0x000000008c400000, 0x000000008c500000|  0%| F|  |TAMS 0x000000008c400000, 0x000000008c400000| Untracked 
| 197|0x000000008c500000, 0x000000008c500000, 0x000000008c600000|  0%| F|  |TAMS 0x000000008c500000, 0x000000008c500000| Untracked 
| 198|0x000000008c600000, 0x000000008c600000, 0x000000008c700000|  0%| F|  |TAMS 0x000000008c600000, 0x000000008c600000| Untracked 
| 199|0x000000008c700000, 0x000000008c700000, 0x000000008c800000|  0%| F|  |TAMS 0x000000008c700000, 0x000000008c700000| Untracked 
| 200|0x000000008c800000, 0x000000008c800000, 0x000000008c900000|  0%| F|  |TAMS 0x000000008c800000, 0x000000008c800000| Untracked 
| 201|0x000000008c900000, 0x000000008c900000, 0x000000008ca00000|  0%| F|  |TAMS 0x000000008c900000, 0x000000008c900000| Untracked 
| 202|0x000000008ca00000, 0x000000008ca00000, 0x000000008cb00000|  0%| F|  |TAMS 0x000000008ca00000, 0x000000008ca00000| Untracked 
| 203|0x000000008cb00000, 0x000000008cb00000, 0x000000008cc00000|  0%| F|  |TAMS 0x000000008cb00000, 0x000000008cb00000| Untracked 
| 204|0x000000008cc00000, 0x000000008cc00000, 0x000000008cd00000|  0%| F|  |TAMS 0x000000008cc00000, 0x000000008cc00000| Untracked 
| 205|0x000000008cd00000, 0x000000008cd00000, 0x000000008ce00000|  0%| F|  |TAMS 0x000000008cd00000, 0x000000008cd00000| Untracked 
| 206|0x000000008ce00000, 0x000000008ce00000, 0x000000008cf00000|  0%| F|  |TAMS 0x000000008ce00000, 0x000000008ce00000| Untracked 
| 207|0x000000008cf00000, 0x000000008cf869c0, 0x000000008d000000| 52%| E|  |TAMS 0x000000008cf00000, 0x000000008cf00000| Complete 
| 208|0x000000008d000000, 0x000000008d100000, 0x000000008d100000|100%| E|CS|TAMS 0x000000008d000000, 0x000000008d000000| Complete 
| 209|0x000000008d100000, 0x000000008d200000, 0x000000008d200000|100%| E|CS|TAMS 0x000000008d100000, 0x000000008d100000| Complete 
| 210|0x000000008d200000, 0x000000008d300000, 0x000000008d300000|100%| E|CS|TAMS 0x000000008d200000, 0x000000008d200000| Complete 
| 211|0x000000008d300000, 0x000000008d400000, 0x000000008d400000|100%| E|CS|TAMS 0x000000008d300000, 0x000000008d300000| Complete 
| 212|0x000000008d400000, 0x000000008d500000, 0x000000008d500000|100%| E|CS|TAMS 0x000000008d400000, 0x000000008d400000| Complete 
| 213|0x000000008d500000, 0x000000008d600000, 0x000000008d600000|100%| E|CS|TAMS 0x000000008d500000, 0x000000008d500000| Complete 
| 214|0x000000008d600000, 0x000000008d700000, 0x000000008d700000|100%| E|CS|TAMS 0x000000008d600000, 0x000000008d600000| Complete 
| 215|0x000000008d700000, 0x000000008d800000, 0x000000008d800000|100%| E|CS|TAMS 0x000000008d700000, 0x000000008d700000| Complete 
| 216|0x000000008d800000, 0x000000008d900000, 0x000000008d900000|100%| E|CS|TAMS 0x000000008d800000, 0x000000008d800000| Complete 
| 217|0x000000008d900000, 0x000000008da00000, 0x000000008da00000|100%| E|CS|TAMS 0x000000008d900000, 0x000000008d900000| Complete 
| 218|0x000000008da00000, 0x000000008db00000, 0x000000008db00000|100%| E|CS|TAMS 0x000000008da00000, 0x000000008da00000| Complete 
| 219|0x000000008db00000, 0x000000008dc00000, 0x000000008dc00000|100%| E|CS|TAMS 0x000000008db00000, 0x000000008db00000| Complete 
| 220|0x000000008dc00000, 0x000000008dd00000, 0x000000008dd00000|100%| E|CS|TAMS 0x000000008dc00000, 0x000000008dc00000| Complete 
| 221|0x000000008dd00000, 0x000000008de00000, 0x000000008de00000|100%| E|CS|TAMS 0x000000008dd00000, 0x000000008dd00000| Complete 
| 222|0x000000008de00000, 0x000000008df00000, 0x000000008df00000|100%| E|CS|TAMS 0x000000008de00000, 0x000000008de00000| Complete 
| 223|0x000000008df00000, 0x000000008e000000, 0x000000008e000000|100%| E|CS|TAMS 0x000000008df00000, 0x000000008df00000| Complete 
| 224|0x000000008e000000, 0x000000008e100000, 0x000000008e100000|100%| E|CS|TAMS 0x000000008e000000, 0x000000008e000000| Complete 
| 225|0x000000008e100000, 0x000000008e200000, 0x000000008e200000|100%| E|CS|TAMS 0x000000008e100000, 0x000000008e100000| Complete 
| 226|0x000000008e200000, 0x000000008e300000, 0x000000008e300000|100%| E|CS|TAMS 0x000000008e200000, 0x000000008e200000| Complete 
| 227|0x000000008e300000, 0x000000008e400000, 0x000000008e400000|100%| E|CS|TAMS 0x000000008e300000, 0x000000008e300000| Complete 
| 228|0x000000008e400000, 0x000000008e500000, 0x000000008e500000|100%| E|CS|TAMS 0x000000008e400000, 0x000000008e400000| Complete 
| 229|0x000000008e500000, 0x000000008e600000, 0x000000008e600000|100%| E|CS|TAMS 0x000000008e500000, 0x000000008e500000| Complete 
| 230|0x000000008e600000, 0x000000008e700000, 0x000000008e700000|100%| E|CS|TAMS 0x000000008e600000, 0x000000008e600000| Complete 
| 231|0x000000008e700000, 0x000000008e800000, 0x000000008e800000|100%| E|CS|TAMS 0x000000008e700000, 0x000000008e700000| Complete 
| 232|0x000000008e800000, 0x000000008e900000, 0x000000008e900000|100%| E|CS|TAMS 0x000000008e800000, 0x000000008e800000| Complete 
| 233|0x000000008e900000, 0x000000008ea00000, 0x000000008ea00000|100%| E|CS|TAMS 0x000000008e900000, 0x000000008e900000| Complete 
| 234|0x000000008ea00000, 0x000000008eb00000, 0x000000008eb00000|100%| E|CS|TAMS 0x000000008ea00000, 0x000000008ea00000| Complete 
| 235|0x000000008eb00000, 0x000000008ec00000, 0x000000008ec00000|100%| E|CS|TAMS 0x000000008eb00000, 0x000000008eb00000| Complete 
| 236|0x000000008ec00000, 0x000000008ed00000, 0x000000008ed00000|100%| E|CS|TAMS 0x000000008ec00000, 0x000000008ec00000| Complete 
| 237|0x000000008ed00000, 0x000000008ee00000, 0x000000008ee00000|100%| E|CS|TAMS 0x000000008ed00000, 0x000000008ed00000| Complete 
| 238|0x000000008ee00000, 0x000000008ef00000, 0x000000008ef00000|100%| E|CS|TAMS 0x000000008ee00000, 0x000000008ee00000| Complete 
| 239|0x000000008ef00000, 0x000000008f000000, 0x000000008f000000|100%| E|CS|TAMS 0x000000008ef00000, 0x000000008ef00000| Complete 
| 240|0x000000008f000000, 0x000000008f100000, 0x000000008f100000|100%| E|CS|TAMS 0x000000008f000000, 0x000000008f000000| Complete 
| 241|0x000000008f100000, 0x000000008f200000, 0x000000008f200000|100%| E|CS|TAMS 0x000000008f100000, 0x000000008f100000| Complete 
| 242|0x000000008f200000, 0x000000008f300000, 0x000000008f300000|100%| E|CS|TAMS 0x000000008f200000, 0x000000008f200000| Complete 
| 243|0x000000008f300000, 0x000000008f400000, 0x000000008f400000|100%| E|CS|TAMS 0x000000008f300000, 0x000000008f300000| Complete 
| 244|0x000000008f400000, 0x000000008f500000, 0x000000008f500000|100%| E|CS|TAMS 0x000000008f400000, 0x000000008f400000| Complete 
| 245|0x000000008f500000, 0x000000008f600000, 0x000000008f600000|100%| E|CS|TAMS 0x000000008f500000, 0x000000008f500000| Complete 
| 246|0x000000008f600000, 0x000000008f700000, 0x000000008f700000|100%| E|CS|TAMS 0x000000008f600000, 0x000000008f600000| Complete 
| 247|0x000000008f700000, 0x000000008f800000, 0x000000008f800000|100%| E|CS|TAMS 0x000000008f700000, 0x000000008f700000| Complete 

Card table byte_map: [0x000002b65e770000,0x000002b65eb70000] _byte_map_base: 0x000002b65e370000

Marking Bits (Prev, Next): (CMBitMap*) 0x000002b6478d2520, (CMBitMap*) 0x000002b6478d2560
 Prev Bits: [0x000002b65ef70000, 0x000002b660f70000)
 Next Bits: [0x000002b660f70000, 0x000002b662f70000)

Polling page: 0x000002b647030000

Metaspace:

Usage:
  Non-class:     58.85 MB used.
      Class:      9.71 MB used.
       Both:     68.56 MB used.

Virtual space:
  Non-class space:       64.00 MB reserved,      59.25 MB ( 93%) committed,  1 nodes.
      Class space:      416.00 MB reserved,      10.06 MB (  2%) committed,  1 nodes.
             Both:      480.00 MB reserved,      69.31 MB ( 14%) committed. 

Chunk freelists:
   Non-Class:  4.57 MB
       Class:  5.96 MB
        Both:  10.54 MB

MaxMetaspaceSize: 512.00 MB
CompressedClassSpaceSize: 416.00 MB
Initial GC threshold: 21.00 MB
Current GC threshold: 106.38 MB
CDS: on
MetaspaceReclaimPolicy: balanced
 - commit_granule_bytes: 65536.
 - commit_granule_words: 8192.
 - virtual_space_node_default_size: 8388608.
 - enlarge_chunks_in_place: 1.
 - new_chunks_are_fully_committed: 0.
 - uncommit_free_chunks: 1.
 - use_allocation_guard: 0.
 - handle_deallocations: 1.


Internal statistics:

num_allocs_failed_limit: 6.
num_arena_births: 1044.
num_arena_deaths: 0.
num_vsnodes_births: 2.
num_vsnodes_deaths: 0.
num_space_committed: 1109.
num_space_uncommitted: 0.
num_chunks_returned_to_freelist: 6.
num_chunks_taken_from_freelist: 4146.
num_chunk_merges: 6.
num_chunk_splits: 2638.
num_chunks_enlarged: 1643.
num_inconsistent_stats: 0.

CodeHeap 'non-profiled nmethods': size=120000Kb used=5091Kb max_used=5619Kb free=114908Kb
 bounds [0x000002b656e40000, 0x000002b6573c0000, 0x000002b65e370000]
CodeHeap 'profiled nmethods': size=120000Kb used=17121Kb max_used=19389Kb free=102878Kb
 bounds [0x000002b64f370000, 0x000002b650660000, 0x000002b6568a0000]
CodeHeap 'non-nmethods': size=5760Kb used=2369Kb max_used=2427Kb free=3390Kb
 bounds [0x000002b6568a0000, 0x000002b656b10000, 0x000002b656e40000]
 total_blobs=9988 nmethods=9089 adapters=811
 compilation: enabled
              stopped_count=0, restarted_count=0
 full_count=0

Compilation events (20 events):
Event: 33.239 Thread 0x000002b665433090 nmethod 10704 0x000002b64f47af10 code [0x000002b64f47b240, 0x000002b64f47c428]
Event: 33.239 Thread 0x000002b665433090 10705       3       jdk.internal.loader.URLClassPath$Loader::<init> (10 bytes)
Event: 33.239 Thread 0x000002b665433090 nmethod 10705 0x000002b64f3dc510 code [0x000002b64f3dc6a0, 0x000002b64f3dc858]
Event: 33.449 Thread 0x000002b665431f30 nmethod 10691 0x000002b656f46510 code [0x000002b656f469c0, 0x000002b656f4c5c0]
Event: 33.449 Thread 0x000002b665431f30 10696       4       java.net.URI$Parser::scan (41 bytes)
Event: 33.453 Thread 0x000002b665431f30 nmethod 10696 0x000002b657057b90 code [0x000002b657057d20, 0x000002b657057fc8]
Event: 33.453 Thread 0x000002b665431f30 10692       4       org.gradle.cache.internal.ExclusiveCacheAccessingWorker$1::call (10 bytes)
Event: 33.485 Thread 0x000002b66aa56420 nmethod 10671 0x000002b656f58910 code [0x000002b656f59100, 0x000002b656f61920]
Event: 33.511 Thread 0x000002b665433090 10706   !   3       jdk.internal.loader.URLClassPath$JarLoader$1::run (175 bytes)
Event: 33.511 Thread 0x000002b665433090 nmethod 10706 0x000002b64f4bd390 code [0x000002b64f4bd5c0, 0x000002b64f4bdd38]
Event: 33.511 Thread 0x000002b665433090 10707       3       jdk.internal.loader.URLClassPath$JarLoader::getJarFile (102 bytes)
Event: 33.512 Thread 0x000002b665433090 nmethod 10707 0x000002b64f811b10 code [0x000002b64f811de0, 0x000002b64f812b48]
Event: 33.512 Thread 0x000002b665433090 10708       3       jdk.internal.loader.URLClassPath$JarLoader::isOptimizable (10 bytes)
Event: 33.512 Thread 0x000002b665433090 nmethod 10708 0x000002b64f411910 code [0x000002b64f411ac0, 0x000002b64f411c28]
Event: 33.512 Thread 0x000002b665433090 10709       3       jdk.internal.loader.FileURLMapper::<init> (10 bytes)
Event: 33.512 Thread 0x000002b665433090 nmethod 10709 0x000002b64f412090 code [0x000002b64f412220, 0x000002b64f4123d8]
Event: 33.512 Thread 0x000002b665433090 10710       3       jdk.internal.loader.FileURLMapper::exists (19 bytes)
Event: 33.513 Thread 0x000002b665433090 nmethod 10710 0x000002b64f55ca90 code [0x000002b64f55cca0, 0x000002b64f55d308]
Event: 33.513 Thread 0x000002b665433090 10711       3       sun.management.MemoryPoolImpl::getObjectName (10 bytes)
Event: 33.515 Thread 0x000002b665433090 nmethod 10711 0x000002b64f494990 code [0x000002b64f494d80, 0x000002b64f496ad8]

GC Heap History (20 events):
Event: 27.499 GC heap before
{Heap before GC invocations=30 (full 0):
 garbage-first heap   total 116736K, used 90656K [0x0000000080000000, 0x0000000100000000)
  region size 1024K, 28 young (28672K), 4 survivors (4096K)
 Metaspace       used 63025K, committed 63808K, reserved 491520K
  class space    used 8911K, committed 9280K, reserved 425984K
}
Event: 27.505 GC heap after
{Heap after GC invocations=31 (full 0):
 garbage-first heap   total 116736K, used 69074K [0x0000000080000000, 0x0000000100000000)
  region size 1024K, 4 young (4096K), 4 survivors (4096K)
 Metaspace       used 63025K, committed 63808K, reserved 491520K
  class space    used 8911K, committed 9280K, reserved 425984K
}
Event: 27.515 GC heap before
{Heap before GC invocations=31 (full 0):
 garbage-first heap   total 116736K, used 70098K [0x0000000080000000, 0x0000000100000000)
  region size 1024K, 5 young (5120K), 4 survivors (4096K)
 Metaspace       used 63025K, committed 63808K, reserved 491520K
  class space    used 8911K, committed 9280K, reserved 425984K
}
Event: 27.520 GC heap after
{Heap after GC invocations=32 (full 0):
 garbage-first heap   total 116736K, used 68422K [0x0000000080000000, 0x0000000100000000)
  region size 1024K, 1 young (1024K), 1 survivors (1024K)
 Metaspace       used 63025K, committed 63808K, reserved 491520K
  class space    used 8911K, committed 9280K, reserved 425984K
}
Event: 28.160 GC heap before
{Heap before GC invocations=32 (full 0):
 garbage-first heap   total 116736K, used 94022K [0x0000000080000000, 0x0000000100000000)
  region size 1024K, 26 young (26624K), 1 survivors (1024K)
 Metaspace       used 64287K, committed 65024K, reserved 491520K
  class space    used 9106K, committed 9472K, reserved 425984K
}
Event: 28.166 GC heap after
{Heap after GC invocations=33 (full 0):
 garbage-first heap   total 116736K, used 70952K [0x0000000080000000, 0x0000000100000000)
  region size 1024K, 4 young (4096K), 4 survivors (4096K)
 Metaspace       used 64287K, committed 65024K, reserved 491520K
  class space    used 9106K, committed 9472K, reserved 425984K
}
Event: 29.059 GC heap before
{Heap before GC invocations=34 (full 0):
 garbage-first heap   total 126976K, used 93480K [0x0000000080000000, 0x0000000100000000)
  region size 1024K, 26 young (26624K), 4 survivors (4096K)
 Metaspace       used 65919K, committed 66688K, reserved 491520K
  class space    used 9341K, committed 9728K, reserved 425984K
}
Event: 29.065 GC heap after
{Heap after GC invocations=35 (full 0):
 garbage-first heap   total 126976K, used 72586K [0x0000000080000000, 0x0000000100000000)
  region size 1024K, 2 young (2048K), 2 survivors (2048K)
 Metaspace       used 65919K, committed 66688K, reserved 491520K
  class space    used 9341K, committed 9728K, reserved 425984K
}
Event: 29.141 GC heap before
{Heap before GC invocations=35 (full 0):
 garbage-first heap   total 126976K, used 76682K [0x0000000080000000, 0x0000000100000000)
  region size 1024K, 6 young (6144K), 2 survivors (2048K)
 Metaspace       used 66156K, committed 66880K, reserved 491520K
  class space    used 9375K, committed 9728K, reserved 425984K
}
Event: 29.144 GC heap after
{Heap after GC invocations=36 (full 0):
 garbage-first heap   total 126976K, used 72333K [0x0000000080000000, 0x0000000100000000)
  region size 1024K, 1 young (1024K), 1 survivors (1024K)
 Metaspace       used 66156K, committed 66880K, reserved 491520K
  class space    used 9375K, committed 9728K, reserved 425984K
}
Event: 29.891 GC heap before
{Heap before GC invocations=36 (full 0):
 garbage-first heap   total 126976K, used 99981K [0x0000000080000000, 0x0000000100000000)
  region size 1024K, 29 young (29696K), 1 survivors (1024K)
 Metaspace       used 68142K, committed 68928K, reserved 491520K
  class space    used 9747K, committed 10112K, reserved 425984K
}
Event: 29.896 GC heap after
{Heap after GC invocations=37 (full 0):
 garbage-first heap   total 126976K, used 75789K [0x0000000080000000, 0x0000000100000000)
  region size 1024K, 4 young (4096K), 4 survivors (4096K)
 Metaspace       used 68142K, committed 68928K, reserved 491520K
  class space    used 9747K, committed 10112K, reserved 425984K
}
Event: 30.292 GC heap before
{Heap before GC invocations=37 (full 0):
 garbage-first heap   total 126976K, used 102413K [0x0000000080000000, 0x0000000100000000)
  region size 1024K, 30 young (30720K), 4 survivors (4096K)
 Metaspace       used 69258K, committed 70016K, reserved 491520K
  class space    used 9892K, committed 10240K, reserved 425984K
}
Event: 30.299 GC heap after
{Heap after GC invocations=38 (full 0):
 garbage-first heap   total 126976K, used 78051K [0x0000000080000000, 0x0000000100000000)
  region size 1024K, 4 young (4096K), 4 survivors (4096K)
 Metaspace       used 69258K, committed 70016K, reserved 491520K
  class space    used 9892K, committed 10240K, reserved 425984K
}
Event: 31.134 GC heap before
{Heap before GC invocations=38 (full 0):
 garbage-first heap   total 126976K, used 102627K [0x0000000080000000, 0x0000000100000000)
  region size 1024K, 28 young (28672K), 4 survivors (4096K)
 Metaspace       used 69924K, committed 70720K, reserved 491520K
  class space    used 9936K, committed 10304K, reserved 425984K
}
Event: 31.147 GC heap after
{Heap after GC invocations=39 (full 0):
 garbage-first heap   total 126976K, used 81843K [0x0000000080000000, 0x0000000100000000)
  region size 1024K, 4 young (4096K), 4 survivors (4096K)
 Metaspace       used 69924K, committed 70720K, reserved 491520K
  class space    used 9936K, committed 10304K, reserved 425984K
}
Event: 31.729 GC heap before
{Heap before GC invocations=39 (full 0):
 garbage-first heap   total 126976K, used 102323K [0x0000000080000000, 0x0000000100000000)
  region size 1024K, 25 young (25600K), 4 survivors (4096K)
 Metaspace       used 70096K, committed 70912K, reserved 491520K
  class space    used 9937K, committed 10304K, reserved 425984K
}
Event: 31.736 GC heap after
{Heap after GC invocations=40 (full 0):
 garbage-first heap   total 253952K, used 84687K [0x0000000080000000, 0x0000000100000000)
  region size 1024K, 3 young (3072K), 3 survivors (3072K)
 Metaspace       used 70096K, committed 70912K, reserved 491520K
  class space    used 9937K, committed 10304K, reserved 425984K
}
Event: 32.852 GC heap before
{Heap before GC invocations=40 (full 0):
 garbage-first heap   total 253952K, used 186063K [0x0000000080000000, 0x0000000100000000)
  region size 1024K, 103 young (105472K), 3 survivors (3072K)
 Metaspace       used 70172K, committed 70976K, reserved 491520K
  class space    used 9940K, committed 10304K, reserved 425984K
}
Event: 32.859 GC heap after
{Heap after GC invocations=41 (full 0):
 garbage-first heap   total 253952K, used 86735K [0x0000000080000000, 0x0000000100000000)
  region size 1024K, 5 young (5120K), 5 survivors (5120K)
 Metaspace       used 70172K, committed 70976K, reserved 491520K
  class space    used 9940K, committed 10304K, reserved 425984K
}

Dll operation events (14 events):
Event: 0.030 Loaded shared library C:\Program Files\Microsoft\jdk-17.0.8.7-hotspot\bin\java.dll
Event: 0.079 Loaded shared library C:\Program Files\Microsoft\jdk-17.0.8.7-hotspot\bin\jsvml.dll
Event: 0.191 Loaded shared library C:\Program Files\Microsoft\jdk-17.0.8.7-hotspot\bin\zip.dll
Event: 0.197 Loaded shared library C:\Program Files\Microsoft\jdk-17.0.8.7-hotspot\bin\instrument.dll
Event: 0.202 Loaded shared library C:\Program Files\Microsoft\jdk-17.0.8.7-hotspot\bin\net.dll
Event: 0.203 Loaded shared library C:\Program Files\Microsoft\jdk-17.0.8.7-hotspot\bin\nio.dll
Event: 0.209 Loaded shared library C:\Program Files\Microsoft\jdk-17.0.8.7-hotspot\bin\zip.dll
Event: 0.670 Loaded shared library C:\Program Files\Microsoft\jdk-17.0.8.7-hotspot\bin\jimage.dll
Event: 0.822 Loaded shared library C:\Program Files\Microsoft\jdk-17.0.8.7-hotspot\bin\verify.dll
Event: 1.066 Loaded shared library C:\Users\Asus\.gradle\native\c067742578af261105cb4f569cf0c3c89f3d7b1fecec35dd04571415982c5e48\windows-amd64\native-platform.dll
Event: 1.382 Loaded shared library C:\Users\Asus\.gradle\native\100fb08df4bc3b14c8652ba06237920a3bd2aa13389f12d3474272988ae205f9\windows-amd64\native-platform-file-events.dll
Event: 3.409 Loaded shared library C:\Program Files\Microsoft\jdk-17.0.8.7-hotspot\bin\management.dll
Event: 3.413 Loaded shared library C:\Program Files\Microsoft\jdk-17.0.8.7-hotspot\bin\management_ext.dll
Event: 4.146 Loaded shared library C:\Program Files\Microsoft\jdk-17.0.8.7-hotspot\bin\sunmscapi.dll

Deoptimization events (20 events):
Event: 32.830 Thread 0x000002b66c69a090 DEOPT PACKING pc=0x000002b657340008 sp=0x000000eb3e9fc480
Event: 32.831 Thread 0x000002b66c69a090 DEOPT UNPACKING pc=0x000002b6568f69a3 sp=0x000000eb3e9fc428 mode 2
Event: 32.850 Thread 0x000002b66c694a80 Uncommon trap: trap_request=0xffffffd6 fr.pc=0x000002b6573af334 relative=0x0000000000002834
Event: 32.850 Thread 0x000002b66c694a80 Uncommon trap: reason=array_check action=maybe_recompile pc=0x000002b6573af334 method=java.util.TimSort.reverseRange([Ljava/lang/Object;II)V @ 27 c2
Event: 32.850 Thread 0x000002b66c694a80 DEOPT PACKING pc=0x000002b6573af334 sp=0x000000eb3e4fd830
Event: 32.850 Thread 0x000002b66c694a80 DEOPT UNPACKING pc=0x000002b6568f69a3 sp=0x000000eb3e4fd708 mode 2
Event: 32.850 Thread 0x000002b66c694a80 Uncommon trap: trap_request=0xffffffd6 fr.pc=0x000002b6573af334 relative=0x0000000000002834
Event: 32.850 Thread 0x000002b66c694a80 Uncommon trap: reason=array_check action=maybe_recompile pc=0x000002b6573af334 method=java.util.TimSort.reverseRange([Ljava/lang/Object;II)V @ 27 c2
Event: 32.850 Thread 0x000002b66c694a80 DEOPT PACKING pc=0x000002b6573af334 sp=0x000000eb3e4fd830
Event: 32.850 Thread 0x000002b66c694a80 DEOPT UNPACKING pc=0x000002b6568f69a3 sp=0x000000eb3e4fd708 mode 2
Event: 33.202 Thread 0x000002b66b580710 DEOPT PACKING pc=0x000002b64fc84f59 sp=0x000000eb3caf91e0
Event: 33.202 Thread 0x000002b66b580710 DEOPT UNPACKING pc=0x000002b6568f7143 sp=0x000000eb3caf86d8 mode 0
Event: 33.206 Thread 0x000002b66b580710 DEOPT PACKING pc=0x000002b64fc84f59 sp=0x000000eb3caf91e0
Event: 33.206 Thread 0x000002b66b580710 DEOPT UNPACKING pc=0x000002b6568f7143 sp=0x000000eb3caf86d8 mode 0
Event: 33.209 Thread 0x000002b66b580710 DEOPT PACKING pc=0x000002b64fc84f59 sp=0x000000eb3caf91e0
Event: 33.209 Thread 0x000002b66b580710 DEOPT UNPACKING pc=0x000002b6568f7143 sp=0x000000eb3caf86d8 mode 0
Event: 33.251 Thread 0x000002b66b580710 Uncommon trap: trap_request=0xffffff45 fr.pc=0x000002b656fd1028 relative=0x0000000000001ce8
Event: 33.251 Thread 0x000002b66b580710 Uncommon trap: reason=unstable_if action=reinterpret pc=0x000002b656fd1028 method=java.util.zip.ZipFile.getInputStream(Ljava/util/zip/ZipEntry;)Ljava/io/InputStream; @ 101 c2
Event: 33.251 Thread 0x000002b66b580710 DEOPT PACKING pc=0x000002b656fd1028 sp=0x000000eb3caf7e20
Event: 33.251 Thread 0x000002b66b580710 DEOPT UNPACKING pc=0x000002b6568f69a3 sp=0x000000eb3caf7dd8 mode 2

Classes unloaded (0 events):
No events

Classes redefined (0 events):
No events

Internal exceptions (20 events):
Event: 30.437 Thread 0x000002b66b580710 Exception <a 'java/lang/ClassNotFoundException'{0x0000000087204f88}: org/gradle/api/internal/DefaultDomainObjectCollectionBeanInfo> (0x0000000087204f88) 
thrown [s\src\hotspot\share\classfile\systemDictionary.cpp, line 256]
Event: 30.437 Thread 0x000002b66b580710 Exception <a 'java/lang/ClassNotFoundException'{0x000000008720cd70}: java/util/AbstractCollectionBeanInfo> (0x000000008720cd70) 
thrown [s\src\hotspot\share\classfile\systemDictionary.cpp, line 256]
Event: 30.438 Thread 0x000002b66b580710 Exception <a 'java/lang/ClassNotFoundException'{0x0000000087214b20}: java/util/AbstractCollectionCustomizer> (0x0000000087214b20) 
thrown [s\src\hotspot\share\classfile\systemDictionary.cpp, line 256]
Event: 30.462 Thread 0x000002b66b580710 Exception <a 'java/lang/ClassNotFoundException'{0x0000000087234640}: org/gradle/api/internal/DefaultDomainObjectCollectionCustomizer> (0x0000000087234640) 
thrown [s\src\hotspot\share\classfile\systemDictionary.cpp, line 256]
Event: 30.466 Thread 0x000002b66b580710 Exception <a 'java/lang/ClassNotFoundException'{0x000000008726ad08}: org/gradle/api/internal/DefaultNamedDomainObjectCollectionCustomizer> (0x000000008726ad08) 
thrown [s\src\hotspot\share\classfile\systemDictionary.cpp, line 256]
Event: 30.469 Thread 0x000002b66b580710 Exception <a 'java/lang/ClassNotFoundException'{0x00000000872a9ec8}: org/gradle/api/internal/DefaultNamedDomainObjectListCustomizer> (0x00000000872a9ec8) 
thrown [s\src\hotspot\share\classfile\systemDictionary.cpp, line 256]
Event: 30.472 Thread 0x000002b66b580710 Exception <a 'java/lang/ClassNotFoundException'{0x00000000872e06a8}: org/gradle/api/internal/artifacts/DefaultArtifactRepositoryContainerCustomizer> (0x00000000872e06a8) 
thrown [s\src\hotspot\share\classfile\systemDictionary.cpp, line 256]
Event: 30.474 Thread 0x000002b66b580710 Exception <a 'java/lang/ClassNotFoundException'{0x000000008710b508}: org/gradle/api/internal/artifacts/dsl/DefaultRepositoryHandlerCustomizer> (0x000000008710b508) 
thrown [s\src\hotspot\share\classfile\systemDictionary.cpp, line 256]
Event: 30.476 Thread 0x000002b66b580710 Exception <a 'java/lang/ClassNotFoundException'{0x00000000871437f8}: org/gradle/api/internal/artifacts/dsl/DefaultRepositoryHandler_DecoratedCustomizer> (0x00000000871437f8) 
thrown [s\src\hotspot\share\classfile\systemDictionary.cpp, line 256]
Event: 30.489 Thread 0x000002b66b580710 Exception <a 'java/lang/ClassNotFoundException'{0x00000000871edea0}: org/gradle/api/internal/artifacts/dsl/dependencies/DefaultDependencyHandler_DecoratedBeanInfo> (0x00000000871edea0) 
thrown [s\src\hotspot\share\classfile\systemDictionary.cpp, line 256]
Event: 30.490 Thread 0x000002b66b580710 Exception <a 'java/lang/ClassNotFoundException'{0x0000000087006428}: org/gradle/api/internal/artifacts/dsl/dependencies/DefaultDependencyHandlerBeanInfo> (0x0000000087006428) 
thrown [s\src\hotspot\share\classfile\systemDictionary.cpp, line 256]
Event: 30.490 Thread 0x000002b66b580710 Exception <a 'java/lang/ClassNotFoundException'{0x000000008701df28}: org/gradle/api/internal/artifacts/dsl/dependencies/DefaultDependencyHandlerCustomizer> (0x000000008701df28) 
thrown [s\src\hotspot\share\classfile\systemDictionary.cpp, line 256]
Event: 30.492 Thread 0x000002b66b580710 Exception <a 'java/lang/ClassNotFoundException'{0x000000008705de00}: org/gradle/api/internal/artifacts/dsl/dependencies/DefaultDependencyHandler_DecoratedCustomizer> (0x000000008705de00) 
thrown [s\src\hotspot\share\classfile\systemDictionary.cpp, line 256]
Event: 31.414 Thread 0x000002b66d172180 Exception <a 'sun/nio/fs/WindowsException'{0x000000008744ffc0}> (0x000000008744ffc0) 
thrown [s\src\hotspot\share\prims\jni.cpp, line 516]
Event: 31.415 Thread 0x000002b66d172180 Exception <a 'sun/nio/fs/WindowsException'{0x00000000874522a0}> (0x00000000874522a0) 
thrown [s\src\hotspot\share\prims\jni.cpp, line 516]
Event: 31.415 Thread 0x000002b66d172180 Exception <a 'sun/nio/fs/WindowsException'{0x0000000087454330}> (0x0000000087454330) 
thrown [s\src\hotspot\share\prims\jni.cpp, line 516]
Event: 31.415 Thread 0x000002b66d172180 Exception <a 'sun/nio/fs/WindowsException'{0x0000000087456238}> (0x0000000087456238) 
thrown [s\src\hotspot\share\prims\jni.cpp, line 516]
Event: 31.840 Thread 0x000002b66c696df0 Implicit null exception at 0x000002b65734e0b3 to 0x000002b65734e71c
Event: 33.232 Thread 0x000002b66b580710 Exception <a 'java/lang/ClassNotFoundException'{0x000000008d257aa8}: build_9fhodndfqxoldgosnd1ed8pkpBeanInfo> (0x000000008d257aa8) 
thrown [s\src\hotspot\share\classfile\systemDictionary.cpp, line 256]
Event: 33.232 Thread 0x000002b66b580710 Exception <a 'java/lang/ClassNotFoundException'{0x000000008d25ed20}: build_9fhodndfqxoldgosnd1ed8pkpCustomizer> (0x000000008d25ed20) 
thrown [s\src\hotspot\share\classfile\systemDictionary.cpp, line 256]

VM Operations (20 events):
Event: 30.903 Executing VM operation: ICBufferFull
Event: 30.903 Executing VM operation: ICBufferFull done
Event: 31.134 Executing VM operation: G1CollectForAllocation
Event: 31.147 Executing VM operation: G1CollectForAllocation done
Event: 31.729 Executing VM operation: G1CollectForAllocation
Event: 31.738 Executing VM operation: G1CollectForAllocation done
Event: 32.600 Executing VM operation: ICBufferFull
Event: 32.601 Executing VM operation: ICBufferFull done
Event: 32.601 Executing VM operation: ICBufferFull
Event: 32.601 Executing VM operation: ICBufferFull done
Event: 32.852 Executing VM operation: G1CollectForAllocation
Event: 32.860 Executing VM operation: G1CollectForAllocation done
Event: 32.954 Executing VM operation: HandshakeAllThreads
Event: 32.954 Executing VM operation: HandshakeAllThreads done
Event: 32.971 Executing VM operation: HandshakeAllThreads
Event: 32.971 Executing VM operation: HandshakeAllThreads done
Event: 32.989 Executing VM operation: HandshakeAllThreads
Event: 32.989 Executing VM operation: HandshakeAllThreads done
Event: 33.222 Executing VM operation: ICBufferFull
Event: 33.222 Executing VM operation: ICBufferFull done

Events (20 events):
Event: 33.000 Thread 0x000002b6655a8070 flushing nmethod 0x000002b6502aaa10
Event: 33.000 Thread 0x000002b6655a8070 flushing nmethod 0x000002b6502ada90
Event: 33.000 Thread 0x000002b6655a8070 flushing nmethod 0x000002b6502b6890
Event: 33.000 Thread 0x000002b6655a8070 flushing nmethod 0x000002b6502b8190
Event: 33.000 Thread 0x000002b6655a8070 flushing nmethod 0x000002b6502b9710
Event: 33.000 Thread 0x000002b6655a8070 flushing nmethod 0x000002b6502e1290
Event: 33.000 Thread 0x000002b6655a8070 flushing nmethod 0x000002b6502f8390
Event: 33.000 Thread 0x000002b6655a8070 flushing nmethod 0x000002b650302410
Event: 33.000 Thread 0x000002b6655a8070 flushing nmethod 0x000002b650312210
Event: 33.000 Thread 0x000002b6655a8070 flushing nmethod 0x000002b650313b10
Event: 33.000 Thread 0x000002b6655a8070 flushing nmethod 0x000002b650313e90
Event: 33.000 Thread 0x000002b6655a8070 flushing nmethod 0x000002b650341710
Event: 33.000 Thread 0x000002b6655a8070 flushing nmethod 0x000002b650366010
Event: 33.001 Thread 0x000002b6655a8070 flushing nmethod 0x000002b6503a3290
Event: 33.001 Thread 0x000002b6655a8070 flushing nmethod 0x000002b6503afb90
Event: 33.001 Thread 0x000002b6655a8070 flushing nmethod 0x000002b6503e2890
Event: 33.001 Thread 0x000002b6655a8070 flushing nmethod 0x000002b6504f0390
Event: 33.002 Thread 0x000002b6655a8070 flushing nmethod 0x000002b65057e890
Event: 33.002 Thread 0x000002b6655a8070 flushing nmethod 0x000002b6505e9690
Event: 33.222 Thread 0x000002b66cb56780 Thread added: 0x000002b66cb56780


Dynamic libraries:
0x00007ff7cb520000 - 0x00007ff7cb52e000 	C:\Program Files\Microsoft\jdk-17.0.8.7-hotspot\bin\java.exe
0x00007ffb0cf90000 - 0x00007ffb0d188000 	C:\Windows\SYSTEM32\ntdll.dll
0x00007ffb0c250000 - 0x00007ffb0c311000 	C:\Windows\System32\KERNEL32.DLL
0x00007ffb0a640000 - 0x00007ffb0a93d000 	C:\Windows\System32\KERNELBASE.dll
0x00007ffb0ae50000 - 0x00007ffb0af50000 	C:\Windows\System32\ucrtbase.dll
0x00007ffb01270000 - 0x00007ffb01287000 	C:\Program Files\Microsoft\jdk-17.0.8.7-hotspot\bin\jli.dll
0x00007ffb0c5d0000 - 0x00007ffb0c76d000 	C:\Windows\System32\USER32.dll
0x00007ffb0ad00000 - 0x00007ffb0ad22000 	C:\Windows\System32\win32u.dll
0x00007ffb0ba90000 - 0x00007ffb0babb000 	C:\Windows\System32\GDI32.dll
0x00007ffb0ad30000 - 0x00007ffb0ae47000 	C:\Windows\System32\gdi32full.dll
0x00007ffb0a970000 - 0x00007ffb0aa0d000 	C:\Windows\System32\msvcp_win.dll
0x00007ffaf31e0000 - 0x00007ffaf31fb000 	C:\Program Files\Microsoft\jdk-17.0.8.7-hotspot\bin\VCRUNTIME140.dll
0x00007ffaf3200000 - 0x00007ffaf349a000 	C:\Windows\WinSxS\amd64_microsoft.windows.common-controls_6595b64144ccf1df_6.0.19041.4355_none_60b8b9eb71f62e16\COMCTL32.dll
0x00007ffb0bbc0000 - 0x00007ffb0bc5e000 	C:\Windows\System32\msvcrt.dll
0x00007ffb0bb90000 - 0x00007ffb0bbbf000 	C:\Windows\System32\IMM32.DLL
0x00007ffaf31c0000 - 0x00007ffaf31cc000 	C:\Program Files\Microsoft\jdk-17.0.8.7-hotspot\bin\vcruntime140_1.dll
0x00007fface890000 - 0x00007fface91d000 	C:\Program Files\Microsoft\jdk-17.0.8.7-hotspot\bin\msvcp140.dll
0x00007ffab1240000 - 0x00007ffab1ea5000 	C:\Program Files\Microsoft\jdk-17.0.8.7-hotspot\bin\server\jvm.dll
0x00007ffb0c770000 - 0x00007ffb0c820000 	C:\Windows\System32\ADVAPI32.dll
0x00007ffb0c1b0000 - 0x00007ffb0c250000 	C:\Windows\System32\sechost.dll
0x00007ffb0be60000 - 0x00007ffb0bf83000 	C:\Windows\System32\RPCRT4.dll
0x00007ffb0a940000 - 0x00007ffb0a967000 	C:\Windows\System32\bcrypt.dll
0x00007ffb0a490000 - 0x00007ffb0a4db000 	C:\Windows\SYSTEM32\POWRPROF.dll
0x00007ffaf0de0000 - 0x00007ffaf0de9000 	C:\Windows\SYSTEM32\WSOCK32.dll
0x00007ffb0c320000 - 0x00007ffb0c38b000 	C:\Windows\System32\WS2_32.dll
0x00007ffaf1590000 - 0x00007ffaf15b7000 	C:\Windows\SYSTEM32\WINMM.dll
0x00007ffafd0c0000 - 0x00007ffafd0ca000 	C:\Windows\SYSTEM32\VERSION.dll
0x00007ffb0a470000 - 0x00007ffb0a482000 	C:\Windows\SYSTEM32\UMPDC.dll
0x00007ffb084a0000 - 0x00007ffb084b2000 	C:\Windows\SYSTEM32\kernel.appcore.dll
0x00007ffaf3170000 - 0x00007ffaf317a000 	C:\Program Files\Microsoft\jdk-17.0.8.7-hotspot\bin\jimage.dll
0x00007ffaf5450000 - 0x00007ffaf5634000 	C:\Windows\SYSTEM32\DBGHELP.DLL
0x00007ffaf5410000 - 0x00007ffaf5444000 	C:\Windows\SYSTEM32\dbgcore.DLL
0x00007ffb0ab70000 - 0x00007ffb0abf2000 	C:\Windows\System32\bcryptPrimitives.dll
0x00007ffaf5720000 - 0x00007ffaf572e000 	C:\Program Files\Microsoft\jdk-17.0.8.7-hotspot\bin\instrument.dll
0x00007ffaf3110000 - 0x00007ffaf3135000 	C:\Program Files\Microsoft\jdk-17.0.8.7-hotspot\bin\java.dll
0x00007ffab3ef0000 - 0x00007ffab3fc7000 	C:\Program Files\Microsoft\jdk-17.0.8.7-hotspot\bin\jsvml.dll
0x00007ffb0b320000 - 0x00007ffb0ba8f000 	C:\Windows\System32\SHELL32.dll
0x00007ffb086a0000 - 0x00007ffb08e3f000 	C:\Windows\SYSTEM32\windows.storage.dll
0x00007ffb0afc0000 - 0x00007ffb0b313000 	C:\Windows\System32\combase.dll
0x00007ffb09eb0000 - 0x00007ffb09ede000 	C:\Windows\SYSTEM32\Wldp.dll
0x00007ffb0bac0000 - 0x00007ffb0bb8d000 	C:\Windows\System32\OLEAUT32.dll
0x00007ffb0c080000 - 0x00007ffb0c12d000 	C:\Windows\System32\SHCORE.dll
0x00007ffb0c550000 - 0x00007ffb0c5a5000 	C:\Windows\System32\shlwapi.dll
0x00007ffb0a570000 - 0x00007ffb0a594000 	C:\Windows\SYSTEM32\profapi.dll
0x00007ffae14e0000 - 0x00007ffae14f8000 	C:\Program Files\Microsoft\jdk-17.0.8.7-hotspot\bin\zip.dll
0x00007ffae4b60000 - 0x00007ffae4b79000 	C:\Program Files\Microsoft\jdk-17.0.8.7-hotspot\bin\net.dll
0x00007ffb05a40000 - 0x00007ffb05b4d000 	C:\Windows\SYSTEM32\WINHTTP.dll
0x00007ffb09c90000 - 0x00007ffb09cfa000 	C:\Windows\system32\mswsock.dll
0x00007ffae3c40000 - 0x00007ffae3c56000 	C:\Program Files\Microsoft\jdk-17.0.8.7-hotspot\bin\nio.dll
0x00007ffaf3160000 - 0x00007ffaf3170000 	C:\Program Files\Microsoft\jdk-17.0.8.7-hotspot\bin\verify.dll
0x00007ffb012c0000 - 0x00007ffb012e7000 	C:\Users\Asus\.gradle\native\c067742578af261105cb4f569cf0c3c89f3d7b1fecec35dd04571415982c5e48\windows-amd64\native-platform.dll
0x00007ffab3c10000 - 0x00007ffab3d54000 	C:\Users\Asus\.gradle\native\100fb08df4bc3b14c8652ba06237920a3bd2aa13389f12d3474272988ae205f9\windows-amd64\native-platform-file-events.dll
0x00007ffaf5740000 - 0x00007ffaf5749000 	C:\Program Files\Microsoft\jdk-17.0.8.7-hotspot\bin\management.dll
0x00007ffaf5730000 - 0x00007ffaf573b000 	C:\Program Files\Microsoft\jdk-17.0.8.7-hotspot\bin\management_ext.dll
0x00007ffb0c390000 - 0x00007ffb0c398000 	C:\Windows\System32\PSAPI.DLL
0x00007ffb09ef0000 - 0x00007ffb09f08000 	C:\Windows\SYSTEM32\CRYPTSP.dll
0x00007ffb095d0000 - 0x00007ffb09604000 	C:\Windows\system32\rsaenh.dll
0x00007ffb0a4e0000 - 0x00007ffb0a50e000 	C:\Windows\SYSTEM32\USERENV.dll
0x00007ffb09e20000 - 0x00007ffb09e2c000 	C:\Windows\SYSTEM32\CRYPTBASE.dll
0x00007ffb09990000 - 0x00007ffb099cb000 	C:\Windows\SYSTEM32\IPHLPAPI.DLL
0x00007ffb0bf90000 - 0x00007ffb0bf98000 	C:\Windows\System32\NSI.dll
0x00007ffb048c0000 - 0x00007ffb048d7000 	C:\Windows\SYSTEM32\dhcpcsvc6.DLL
0x00007ffb04970000 - 0x00007ffb0498d000 	C:\Windows\SYSTEM32\dhcpcsvc.DLL
0x00007ffb099d0000 - 0x00007ffb09a9a000 	C:\Windows\SYSTEM32\DNSAPI.dll
0x00007ffafc390000 - 0x00007ffafc39e000 	C:\Program Files\Microsoft\jdk-17.0.8.7-hotspot\bin\sunmscapi.dll
0x00007ffb0aa10000 - 0x00007ffb0ab6e000 	C:\Windows\System32\CRYPT32.dll
0x00007ffb0a000000 - 0x00007ffb0a029000 	C:\Windows\SYSTEM32\ncrypt.dll
0x00007ffb09fc0000 - 0x00007ffb09ffb000 	C:\Windows\SYSTEM32\NTASN1.dll
0x00007ffae6f90000 - 0x00007ffae6f97000 	C:\Windows\system32\wshunix.dll
0x00007ffafbbe0000 - 0x00007ffafbbf7000 	C:\Windows\system32\napinsp.dll
0x00007ffaf7bf0000 - 0x00007ffaf7c0b000 	C:\Windows\system32\pnrpnsp.dll
0x00007ffaefd10000 - 0x00007ffaefd25000 	C:\Windows\system32\wshbth.dll
0x00007ffb075f0000 - 0x00007ffb0760d000 	C:\Windows\system32\NLAapi.dll
0x00007ffaf7bd0000 - 0x00007ffaf7be2000 	C:\Windows\System32\winrnr.dll
0x00007ffb00040000 - 0x00007ffb0004a000 	C:\Windows\System32\rasadhlp.dll
0x00007ffb04150000 - 0x00007ffb041d0000 	C:\Windows\System32\fwpuclnt.dll

dbghelp: loaded successfully - version: 4.0.5 - missing functions: none
symbol engine: initialized successfully - sym options: 0x614 - pdb path: .;C:\Program Files\Microsoft\jdk-17.0.8.7-hotspot\bin;C:\Windows\SYSTEM32;C:\Windows\WinSxS\amd64_microsoft.windows.common-controls_6595b64144ccf1df_6.0.19041.4355_none_60b8b9eb71f62e16;C:\Program Files\Microsoft\jdk-17.0.8.7-hotspot\bin\server;C:\Users\Asus\.gradle\native\c067742578af261105cb4f569cf0c3c89f3d7b1fecec35dd04571415982c5e48\windows-amd64;C:\Users\Asus\.gradle\native\100fb08df4bc3b14c8652ba06237920a3bd2aa13389f12d3474272988ae205f9\windows-amd64

VM Arguments:
jvm_args: -XX:MaxMetaspaceSize=512m --add-opens=java.base/java.util=ALL-UNNAMED --add-opens=java.base/java.lang=ALL-UNNAMED --add-opens=java.base/java.lang.invoke=ALL-UNNAMED --add-opens=java.prefs/java.util.prefs=ALL-UNNAMED --add-opens=java.base/java.nio.charset=ALL-UNNAMED --add-opens=java.base/java.net=ALL-UNNAMED --add-opens=java.base/java.util.concurrent.atomic=ALL-UNNAMED -Xmx2048m -Dfile.encoding=windows-1252 -Duser.country=US -Duser.language=en -Duser.variant -javaagent:C:\Users\Asus\.gradle\wrapper\dists\gradle-8.8-all\6gdy1pgp427xkqcjbxw3ylt6h\gradle-8.8\lib\agents\gradle-instrumentation-agent-8.8.jar 
java_command: org.gradle.launcher.daemon.bootstrap.GradleDaemon 8.8
java_class_path (initial): C:\Users\Asus\.gradle\wrapper\dists\gradle-8.8-all\6gdy1pgp427xkqcjbxw3ylt6h\gradle-8.8\lib\gradle-launcher-8.8.jar
Launcher Type: SUN_STANDARD

[Global flags]
     intx CICompilerCount                          = 3                                         {product} {ergonomic}
   size_t CompressedClassSpaceSize                 = 436207616                                 {product} {ergonomic}
     uint ConcGCThreads                            = 1                                         {product} {ergonomic}
     uint G1ConcRefinementThreads                  = 4                                         {product} {ergonomic}
   size_t G1HeapRegionSize                         = 1048576                                   {product} {ergonomic}
    uintx GCDrainStackTargetSize                   = 64                                        {product} {ergonomic}
   size_t InitialHeapSize                          = 134217728                                 {product} {ergonomic}
   size_t MarkStackSize                            = 4194304                                   {product} {ergonomic}
   size_t MaxHeapSize                              = 2147483648                                {product} {command line}
   size_t MaxMetaspaceSize                         = 536870912                                 {product} {command line}
   size_t MaxNewSize                               = 1287651328                                {product} {ergonomic}
   size_t MinHeapDeltaBytes                        = 1048576                                   {product} {ergonomic}
   size_t MinHeapSize                              = 8388608                                   {product} {ergonomic}
    uintx NonNMethodCodeHeapSize                   = 5832780                                {pd product} {ergonomic}
    uintx NonProfiledCodeHeapSize                  = 122912730                              {pd product} {ergonomic}
    uintx ProfiledCodeHeapSize                     = 122912730                              {pd product} {ergonomic}
    uintx ReservedCodeCacheSize                    = 251658240                              {pd product} {ergonomic}
     bool SegmentedCodeCache                       = true                                      {product} {ergonomic}
   size_t SoftMaxHeapSize                          = 2147483648                             {manageable} {ergonomic}
     bool UseCompressedClassPointers               = true                           {product lp64_product} {ergonomic}
     bool UseCompressedOops                        = true                           {product lp64_product} {ergonomic}
     bool UseG1GC                                  = true                                      {product} {ergonomic}
     bool UseLargePagesIndividualAllocation        = false                                  {pd product} {ergonomic}

Logging:
Log output configuration:
 #0: stdout all=warning uptime,level,tags
 #1: stderr all=off uptime,level,tags

Environment Variables:
JAVA_HOME=C:\Program Files\Microsoft\jdk-17.0.8.7-hotspot\
CLASSPATH=D:\wow\android\\gradle\wrapper\gradle-wrapper.jar
PATH=D:\wow\node_modules\.bin;D:\wow\node_modules\.bin;D:\node_modules\.bin;C:\Users\Asus\AppData\Roaming\npm\node_modules\npm\node_modules\@npmcli\run-script\lib\node-gyp-bin;D:\wow\node_modules\.bin;D:\wow\node_modules\.bin;D:\node_modules\.bin;C:\Users\Asus\AppData\Roaming\npm\node_modules\npm\node_modules\@npmcli\run-script\lib\node-gyp-bin;C:\Program Files\Microsoft\jdk-17.0.8.7-hotspot\bin;C:\Program Files\OpenLogic\jdk-11.0.21.9-hotspot\bin;C:\Program Files\Common Files\Oracle\Java\javapath;C:\Windows\system32;C:\Windows;C:\Windows\System32\Wbem;C:\Windows\System32\WindowsPowerShell\v1.0\;C:\Windows\System32\OpenSSH\;C:\Program Files\nodejs;C:\Program Files\nodejs;C:\ProgramData\Microsoft\Windows\Start Menu\Programs\Node.js;C:\Program Files (x86)\nodejs;C:\Program Files\Java\jdk-20\bin;C:\Program Files\MongoDB\Server\7.0\bin;C:\ProgramData\chocolatey\bin;C:\Program Files\Java\jdk-20\bin;C:\Program Files\Git\cmd;C:\Program Files\Git\bin;C:\Program Files\Git\cmd-;D:\MongoDB\Server\7.0\bin;C:\Program Files\MongoDB\Server\7.0\bin;C:\Program Files\MongoDB\Server\7.0\bin;C:\Program Files\MongoDB\Server\7.0\bin;C:\Program Files\Docker\Docker\resources\bin;C:\Users\Asus\AppData\Local\Android\Sdk\platform-tools;C:\Program Files\nodejs\;C:\Program Files (x86)\cloudflared\;C:\Users\Asus\AppData\Local\Android\Sdk\tools;C:\Users\Asus\AppData\Local\Programs\Python\Launcher\;C:\Users\Asus\AppData\Local\Microsoft\WindowsApps;C:\Users\Asus\AppData\Local\Programs\Microsoft VS Code\bin;C:\Program Files\nodejs;C:\Program Files\Java\jdk-20\bin;C:\Program Files\MongoDB\Server\7.0\bin;C:\Program Files\MongoDB\Server\7.0\bin;C:\Users\Asus\AppData\Local\Android\Sdk\platform-tools;C:\Program Files\MongoDB\Server\7.0\bin;C:\Program Files\MongoDB\Server\7.0\bin;C:\Program Files\MongoDB\Server\7.0\bin;C:\Users\Asus\AppData\Local\Android\Sdk;C:\Users\Asus\AppData\Local\Android\Sdk\emulator;C:\Users\Asus\AppData\Local\Android\Sdk\platform-tools;C:\Users\Asus\AppData\Local\Temp;C:\Users\Asus\A
USERNAME=Asus
OS=Windows_NT
PROCESSOR_IDENTIFIER=Intel64 Family 6 Model 58 Stepping 9, GenuineIntel
TMP=C:\Users\Asus\AppData\Local\Temp
TEMP=C:\Users\Asus\AppData\Local\Temp



---------------  S Y S T E M  ---------------

OS:
 Windows 10 , 64 bit Build 19041 (10.0.19041.4717)
OS uptime: 0 days 1:40 hours
Hyper-V role detected

CPU: total 4 (initial active 4) (4 cores per cpu, 1 threads per core) family 6 model 58 stepping 9 microcode 0x21, cx8, cmov, fxsr, mmx, sse, sse2, sse3, ssse3, sse4.1, sse4.2, popcnt, tsc, tscinvbit, avx, aes, erms, clmul, vzeroupper, clflush, hv
Processor Information for all 4 processors :
  Max Mhz: 3401, Current Mhz: 3401, Mhz Limit: 3401

Memory: 4k page, system-wide physical 8088M (675M free)
TotalPageFile size 15870M (AvailPageFile size 4634M)
current process WorkingSet (physical memory assigned to process): 442M, peak: 450M
current process commit charge ("private bytes"): 502M, peak: 510M

vm_info: OpenJDK 64-Bit Server VM (17.0.8+7-LTS) for windows-amd64 JRE (17.0.8+7-LTS), built on Jul  7 2023 17:21:55 by "MicrosoftCorporation" with MS VC++ 16.10 / 16.11 (VS2019)

END.
