#
# A fatal error has been detected by the Java Runtime Environment:
#
#  EXCEPTION_ACCESS_VIOLATION (0xc0000005) at pc=0x00007ffbfc98e0a9, pid=9416, tid=12216
#
# JRE version: OpenJDK Runtime Environment Microsoft-8035246 (17.0.8+7) (build 17.0.8+7-LTS)
# Java VM: OpenJDK 64-Bit Server VM Microsoft-8035246 (17.0.8+7-LTS, mixed mode, sharing, tiered, compressed oops, compressed class ptrs, g1 gc, windows-amd64)
# Problematic frame:
# V  [jvm.dll+0x2be0a9]
#
# No core dump will be written. Minidumps are not enabled by default on client versions of Windows
#
# If you would like to submit a bug report, please visit:
#   https://github.com/microsoft/openjdk/issues
#

---------------  S U M M A R Y ------------

Command Line: -XX:MaxMetaspaceSize=512m --add-opens=java.base/java.util=ALL-UNNAMED --add-opens=java.base/java.lang=ALL-UNNAMED --add-opens=java.base/java.lang.invoke=ALL-UNNAMED --add-opens=java.prefs/java.util.prefs=ALL-UNNAMED --add-opens=java.base/java.nio.charset=ALL-UNNAMED --add-opens=java.base/java.net=ALL-UNNAMED --add-opens=java.base/java.util.concurrent.atomic=ALL-UNNAMED -Xmx2048m -Dfile.encoding=windows-1252 -Duser.country=US -Duser.language=en -Duser.variant -javaagent:C:\Users\Asus\.gradle\wrapper\dists\gradle-8.8-all\6gdy1pgp427xkqcjbxw3ylt6h\gradle-8.8\lib\agents\gradle-instrumentation-agent-8.8.jar org.gradle.launcher.daemon.bootstrap.GradleDaemon 8.8

Host: Intel(R) Core(TM) i5-3570K CPU @ 3.40GHz, 4 cores, 7G,  Windows 10 , 64 bit Build 19041 (10.0.19041.4957)
Time: Fri Oct  4 06:06:13 2024 Pacific Daylight Time elapsed time: 41.581325 seconds (0d 0h 0m 41s)

---------------  T H R E A D  ---------------

Current thread (0x0000019772c6ac60):  JavaThread "C2 CompilerThread1" daemon [_thread_in_native, id=12216, stack(0x0000002f6dd00000,0x0000002f6de00000)]


Current CompileTask:
C2:  41581 12460   !   4       org.gradle.cache.internal.DefaultMultiProcessSafeIndexedCache::getIfPresent (25 bytes)

Stack: [0x0000002f6dd00000,0x0000002f6de00000],  sp=0x0000002f6ddfb490,  free space=1005k
Native frames: (J=compiled Java code, j=interpreted, Vv=VM code, C=native code)
V  [jvm.dll+0x2be0a9]
V  [jvm.dll+0x21ba8b]
V  [jvm.dll+0x21944b]
V  [jvm.dll+0x1a56b6]
V  [jvm.dll+0x2291ea]
V  [jvm.dll+0x22724c]
V  [jvm.dll+0x7efd0c]
V  [jvm.dll+0x7ea13a]
V  [jvm.dll+0x67ad85]
C  [ucrtbase.dll+0x21bb2]
C  [KERNEL32.DLL+0x17374]
C  [ntdll.dll+0x4cc91]


siginfo: EXCEPTION_ACCESS_VIOLATION (0xc0000005), reading address 0x0000000000000028


Register to memory mapping:

RIP=0x00007ffbfc98e0a9 jvm.dll
RAX=0x00000197730177b0 points into unknown readable memory: 0x0000000000000000 | 00 00 00 00 00 00 00 00
RBX=0x0000000000001cae is an unknown value
RCX=0x0 is NULL
RDX=0x0 is NULL
RSP=0x0000002f6ddfb490 is pointing into the stack for thread: 0x0000019772c6ac60
RBP=0x0000002f6ddfb500 is pointing into the stack for thread: 0x0000019772c6ac60
RSI=0x0 is NULL
RDI=0x0000000000000065 is an unknown value
R8 =0x000000000000ffe0 is an unknown value
R9 =0x0 is NULL
R10=0x00007ffc3d010000 VCRUNTIME140.dll
R11=0x00000197730177d0 points into unknown readable memory: 0x0000000000000000 | 00 00 00 00 00 00 00 00
R12=0x0000000000000050 is an unknown value
R13=0x0 is NULL
R14=0x0 is NULL
R15=0x0000002f6ddfe6b0 is pointing into the stack for thread: 0x0000019772c6ac60


Registers:
RAX=0x00000197730177b0, RBX=0x0000000000001cae, RCX=0x0000000000000000, RDX=0x0000000000000000
RSP=0x0000002f6ddfb490, RBP=0x0000002f6ddfb500, RSI=0x0000000000000000, RDI=0x0000000000000065
R8 =0x000000000000ffe0, R9 =0x0000000000000000, R10=0x00007ffc3d010000, R11=0x00000197730177d0
R12=0x0000000000000050, R13=0x0000000000000000, R14=0x0000000000000000, R15=0x0000002f6ddfe6b0
RIP=0x00007ffbfc98e0a9, EFLAGS=0x0000000000010202

Top of Stack: (sp=0x0000002f6ddfb490)
0x0000002f6ddfb490:   0000000000001cae 0000000000000000
0x0000002f6ddfb4a0:   0000002f6ddfe6b0 00007ffbfc8f38d1
0x0000002f6ddfb4b0:   00000197756dc530 00007ffb00002000
0x0000002f6ddfb4c0:   00000197730177b0 0000002f00000000
0x0000002f6ddfb4d0:   0000000000000002 000001976b3c31a0
0x0000002f6ddfb4e0:   0000000000000002 00000197756dc530
0x0000002f6ddfb4f0:   0000000000000000 0000000000000000
0x0000002f6ddfb500:   0000019774f8a530 000001974d7d0740
0x0000002f6ddfb510:   0000000000000065 00007ffbfd014c08
0x0000002f6ddfb520:   0000002f6ddfb630 00007ffbfc8eba8b
0x0000002f6ddfb530:   0000002f6ddfe6b0 00007ffbfd014c08
0x0000002f6ddfb540:   0000002f6ddfe6b0 0000002f6ddfb630
0x0000002f6ddfb550:   0000019700000000 00007ffbfcceb7fb
0x0000002f6ddfb560:   0000002f0000000f 0000002f6ddfe6b0
0x0000002f6ddfb570:   0000002f6ddfb6e0 0000000000000000
0x0000002f6ddfb580:   0000019700000100 00007ffbfd014c08 

Instructions: (pc=0x00007ffbfc98e0a9)
0x00007ffbfc98dfa9:   3b d0 75 0b ff c1 41 3b c9 7c dc 48 8b c2 c3 33
0x00007ffbfc98dfb9:   c0 c3 cc cc cc cc cc 48 89 5c 24 18 55 56 57 41
0x00007ffbfc98dfc9:   55 41 57 48 8b ec 48 83 ec 70 65 48 8b 04 25 58
0x00007ffbfc98dfd9:   00 00 00 48 8b f2 44 8b 05 d2 8b 90 00 4c 8b f9
0x00007ffbfc98dfe9:   4a 8b 1c c0 b8 50 00 00 00 80 3c 18 00 75 05 e8
0x00007ffbfc98dff9:   8b 6f 5d 00 b8 20 00 00 00 48 8b 04 18 48 8b 98
0x00007ffbfc98e009:   38 02 00 00 48 89 5d b0 c7 45 b8 04 00 00 00 48
0x00007ffbfc98e019:   8b 43 18 48 83 f8 df 76 18 4c 8d 05 37 a9 65 00
0x00007ffbfc98e029:   ba 20 00 00 00 48 8b cb e8 5a eb de ff 48 8b 43
0x00007ffbfc98e039:   18 48 8d 48 20 48 3b 4b 20 76 11 45 33 c0 48 8b
0x00007ffbfc98e049:   cb 41 8d 50 20 e8 fd e8 de ff eb 04 48 89 4b 18
0x00007ffbfc98e059:   44 8b 45 b8 33 d2 49 c1 e0 03 48 8b c8 48 89 45
0x00007ffbfc98e069:   c0 e8 e3 80 5d 00 45 33 ed 48 8d 4d d0 44 89 6d
0x00007ffbfc98e079:   c8 e8 01 59 56 00 41 8b 9f 40 02 00 00 41 2b 9f
0x00007ffbfc98e089:   68 02 00 00 44 89 6d f0 3b 5d b8 72 0b 8b d3 48
0x00007ffbfc98e099:   8d 4d b0 e8 6f b3 39 00 48 8b 45 c0 4c 89 2c d8
0x00007ffbfc98e0a9:   8b 7e 28 8b df c1 eb 05 3b 5d d0 72 0b 8b d3 48
0x00007ffbfc98e0b9:   8d 4d d0 e8 1f 59 56 00 48 8b 45 d8 83 e7 1f 48
0x00007ffbfc98e0c9:   8d 14 98 40 0f b6 cf 41 b8 01 00 00 00 41 d3 e0
0x00007ffbfc98e0d9:   8b 0a 8b c1 41 0b c0 89 02 41 85 c8 75 21 8b 5d
0x00007ffbfc98e0e9:   c8 8d 43 01 89 45 c8 3b 5d b8 72 0b 8b d3 48 8d
0x00007ffbfc98e0f9:   4d b0 e8 10 b3 39 00 48 8b 45 c0 48 89 34 d8 44
0x00007ffbfc98e109:   39 6d c8 0f 86 77 01 00 00 4c 89 a4 24 a0 00 00
0x00007ffbfc98e119:   00 4c 89 b4 24 a8 00 00 00 48 8b 45 c0 41 8b cd
0x00007ffbfc98e129:   48 8b 34 c8 8b 46 2c 25 ff 1f 00 00 3d 04 10 00
0x00007ffbfc98e139:   00 0f 85 a7 00 00 00 bb 01 00 00 00 39 5e 18 76
0x00007ffbfc98e149:   39 66 0f 1f 44 00 00 48 8b 46 08 8b cb 48 8b 14
0x00007ffbfc98e159:   c8 48 85 d2 74 1d 48 83 7a 10 00 74 16 80 7a 2c
0x00007ffbfc98e169:   84 74 10 e8 7f 7e ee ff 48 8b d0 49 8b cf e8 a4
0x00007ffbfc98e179:   61 f6 ff ff c3 3b 5e 18 72 cd 48 8b 5e 10 8b 46
0x00007ffbfc98e189:   20 4c 8d 34 c3 49 3b de 73 54 48 8b 3b 8b 47 2c
0x00007ffbfc98e199:   83 e0 03 3c 03 75 2e 48 8b 07 48 8b cf ff 90 88 


Stack slot to memory mapping:
stack at sp + 0 slots: 0x0000000000001cae is an unknown value
stack at sp + 1 slots: 0x0 is NULL
stack at sp + 2 slots: 0x0000002f6ddfe6b0 is pointing into the stack for thread: 0x0000019772c6ac60
stack at sp + 3 slots: 0x00007ffbfc8f38d1 jvm.dll
stack at sp + 4 slots: 0x00000197756dc530 points into unknown readable memory: 0x0000000c00000006 | 06 00 00 00 0c 00 00 00
stack at sp + 5 slots: 0x00007ffb00002000 is an unknown value
stack at sp + 6 slots: 0x00000197730177b0 points into unknown readable memory: 0x0000000000000000 | 00 00 00 00 00 00 00 00
stack at sp + 7 slots: 0x0000002f00000000 is an unknown value


---------------  P R O C E S S  ---------------

Threads class SMR info:
_java_thread_list=0x0000019775284870, length=93, elements={
0x000001974d7b76d0, 0x000001976b3590e0, 0x000001976b359e70, 0x000001976b36fa90,
0x000001976b373880, 0x000001976b374150, 0x000001976b374a20, 0x000001976b3756d0,
0x000001976b380940, 0x000001976b388660, 0x000001976b582130, 0x000001976b5802d0,
0x000001976b582640, 0x000001976b581710, 0x000001976b583060, 0x000001976b583570,
0x000001976b5807e0, 0x000001976b57fdc0, 0x000001976b580cf0, 0x000001976b581c20,
0x0000019771ac26a0, 0x0000019771ac5940, 0x0000019771ac5430, 0x0000019771ac3ae0,
0x0000019771ac2190, 0x0000019771ac3ff0, 0x0000019771ac6360, 0x0000019771ac7290,
0x0000019771ac1c80, 0x0000019771ac7cb0, 0x0000019771ac4a10, 0x0000019771ac81c0,
0x0000019771ac1260, 0x0000019771d8b050, 0x0000019771d8e2f0, 0x0000019771d89700,
0x0000019771d8ed10, 0x0000019771d90150, 0x0000019771d8f220, 0x0000019771d8d8d0,
0x0000019771d8b560, 0x0000019771d8a630, 0x0000019771d8f730, 0x0000019771d8ba70,
0x0000019771d8bf80, 0x0000019771d8fc40, 0x0000019771d8d3c0, 0x0000019771d90660,
0x0000019771d8c490, 0x0000019771d891f0, 0x0000019771d8ab40, 0x0000019771d8dde0,
0x0000019771d8e800, 0x0000019771d90b70, 0x000001976b581200, 0x00000197727864d0,
0x0000019772786ef0, 0x00000197727855a0, 0x0000019772784670, 0x00000197727869e0,
0x0000019772785fc0, 0x0000019772783740, 0x0000019772783c50, 0x0000019772784160,
0x0000019772784b80, 0x0000019772785090, 0x0000019772785ab0, 0x0000019774478710,
0x0000019774475e90, 0x0000019774476dc0, 0x00000197744768b0, 0x0000019774477cf0,
0x00000197744772d0, 0x0000019774474a50, 0x0000019774478c20, 0x0000019774474030,
0x00000197744777e0, 0x0000019774478200, 0x0000019774479130, 0x000001977447a060,
0x00000197744763a0, 0x0000019774475470, 0x000001977447a570, 0x000001977447af90,
0x0000019774479640, 0x000001977447aa80, 0x0000019774474f60, 0x0000019774479b50,
0x000001977447b4a0, 0x0000019774474540, 0x0000019772fb3750, 0x0000019772fb69f0,
0x0000019772c6ac60
}

Java Threads: ( => current thread )
  0x000001974d7b76d0 JavaThread "main" [_thread_blocked, id=9088, stack(0x0000002f67300000,0x0000002f67400000)]
  0x000001976b3590e0 JavaThread "Reference Handler" daemon [_thread_blocked, id=9108, stack(0x0000002f67a00000,0x0000002f67b00000)]
  0x000001976b359e70 JavaThread "Finalizer" daemon [_thread_blocked, id=4532, stack(0x0000002f67b00000,0x0000002f67c00000)]
  0x000001976b36fa90 JavaThread "Signal Dispatcher" daemon [_thread_blocked, id=4504, stack(0x0000002f67c00000,0x0000002f67d00000)]
  0x000001976b373880 JavaThread "Attach Listener" daemon [_thread_blocked, id=10512, stack(0x0000002f67d00000,0x0000002f67e00000)]
  0x000001976b374150 JavaThread "Service Thread" daemon [_thread_blocked, id=10492, stack(0x0000002f67e00000,0x0000002f67f00000)]
  0x000001976b374a20 JavaThread "Monitor Deflation Thread" daemon [_thread_blocked, id=5008, stack(0x0000002f67f00000,0x0000002f68000000)]
  0x000001976b3756d0 JavaThread "C2 CompilerThread0" daemon [_thread_blocked, id=10684, stack(0x0000002f68000000,0x0000002f68100000)]
  0x000001976b380940 JavaThread "C1 CompilerThread0" daemon [_thread_blocked, id=4324, stack(0x0000002f68100000,0x0000002f68200000)]
  0x000001976b388660 JavaThread "Sweeper thread" daemon [_thread_blocked, id=8356, stack(0x0000002f68200000,0x0000002f68300000)]
  0x000001976b582130 JavaThread "Common-Cleaner" daemon [_thread_blocked, id=2360, stack(0x0000002f68300000,0x0000002f68400000)]
  0x000001976b5802d0 JavaThread "Notification Thread" daemon [_thread_blocked, id=8676, stack(0x0000002f68400000,0x0000002f68500000)]
  0x000001976b582640 JavaThread "Daemon health stats" [_thread_blocked, id=10628, stack(0x0000002f68600000,0x0000002f68700000)]
  0x000001976b581710 JavaThread "Incoming local TCP Connector on port 50386" [_thread_in_native, id=8040, stack(0x0000002f68a00000,0x0000002f68b00000)]
  0x000001976b583060 JavaThread "Daemon periodic checks" [_thread_blocked, id=2632, stack(0x0000002f68b00000,0x0000002f68c00000)]
  0x000001976b583570 JavaThread "Daemon" [_thread_blocked, id=1992, stack(0x0000002f68c00000,0x0000002f68d00000)]
  0x000001976b5807e0 JavaThread "Handler for socket connection from /127.0.0.1:50386 to /127.0.0.1:50387" [_thread_in_native, id=10572, stack(0x0000002f68d00000,0x0000002f68e00000)]
  0x000001976b57fdc0 JavaThread "Cancel handler" [_thread_blocked, id=1944, stack(0x0000002f68e00000,0x0000002f68f00000)]
  0x000001976b580cf0 JavaThread "Daemon worker" [_thread_in_native, id=8344, stack(0x0000002f68f00000,0x0000002f69000000)]
  0x000001976b581c20 JavaThread "Asynchronous log dispatcher for DefaultDaemonConnection: socket connection from /127.0.0.1:50386 to /127.0.0.1:50387" [_thread_blocked, id=7060, stack(0x0000002f69000000,0x0000002f69100000)]
  0x0000019771ac26a0 JavaThread "Stdin handler" [_thread_blocked, id=6676, stack(0x0000002f69100000,0x0000002f69200000)]
  0x0000019771ac5940 JavaThread "Daemon client event forwarder" [_thread_blocked, id=9568, stack(0x0000002f69200000,0x0000002f69300000)]
  0x0000019771ac5430 JavaThread "Cache worker for journal cache (C:\Users\Asus\.gradle\caches\journal-1)" [_thread_blocked, id=9652, stack(0x0000002f69300000,0x0000002f69400000)]
  0x0000019771ac3ae0 JavaThread "File lock request listener" [_thread_in_native, id=4924, stack(0x0000002f69400000,0x0000002f69500000)]
  0x0000019771ac2190 JavaThread "Cache worker for file hash cache (C:\Users\Asus\.gradle\caches\8.8\fileHashes)" [_thread_blocked, id=4848, stack(0x0000002f69500000,0x0000002f69600000)]
  0x0000019771ac3ff0 JavaThread "Cache worker for file hash cache (D:\wow\android\.gradle\8.8\fileHashes)" [_thread_blocked, id=9116, stack(0x0000002f69600000,0x0000002f69700000)]
  0x0000019771ac6360 JavaThread "File watcher server" daemon [_thread_in_native, id=9988, stack(0x0000002f69800000,0x0000002f69900000)]
  0x0000019771ac7290 JavaThread "File watcher consumer" daemon [_thread_blocked, id=1172, stack(0x0000002f69900000,0x0000002f69a00000)]
  0x0000019771ac1c80 JavaThread "Cache worker for checksums cache (D:\wow\android\.gradle\8.8\checksums)" [_thread_blocked, id=7268, stack(0x0000002f69a00000,0x0000002f69b00000)]
  0x0000019771ac7cb0 JavaThread "Cache worker for file content cache (C:\Users\Asus\.gradle\caches\8.8\fileContent)" [_thread_blocked, id=4172, stack(0x0000002f69b00000,0x0000002f69c00000)]
  0x0000019771ac4a10 JavaThread "Cache worker for cache directory md-rule (C:\Users\Asus\.gradle\caches\8.8\md-rule)" [_thread_blocked, id=9824, stack(0x0000002f69c00000,0x0000002f69d00000)]
  0x0000019771ac81c0 JavaThread "Cache worker for cache directory md-supplier (C:\Users\Asus\.gradle\caches\8.8\md-supplier)" [_thread_blocked, id=6948, stack(0x0000002f69d00000,0x0000002f69e00000)]
  0x0000019771ac1260 JavaThread "jar transforms" [_thread_blocked, id=3052, stack(0x0000002f69e00000,0x0000002f69f00000)]
  0x0000019771d8b050 JavaThread "Unconstrained build operations" [_thread_blocked, id=11648, stack(0x0000002f6a100000,0x0000002f6a200000)]
  0x0000019771d8e2f0 JavaThread "Unconstrained build operations Thread 2" [_thread_blocked, id=11652, stack(0x0000002f6a200000,0x0000002f6a300000)]
  0x0000019771d89700 JavaThread "Unconstrained build operations Thread 3" [_thread_blocked, id=11656, stack(0x0000002f6a300000,0x0000002f6a400000)]
  0x0000019771d8ed10 JavaThread "Unconstrained build operations Thread 4" [_thread_blocked, id=11660, stack(0x0000002f6a400000,0x0000002f6a500000)]
  0x0000019771d90150 JavaThread "Unconstrained build operations Thread 5" [_thread_blocked, id=11664, stack(0x0000002f6a500000,0x0000002f6a600000)]
  0x0000019771d8f220 JavaThread "Unconstrained build operations Thread 6" [_thread_blocked, id=11668, stack(0x0000002f6a600000,0x0000002f6a700000)]
  0x0000019771d8d8d0 JavaThread "Cache worker for Build Output Cleanup Cache (D:\wow\node_modules\@react-native\gradle-plugin\.gradle\buildOutputCleanup)" [_thread_blocked, id=11672, stack(0x0000002f6a700000,0x0000002f6a800000)]
  0x0000019771d8b560 JavaThread "Unconstrained build operations Thread 7" [_thread_blocked, id=11680, stack(0x0000002f6a800000,0x0000002f6a900000)]
  0x0000019771d8a630 JavaThread "Unconstrained build operations Thread 8" [_thread_blocked, id=11684, stack(0x0000002f6a900000,0x0000002f6aa00000)]
  0x0000019771d8f730 JavaThread "Unconstrained build operations Thread 9" [_thread_blocked, id=11688, stack(0x0000002f6aa00000,0x0000002f6ab00000)]
  0x0000019771d8ba70 JavaThread "Unconstrained build operations Thread 10" [_thread_blocked, id=11692, stack(0x0000002f6ab00000,0x0000002f6ac00000)]
  0x0000019771d8bf80 JavaThread "Unconstrained build operations Thread 11" [_thread_blocked, id=11696, stack(0x0000002f6ac00000,0x0000002f6ad00000)]
  0x0000019771d8fc40 JavaThread "Unconstrained build operations Thread 12" [_thread_blocked, id=11700, stack(0x0000002f6ad00000,0x0000002f6ae00000)]
  0x0000019771d8d3c0 JavaThread "Unconstrained build operations Thread 13" [_thread_blocked, id=11704, stack(0x0000002f6ae00000,0x0000002f6af00000)]
  0x0000019771d90660 JavaThread "Unconstrained build operations Thread 14" [_thread_blocked, id=11708, stack(0x0000002f6af00000,0x0000002f6b000000)]
  0x0000019771d8c490 JavaThread "Unconstrained build operations Thread 15" [_thread_blocked, id=11712, stack(0x0000002f6b000000,0x0000002f6b100000)]
  0x0000019771d891f0 JavaThread "Memory manager" [_thread_blocked, id=11716, stack(0x0000002f6b100000,0x0000002f6b200000)]
  0x0000019771d8ab40 JavaThread "build event listener" [_thread_blocked, id=11720, stack(0x0000002f6b200000,0x0000002f6b300000)]
  0x0000019771d8dde0 JavaThread "ForkJoinPool.commonPool-worker-1" daemon [_thread_blocked, id=11764, stack(0x0000002f69700000,0x0000002f69800000)]
  0x0000019771d8e800 JavaThread "ForkJoinPool.commonPool-worker-2" daemon [_thread_blocked, id=11768, stack(0x0000002f6b300000,0x0000002f6b400000)]
  0x0000019771d90b70 JavaThread "ForkJoinPool.commonPool-worker-3" daemon [_thread_blocked, id=11772, stack(0x0000002f6b400000,0x0000002f6b500000)]
  0x000001976b581200 JavaThread "Exec process" daemon [_thread_blocked, id=11776, stack(0x0000002f6b500000,0x0000002f6b600000)]
  0x00000197727864d0 JavaThread "Exec process Thread 2" daemon [_thread_blocked, id=11788, stack(0x0000002f6b600000,0x0000002f6b700000)]
  0x0000019772786ef0 JavaThread "Exec process Thread 3" daemon [_thread_blocked, id=11792, stack(0x0000002f6b700000,0x0000002f6b800000)]
  0x00000197727855a0 JavaThread "included builds" [_thread_blocked, id=11916, stack(0x0000002f6b800000,0x0000002f6b900000)]
  0x0000019772784670 JavaThread "Execution worker" [_thread_blocked, id=11920, stack(0x0000002f6b900000,0x0000002f6ba00000)]
  0x00000197727869e0 JavaThread "Execution worker Thread 2" [_thread_blocked, id=11924, stack(0x0000002f6ba00000,0x0000002f6bb00000)]
  0x0000019772785fc0 JavaThread "Execution worker Thread 3" [_thread_blocked, id=11928, stack(0x0000002f6bb00000,0x0000002f6bc00000)]
  0x0000019772783740 JavaThread "Cache worker for execution history cache (D:\wow\node_modules\@react-native\gradle-plugin\.gradle\8.8\executionHistory)" [_thread_blocked, id=11932, stack(0x0000002f6bc00000,0x0000002f6bd00000)]
  0x0000019772783c50 JavaThread "Unconstrained build operations Thread 16" [_thread_blocked, id=11936, stack(0x0000002f6bd00000,0x0000002f6be00000)]
  0x0000019772784160 JavaThread "Unconstrained build operations Thread 17" [_thread_blocked, id=11940, stack(0x0000002f6be00000,0x0000002f6bf00000)]
  0x0000019772784b80 JavaThread "Unconstrained build operations Thread 18" [_thread_blocked, id=11944, stack(0x0000002f6bf00000,0x0000002f6c000000)]
  0x0000019772785090 JavaThread "Unconstrained build operations Thread 19" [_thread_blocked, id=11948, stack(0x0000002f6c000000,0x0000002f6c100000)]
  0x0000019772785ab0 JavaThread "Unconstrained build operations Thread 20" [_thread_blocked, id=11952, stack(0x0000002f6c100000,0x0000002f6c200000)]
  0x0000019774478710 JavaThread "Unconstrained build operations Thread 21" [_thread_blocked, id=11956, stack(0x0000002f6c200000,0x0000002f6c300000)]
  0x0000019774475e90 JavaThread "Unconstrained build operations Thread 22" [_thread_blocked, id=11960, stack(0x0000002f6c300000,0x0000002f6c400000)]
  0x0000019774476dc0 JavaThread "Unconstrained build operations Thread 23" [_thread_blocked, id=11964, stack(0x0000002f6c400000,0x0000002f6c500000)]
  0x00000197744768b0 JavaThread "Unconstrained build operations Thread 24" [_thread_blocked, id=11968, stack(0x0000002f6c500000,0x0000002f6c600000)]
  0x0000019774477cf0 JavaThread "Unconstrained build operations Thread 25" [_thread_blocked, id=11972, stack(0x0000002f6c600000,0x0000002f6c700000)]
  0x00000197744772d0 JavaThread "Unconstrained build operations Thread 26" [_thread_blocked, id=11976, stack(0x0000002f6c700000,0x0000002f6c800000)]
  0x0000019774474a50 JavaThread "Unconstrained build operations Thread 27" [_thread_blocked, id=11980, stack(0x0000002f6c800000,0x0000002f6c900000)]
  0x0000019774478c20 JavaThread "Unconstrained build operations Thread 28" [_thread_blocked, id=11984, stack(0x0000002f6c900000,0x0000002f6ca00000)]
  0x0000019774474030 JavaThread "Unconstrained build operations Thread 29" [_thread_blocked, id=11988, stack(0x0000002f6ca00000,0x0000002f6cb00000)]
  0x00000197744777e0 JavaThread "Unconstrained build operations Thread 30" [_thread_blocked, id=11992, stack(0x0000002f6cb00000,0x0000002f6cc00000)]
  0x0000019774478200 JavaThread "Unconstrained build operations Thread 31" [_thread_blocked, id=11996, stack(0x0000002f6cc00000,0x0000002f6cd00000)]
  0x0000019774479130 JavaThread "Unconstrained build operations Thread 32" [_thread_blocked, id=12000, stack(0x0000002f6cd00000,0x0000002f6ce00000)]
  0x000001977447a060 JavaThread "Unconstrained build operations Thread 33" [_thread_blocked, id=12004, stack(0x0000002f6ce00000,0x0000002f6cf00000)]
  0x00000197744763a0 JavaThread "Unconstrained build operations Thread 34" [_thread_blocked, id=12024, stack(0x0000002f6cf00000,0x0000002f6d000000)]
  0x0000019774475470 JavaThread "Unconstrained build operations Thread 35" [_thread_blocked, id=12028, stack(0x0000002f6d000000,0x0000002f6d100000)]
  0x000001977447a570 JavaThread "Unconstrained build operations Thread 36" [_thread_blocked, id=12032, stack(0x0000002f6d100000,0x0000002f6d200000)]
  0x000001977447af90 JavaThread "jar transforms Thread 2" [_thread_blocked, id=12036, stack(0x0000002f6d200000,0x0000002f6d300000)]
  0x0000019774479640 JavaThread "Cache worker for Build Output Cleanup Cache (D:\wow\android\.gradle\buildOutputCleanup)" [_thread_blocked, id=12040, stack(0x0000002f6d300000,0x0000002f6d400000)]
  0x000001977447aa80 JavaThread "jar transforms Thread 3" [_thread_blocked, id=12044, stack(0x0000002f6d400000,0x0000002f6d500000)]
  0x0000019774474f60 JavaThread "Unconstrained build operations Thread 37" [_thread_blocked, id=12068, stack(0x0000002f6d500000,0x0000002f6d600000)]
  0x0000019774479b50 JavaThread "Unconstrained build operations Thread 38" [_thread_blocked, id=12072, stack(0x0000002f6d600000,0x0000002f6d700000)]
  0x000001977447b4a0 JavaThread "Unconstrained build operations Thread 39" [_thread_blocked, id=12076, stack(0x0000002f6d700000,0x0000002f6d800000)]
  0x0000019774474540 JavaThread "Unconstrained build operations Thread 40" [_thread_blocked, id=12080, stack(0x0000002f6d800000,0x0000002f6d900000)]
  0x0000019772fb3750 JavaThread "jar transforms Thread 4" [_thread_blocked, id=12100, stack(0x0000002f6d900000,0x0000002f6da00000)]
  0x0000019772fb69f0 JavaThread "build event listener" [_thread_blocked, id=12136, stack(0x0000002f6da00000,0x0000002f6db00000)]
=>0x0000019772c6ac60 JavaThread "C2 CompilerThread1" daemon [_thread_in_native, id=12216, stack(0x0000002f6dd00000,0x0000002f6de00000)]

Other Threads:
  0x000001976b353550 VMThread "VM Thread" [stack: 0x0000002f67900000,0x0000002f67a00000] [id=4588]
  0x000001976b6a5160 WatcherThread [stack: 0x0000002f68500000,0x0000002f68600000] [id=9144]
  0x000001974d8149d0 GCTaskThread "GC Thread#0" [stack: 0x0000002f67400000,0x0000002f67500000] [id=9188]
  0x000001976b787b30 GCTaskThread "GC Thread#1" [stack: 0x0000002f68700000,0x0000002f68800000] [id=712]
  0x000001976b787df0 GCTaskThread "GC Thread#2" [stack: 0x0000002f68800000,0x0000002f68900000] [id=8624]
  0x0000019770d205e0 GCTaskThread "GC Thread#3" [stack: 0x0000002f68900000,0x0000002f68a00000] [id=9128]
  0x000001974d825830 ConcurrentGCThread "G1 Main Marker" [stack: 0x0000002f67500000,0x0000002f67600000] [id=9572]
  0x000001974d826150 ConcurrentGCThread "G1 Conc#0" [stack: 0x0000002f67600000,0x0000002f67700000] [id=3640]
  0x000001974d868fe0 ConcurrentGCThread "G1 Refine#0" [stack: 0x0000002f67700000,0x0000002f67800000] [id=9124]
  0x00000197732b17c0 ConcurrentGCThread "G1 Refine#1" [stack: 0x0000002f69f00000,0x0000002f6a000000] [id=5944]
  0x00000197732b1da0 ConcurrentGCThread "G1 Refine#2" [stack: 0x0000002f6a000000,0x0000002f6a100000] [id=7916]
  0x000001974d869920 ConcurrentGCThread "G1 Service" [stack: 0x0000002f67800000,0x0000002f67900000] [id=2952]

Threads with active compile tasks:
C2 CompilerThread1    41649 12460   !   4       org.gradle.cache.internal.DefaultMultiProcessSafeIndexedCache::getIfPresent (25 bytes)

VM state: not at safepoint (normal execution)

VM Mutex/Monitor currently owned by a thread: None

Heap address: 0x0000000080000000, size: 2048 MB, Compressed Oops mode: 32-bit

CDS archive(s) mapped at: [0x0000019700000000-0x0000019700bd0000-0x0000019700bd0000), size 12386304, SharedBaseAddress: 0x0000019700000000, ArchiveRelocationMode: 1.
Compressed class space mapped at: 0x0000019701000000-0x000001971b000000, reserved size: 436207616
Narrow klass base: 0x0000019700000000, Narrow klass shift: 0, Narrow klass range: 0x100000000

GC Precious Log:
 CPUs: 4 total, 4 available
 Memory: 8088M
 Large Page Support: Disabled
 NUMA Support: Disabled
 Compressed Oops: Enabled (32-bit)
 Heap Region Size: 1M
 Heap Min Capacity: 8M
 Heap Initial Capacity: 128M
 Heap Max Capacity: 2G
 Pre-touch: Disabled
 Parallel Workers: 4
 Concurrent Workers: 1
 Concurrent Refinement Workers: 4
 Periodic GC: Disabled

Heap:
 garbage-first heap   total 256000K, used 196578K [0x0000000080000000, 0x0000000100000000)
  region size 1024K, 85 young (87040K), 2 survivors (2048K)
 Metaspace       used 93069K, committed 94080K, reserved 557056K
  class space    used 13114K, committed 13568K, reserved 425984K

Heap Regions: E=young(eden), S=young(survivor), O=old, HS=humongous(starts), HC=humongous(continues), CS=collection set, F=free, OA=open archive, CA=closed archive, TAMS=top-at-mark-start (previous, next)
|   0|0x0000000080000000, 0x0000000080100000, 0x0000000080100000|100%|HS|  |TAMS 0x0000000080100000, 0x0000000080000000| Complete 
|   1|0x0000000080100000, 0x0000000080200000, 0x0000000080200000|100%|HC|  |TAMS 0x0000000080200000, 0x0000000080100000| Complete 
|   2|0x0000000080200000, 0x0000000080300000, 0x0000000080300000|100%|HC|  |TAMS 0x0000000080300000, 0x0000000080200000| Complete 
|   3|0x0000000080300000, 0x0000000080400000, 0x0000000080400000|100%|HC|  |TAMS 0x0000000080400000, 0x0000000080300000| Complete 
|   4|0x0000000080400000, 0x0000000080500000, 0x0000000080500000|100%| O|  |TAMS 0x0000000080500000, 0x0000000080400000| Untracked 
|   5|0x0000000080500000, 0x0000000080600000, 0x0000000080600000|100%| O|  |TAMS 0x0000000080600000, 0x0000000080500000| Untracked 
|   6|0x0000000080600000, 0x0000000080700000, 0x0000000080700000|100%| O|  |TAMS 0x0000000080700000, 0x0000000080600000| Untracked 
|   7|0x0000000080700000, 0x0000000080800000, 0x0000000080800000|100%| O|  |TAMS 0x0000000080800000, 0x0000000080700000| Untracked 
|   8|0x0000000080800000, 0x0000000080900000, 0x0000000080900000|100%| O|  |TAMS 0x0000000080900000, 0x0000000080800000| Untracked 
|   9|0x0000000080900000, 0x0000000080a00000, 0x0000000080a00000|100%| O|  |TAMS 0x0000000080a00000, 0x0000000080900000| Untracked 
|  10|0x0000000080a00000, 0x0000000080b00000, 0x0000000080b00000|100%| O|  |TAMS 0x0000000080b00000, 0x0000000080a00000| Untracked 
|  11|0x0000000080b00000, 0x0000000080c00000, 0x0000000080c00000|100%|HS|  |TAMS 0x0000000080c00000, 0x0000000080b00000| Complete 
|  12|0x0000000080c00000, 0x0000000080d00000, 0x0000000080d00000|100%| O|  |TAMS 0x0000000080d00000, 0x0000000080c00000| Untracked 
|  13|0x0000000080d00000, 0x0000000080e00000, 0x0000000080e00000|100%| O|  |TAMS 0x0000000080e00000, 0x0000000080d00000| Untracked 
|  14|0x0000000080e00000, 0x0000000080f00000, 0x0000000080f00000|100%| O|  |TAMS 0x0000000080f00000, 0x0000000080e00000| Untracked 
|  15|0x0000000080f00000, 0x0000000081000000, 0x0000000081000000|100%| O|  |TAMS 0x0000000081000000, 0x0000000080f00000| Untracked 
|  16|0x0000000081000000, 0x0000000081100000, 0x0000000081100000|100%| O|  |TAMS 0x0000000081100000, 0x0000000081000000| Untracked 
|  17|0x0000000081100000, 0x0000000081200000, 0x0000000081200000|100%| O|  |TAMS 0x0000000081200000, 0x0000000081100000| Untracked 
|  18|0x0000000081200000, 0x0000000081300000, 0x0000000081300000|100%| O|  |TAMS 0x0000000081300000, 0x0000000081200000| Untracked 
|  19|0x0000000081300000, 0x0000000081400000, 0x0000000081400000|100%| O|  |TAMS 0x0000000081400000, 0x0000000081300000| Untracked 
|  20|0x0000000081400000, 0x0000000081500000, 0x0000000081500000|100%| O|  |TAMS 0x0000000081500000, 0x0000000081400000| Untracked 
|  21|0x0000000081500000, 0x0000000081600000, 0x0000000081600000|100%| O|  |TAMS 0x0000000081600000, 0x0000000081500000| Untracked 
|  22|0x0000000081600000, 0x0000000081700000, 0x0000000081700000|100%| O|  |TAMS 0x0000000081700000, 0x0000000081600000| Untracked 
|  23|0x0000000081700000, 0x0000000081800000, 0x0000000081800000|100%| O|  |TAMS 0x0000000081800000, 0x0000000081700000| Untracked 
|  24|0x0000000081800000, 0x0000000081900000, 0x0000000081900000|100%| O|  |TAMS 0x0000000081900000, 0x0000000081800000| Untracked 
|  25|0x0000000081900000, 0x0000000081a00000, 0x0000000081a00000|100%| O|  |TAMS 0x0000000081a00000, 0x0000000081900000| Untracked 
|  26|0x0000000081a00000, 0x0000000081b00000, 0x0000000081b00000|100%| O|  |TAMS 0x0000000081b00000, 0x0000000081a00000| Untracked 
|  27|0x0000000081b00000, 0x0000000081c00000, 0x0000000081c00000|100%| O|  |TAMS 0x0000000081c00000, 0x0000000081b00000| Untracked 
|  28|0x0000000081c00000, 0x0000000081d00000, 0x0000000081d00000|100%| O|  |TAMS 0x0000000081d00000, 0x0000000081c00000| Untracked 
|  29|0x0000000081d00000, 0x0000000081e00000, 0x0000000081e00000|100%| O|  |TAMS 0x0000000081e00000, 0x0000000081d00000| Untracked 
|  30|0x0000000081e00000, 0x0000000081f00000, 0x0000000081f00000|100%| O|  |TAMS 0x0000000081f00000, 0x0000000081e00000| Untracked 
|  31|0x0000000081f00000, 0x0000000082000000, 0x0000000082000000|100%| O|  |TAMS 0x0000000082000000, 0x0000000081f00000| Untracked 
|  32|0x0000000082000000, 0x0000000082100000, 0x0000000082100000|100%| O|  |TAMS 0x0000000082100000, 0x0000000082000000| Untracked 
|  33|0x0000000082100000, 0x0000000082200000, 0x0000000082200000|100%| O|  |TAMS 0x0000000082200000, 0x0000000082100000| Untracked 
|  34|0x0000000082200000, 0x0000000082300000, 0x0000000082300000|100%| O|  |TAMS 0x0000000082300000, 0x0000000082200000| Untracked 
|  35|0x0000000082300000, 0x0000000082400000, 0x0000000082400000|100%| O|  |TAMS 0x0000000082400000, 0x0000000082300000| Untracked 
|  36|0x0000000082400000, 0x0000000082500000, 0x0000000082500000|100%| O|  |TAMS 0x0000000082500000, 0x0000000082400000| Untracked 
|  37|0x0000000082500000, 0x0000000082600000, 0x0000000082600000|100%| O|  |TAMS 0x0000000082600000, 0x0000000082500000| Untracked 
|  38|0x0000000082600000, 0x0000000082700000, 0x0000000082700000|100%| O|  |TAMS 0x0000000082700000, 0x0000000082600000| Untracked 
|  39|0x0000000082700000, 0x0000000082800000, 0x0000000082800000|100%| O|  |TAMS 0x0000000082800000, 0x0000000082700000| Untracked 
|  40|0x0000000082800000, 0x0000000082900000, 0x0000000082900000|100%| O|  |TAMS 0x0000000082900000, 0x0000000082800000| Untracked 
|  41|0x0000000082900000, 0x0000000082a00000, 0x0000000082a00000|100%| O|  |TAMS 0x0000000082a00000, 0x0000000082900000| Untracked 
|  42|0x0000000082a00000, 0x0000000082b00000, 0x0000000082b00000|100%| O|  |TAMS 0x0000000082b00000, 0x0000000082a00000| Untracked 
|  43|0x0000000082b00000, 0x0000000082c00000, 0x0000000082c00000|100%| O|  |TAMS 0x0000000082c00000, 0x0000000082b00000| Untracked 
|  44|0x0000000082c00000, 0x0000000082d00000, 0x0000000082d00000|100%| O|  |TAMS 0x0000000082d00000, 0x0000000082c00000| Untracked 
|  45|0x0000000082d00000, 0x0000000082e00000, 0x0000000082e00000|100%|HS|  |TAMS 0x0000000082e00000, 0x0000000082d00000| Complete 
|  46|0x0000000082e00000, 0x0000000082f00000, 0x0000000082f00000|100%|HS|  |TAMS 0x0000000082f00000, 0x0000000082e00000| Complete 
|  47|0x0000000082f00000, 0x0000000083000000, 0x0000000083000000|100%|HC|  |TAMS 0x0000000083000000, 0x0000000082f00000| Complete 
|  48|0x0000000083000000, 0x0000000083100000, 0x0000000083100000|100%|HS|  |TAMS 0x0000000083100000, 0x0000000083000000| Complete 
|  49|0x0000000083100000, 0x0000000083200000, 0x0000000083200000|100%|HC|  |TAMS 0x0000000083200000, 0x0000000083100000| Complete 
|  50|0x0000000083200000, 0x0000000083300000, 0x0000000083300000|100%|HS|  |TAMS 0x0000000083300000, 0x0000000083200000| Complete 
|  51|0x0000000083300000, 0x0000000083400000, 0x0000000083400000|100%|HC|  |TAMS 0x0000000083400000, 0x0000000083300000| Complete 
|  52|0x0000000083400000, 0x0000000083500000, 0x0000000083500000|100%|HC|  |TAMS 0x0000000083500000, 0x0000000083400000| Complete 
|  53|0x0000000083500000, 0x0000000083600000, 0x0000000083600000|100%|HC|  |TAMS 0x0000000083600000, 0x0000000083500000| Complete 
|  54|0x0000000083600000, 0x0000000083700000, 0x0000000083700000|100%|HS|  |TAMS 0x0000000083700000, 0x0000000083600000| Complete 
|  55|0x0000000083700000, 0x0000000083800000, 0x0000000083800000|100%|HC|  |TAMS 0x0000000083800000, 0x0000000083700000| Complete 
|  56|0x0000000083800000, 0x0000000083900000, 0x0000000083900000|100%|HC|  |TAMS 0x0000000083900000, 0x0000000083800000| Complete 
|  57|0x0000000083900000, 0x0000000083a00000, 0x0000000083a00000|100%|HC|  |TAMS 0x0000000083a00000, 0x0000000083900000| Complete 
|  58|0x0000000083a00000, 0x0000000083b00000, 0x0000000083b00000|100%| O|  |TAMS 0x0000000083b00000, 0x0000000083a00000| Untracked 
|  59|0x0000000083b00000, 0x0000000083c00000, 0x0000000083c00000|100%| O|  |TAMS 0x0000000083c00000, 0x0000000083b00000| Untracked 
|  60|0x0000000083c00000, 0x0000000083d00000, 0x0000000083d00000|100%| O|  |TAMS 0x0000000083d00000, 0x0000000083c00000| Untracked 
|  61|0x0000000083d00000, 0x0000000083e00000, 0x0000000083e00000|100%| O|  |TAMS 0x0000000083e00000, 0x0000000083d00000| Untracked 
|  62|0x0000000083e00000, 0x0000000083f00000, 0x0000000083f00000|100%| O|  |TAMS 0x0000000083f00000, 0x0000000083e00000| Untracked 
|  63|0x0000000083f00000, 0x0000000084000000, 0x0000000084000000|100%| O|  |TAMS 0x0000000084000000, 0x0000000083f00000| Untracked 
|  64|0x0000000084000000, 0x0000000084000000, 0x0000000084100000|  0%| F|  |TAMS 0x0000000084000000, 0x0000000084000000| Untracked 
|  65|0x0000000084100000, 0x0000000084100000, 0x0000000084200000|  0%| F|  |TAMS 0x0000000084100000, 0x0000000084100000| Untracked 
|  66|0x0000000084200000, 0x0000000084300000, 0x0000000084300000|100%| O|  |TAMS 0x0000000084300000, 0x0000000084200000| Untracked 
|  67|0x0000000084300000, 0x0000000084400000, 0x0000000084400000|100%|HS|  |TAMS 0x0000000084400000, 0x0000000084300000| Complete 
|  68|0x0000000084400000, 0x0000000084500000, 0x0000000084500000|100%| O|  |TAMS 0x0000000084500000, 0x0000000084400000| Untracked 
|  69|0x0000000084500000, 0x0000000084600000, 0x0000000084600000|100%| O|  |TAMS 0x0000000084600000, 0x0000000084500000| Untracked 
|  70|0x0000000084600000, 0x0000000084700000, 0x0000000084700000|100%| O|  |TAMS 0x0000000084700000, 0x0000000084600000| Untracked 
|  71|0x0000000084700000, 0x0000000084800000, 0x0000000084800000|100%| O|  |TAMS 0x0000000084800000, 0x0000000084700000| Untracked 
|  72|0x0000000084800000, 0x0000000084900000, 0x0000000084900000|100%| O|  |TAMS 0x0000000084900000, 0x0000000084800000| Untracked 
|  73|0x0000000084900000, 0x0000000084a00000, 0x0000000084a00000|100%| O|  |TAMS 0x0000000084a00000, 0x0000000084900000| Untracked 
|  74|0x0000000084a00000, 0x0000000084b00000, 0x0000000084b00000|100%| O|  |TAMS 0x0000000084b00000, 0x0000000084a00000| Untracked 
|  75|0x0000000084b00000, 0x0000000084c00000, 0x0000000084c00000|100%| O|  |TAMS 0x0000000084c00000, 0x0000000084b00000| Untracked 
|  76|0x0000000084c00000, 0x0000000084d00000, 0x0000000084d00000|100%| O|  |TAMS 0x0000000084d00000, 0x0000000084c00000| Untracked 
|  77|0x0000000084d00000, 0x0000000084e00000, 0x0000000084e00000|100%| O|  |TAMS 0x0000000084e00000, 0x0000000084d00000| Untracked 
|  78|0x0000000084e00000, 0x0000000084e00000, 0x0000000084f00000|  0%| F|  |TAMS 0x0000000084e00000, 0x0000000084e00000| Untracked 
|  79|0x0000000084f00000, 0x0000000085000000, 0x0000000085000000|100%| O|  |TAMS 0x0000000085000000, 0x0000000084f00000| Untracked 
|  80|0x0000000085000000, 0x0000000085100000, 0x0000000085100000|100%|HS|  |TAMS 0x0000000085100000, 0x0000000085000000| Complete 
|  81|0x0000000085100000, 0x0000000085200000, 0x0000000085200000|100%|HS|  |TAMS 0x0000000085200000, 0x0000000085100000| Complete 
|  82|0x0000000085200000, 0x0000000085300000, 0x0000000085300000|100%| O|  |TAMS 0x0000000085200000, 0x0000000085200000| Untracked 
|  83|0x0000000085300000, 0x0000000085400000, 0x0000000085400000|100%|HS|  |TAMS 0x0000000085400000, 0x0000000085300000| Complete 
|  84|0x0000000085400000, 0x0000000085500000, 0x0000000085500000|100%|HS|  |TAMS 0x0000000085500000, 0x0000000085400000| Complete 
|  85|0x0000000085500000, 0x0000000085600000, 0x0000000085600000|100%| O|  |TAMS 0x0000000085500000, 0x0000000085500000| Untracked 
|  86|0x0000000085600000, 0x0000000085700000, 0x0000000085700000|100%| O|  |TAMS 0x0000000085600000, 0x0000000085600000| Untracked 
|  87|0x0000000085700000, 0x0000000085800000, 0x0000000085800000|100%| O|  |TAMS 0x0000000085700000, 0x0000000085700000| Untracked 
|  88|0x0000000085800000, 0x0000000085900000, 0x0000000085900000|100%|HS|  |TAMS 0x0000000085900000, 0x0000000085800000| Complete 
|  89|0x0000000085900000, 0x0000000085a00000, 0x0000000085a00000|100%| O|  |TAMS 0x0000000085a00000, 0x0000000085900000| Untracked 
|  90|0x0000000085a00000, 0x0000000085b00000, 0x0000000085b00000|100%| O|  |TAMS 0x0000000085b00000, 0x0000000085a00000| Untracked 
|  91|0x0000000085b00000, 0x0000000085c00000, 0x0000000085c00000|100%| O|  |TAMS 0x0000000085c00000, 0x0000000085b00000| Untracked 
|  92|0x0000000085c00000, 0x0000000085d00000, 0x0000000085d00000|100%| O|  |TAMS 0x0000000085d00000, 0x0000000085c00000| Untracked 
|  93|0x0000000085d00000, 0x0000000085e00000, 0x0000000085e00000|100%| O|  |TAMS 0x0000000085e00000, 0x0000000085d00000| Untracked 
|  94|0x0000000085e00000, 0x0000000085f00000, 0x0000000085f00000|100%| O|  |TAMS 0x0000000085f00000, 0x0000000085e00000| Untracked 
|  95|0x0000000085f00000, 0x0000000086000000, 0x0000000086000000|100%| O|  |TAMS 0x0000000086000000, 0x0000000085f00000| Untracked 
|  96|0x0000000086000000, 0x0000000086100000, 0x0000000086100000|100%| O|  |TAMS 0x0000000086100000, 0x0000000086000000| Untracked 
|  97|0x0000000086100000, 0x0000000086200000, 0x0000000086200000|100%| O|  |TAMS 0x0000000086200000, 0x0000000086100000| Untracked 
|  98|0x0000000086200000, 0x0000000086300000, 0x0000000086300000|100%| O|  |TAMS 0x0000000086300000, 0x0000000086200000| Untracked 
|  99|0x0000000086300000, 0x0000000086400000, 0x0000000086400000|100%| O|  |TAMS 0x0000000086400000, 0x0000000086300000| Untracked 
| 100|0x0000000086400000, 0x0000000086500000, 0x0000000086500000|100%| O|  |TAMS 0x00000000864c8400, 0x0000000086400000| Untracked 
| 101|0x0000000086500000, 0x0000000086600000, 0x0000000086600000|100%| O|  |TAMS 0x0000000086500000, 0x0000000086500000| Untracked 
| 102|0x0000000086600000, 0x0000000086700000, 0x0000000086700000|100%| O|  |TAMS 0x0000000086600000, 0x0000000086600000| Untracked 
| 103|0x0000000086700000, 0x0000000086800000, 0x0000000086800000|100%| O|  |TAMS 0x0000000086700000, 0x0000000086700000| Untracked 
| 104|0x0000000086800000, 0x0000000086900000, 0x0000000086900000|100%| O|  |TAMS 0x0000000086800000, 0x0000000086800000| Untracked 
| 105|0x0000000086900000, 0x0000000086a00000, 0x0000000086a00000|100%| O|  |TAMS 0x0000000086900000, 0x0000000086900000| Untracked 
| 106|0x0000000086a00000, 0x0000000086b00000, 0x0000000086b00000|100%| O|  |TAMS 0x0000000086a00000, 0x0000000086a00000| Untracked 
| 107|0x0000000086b00000, 0x0000000086c00000, 0x0000000086c00000|100%| O|  |TAMS 0x0000000086b00000, 0x0000000086b00000| Untracked 
| 108|0x0000000086c00000, 0x0000000086d00000, 0x0000000086d00000|100%| O|  |TAMS 0x0000000086c00000, 0x0000000086c00000| Untracked 
| 109|0x0000000086d00000, 0x0000000086e00000, 0x0000000086e00000|100%| O|  |TAMS 0x0000000086d00000, 0x0000000086d00000| Untracked 
| 110|0x0000000086e00000, 0x0000000086f00000, 0x0000000086f00000|100%| O|  |TAMS 0x0000000086e00000, 0x0000000086e00000| Untracked 
| 111|0x0000000086f00000, 0x0000000087000000, 0x0000000087000000|100%| O|  |TAMS 0x0000000086f00000, 0x0000000086f00000| Untracked 
| 112|0x0000000087000000, 0x000000008709c200, 0x0000000087100000| 60%| O|  |TAMS 0x0000000087000000, 0x0000000087000000| Untracked 
| 113|0x0000000087100000, 0x0000000087100000, 0x0000000087200000|  0%| F|  |TAMS 0x0000000087100000, 0x0000000087100000| Untracked 
| 114|0x0000000087200000, 0x0000000087200000, 0x0000000087300000|  0%| F|  |TAMS 0x0000000087200000, 0x0000000087200000| Untracked 
| 115|0x0000000087300000, 0x0000000087300000, 0x0000000087400000|  0%| F|  |TAMS 0x0000000087300000, 0x0000000087300000| Untracked 
| 116|0x0000000087400000, 0x0000000087400000, 0x0000000087500000|  0%| F|  |TAMS 0x0000000087400000, 0x0000000087400000| Untracked 
| 117|0x0000000087500000, 0x0000000087500000, 0x0000000087600000|  0%| F|  |TAMS 0x0000000087500000, 0x0000000087500000| Untracked 
| 118|0x0000000087600000, 0x0000000087600000, 0x0000000087700000|  0%| F|  |TAMS 0x0000000087600000, 0x0000000087600000| Untracked 
| 119|0x0000000087700000, 0x0000000087700000, 0x0000000087800000|  0%| F|  |TAMS 0x0000000087700000, 0x0000000087700000| Untracked 
| 120|0x0000000087800000, 0x0000000087800000, 0x0000000087900000|  0%| F|  |TAMS 0x0000000087800000, 0x0000000087800000| Untracked 
| 121|0x0000000087900000, 0x0000000087900000, 0x0000000087a00000|  0%| F|  |TAMS 0x0000000087900000, 0x0000000087900000| Untracked 
| 122|0x0000000087a00000, 0x0000000087a00000, 0x0000000087b00000|  0%| F|  |TAMS 0x0000000087a00000, 0x0000000087a00000| Untracked 
| 123|0x0000000087b00000, 0x0000000087b00000, 0x0000000087c00000|  0%| F|  |TAMS 0x0000000087b00000, 0x0000000087b00000| Untracked 
| 124|0x0000000087c00000, 0x0000000087c00000, 0x0000000087d00000|  0%| F|  |TAMS 0x0000000087c00000, 0x0000000087c00000| Untracked 
| 125|0x0000000087d00000, 0x0000000087d00000, 0x0000000087e00000|  0%| F|  |TAMS 0x0000000087d00000, 0x0000000087d00000| Untracked 
| 126|0x0000000087e00000, 0x0000000087e00000, 0x0000000087f00000|  0%| F|  |TAMS 0x0000000087e00000, 0x0000000087e00000| Untracked 
| 127|0x0000000087f00000, 0x0000000087f00000, 0x0000000088000000|  0%| F|  |TAMS 0x0000000087f00000, 0x0000000087f00000| Untracked 
| 128|0x0000000088000000, 0x0000000088000000, 0x0000000088100000|  0%| F|  |TAMS 0x0000000088000000, 0x0000000088000000| Untracked 
| 129|0x0000000088100000, 0x0000000088100000, 0x0000000088200000|  0%| F|  |TAMS 0x0000000088100000, 0x0000000088100000| Untracked 
| 130|0x0000000088200000, 0x0000000088200000, 0x0000000088300000|  0%| F|  |TAMS 0x0000000088200000, 0x0000000088200000| Untracked 
| 131|0x0000000088300000, 0x0000000088300000, 0x0000000088400000|  0%| F|  |TAMS 0x0000000088300000, 0x0000000088300000| Untracked 
| 132|0x0000000088400000, 0x0000000088400000, 0x0000000088500000|  0%| F|  |TAMS 0x0000000088400000, 0x0000000088400000| Untracked 
| 133|0x0000000088500000, 0x0000000088500000, 0x0000000088600000|  0%| F|  |TAMS 0x0000000088500000, 0x0000000088500000| Untracked 
| 134|0x0000000088600000, 0x0000000088600000, 0x0000000088700000|  0%| F|  |TAMS 0x0000000088600000, 0x0000000088600000| Untracked 
| 135|0x0000000088700000, 0x0000000088700000, 0x0000000088800000|  0%| F|  |TAMS 0x0000000088700000, 0x0000000088700000| Untracked 
| 136|0x0000000088800000, 0x0000000088800000, 0x0000000088900000|  0%| F|  |TAMS 0x0000000088800000, 0x0000000088800000| Untracked 
| 137|0x0000000088900000, 0x0000000088900000, 0x0000000088a00000|  0%| F|  |TAMS 0x0000000088900000, 0x0000000088900000| Untracked 
| 138|0x0000000088a00000, 0x0000000088a00000, 0x0000000088b00000|  0%| F|  |TAMS 0x0000000088a00000, 0x0000000088a00000| Untracked 
| 139|0x0000000088b00000, 0x0000000088b00000, 0x0000000088c00000|  0%| F|  |TAMS 0x0000000088b00000, 0x0000000088b00000| Untracked 
| 140|0x0000000088c00000, 0x0000000088c00000, 0x0000000088d00000|  0%| F|  |TAMS 0x0000000088c00000, 0x0000000088c00000| Untracked 
| 141|0x0000000088d00000, 0x0000000088d00000, 0x0000000088e00000|  0%| F|  |TAMS 0x0000000088d00000, 0x0000000088d00000| Untracked 
| 142|0x0000000088e00000, 0x0000000088e00000, 0x0000000088f00000|  0%| F|  |TAMS 0x0000000088e00000, 0x0000000088e00000| Untracked 
| 143|0x0000000088f00000, 0x0000000088f00000, 0x0000000089000000|  0%| F|  |TAMS 0x0000000088f00000, 0x0000000088f00000| Untracked 
| 144|0x0000000089000000, 0x0000000089000000, 0x0000000089100000|  0%| F|  |TAMS 0x0000000089000000, 0x0000000089000000| Untracked 
| 145|0x0000000089100000, 0x0000000089100000, 0x0000000089200000|  0%| F|  |TAMS 0x0000000089100000, 0x0000000089100000| Untracked 
| 146|0x0000000089200000, 0x0000000089200000, 0x0000000089300000|  0%| F|  |TAMS 0x0000000089200000, 0x0000000089200000| Untracked 
| 147|0x0000000089300000, 0x0000000089300000, 0x0000000089400000|  0%| F|  |TAMS 0x0000000089300000, 0x0000000089300000| Untracked 
| 148|0x0000000089400000, 0x0000000089400000, 0x0000000089500000|  0%| F|  |TAMS 0x0000000089400000, 0x0000000089400000| Untracked 
| 149|0x0000000089500000, 0x0000000089500000, 0x0000000089600000|  0%| F|  |TAMS 0x0000000089500000, 0x0000000089500000| Untracked 
| 150|0x0000000089600000, 0x0000000089600000, 0x0000000089700000|  0%| F|  |TAMS 0x0000000089600000, 0x0000000089600000| Untracked 
| 151|0x0000000089700000, 0x0000000089700000, 0x0000000089800000|  0%| F|  |TAMS 0x0000000089700000, 0x0000000089700000| Untracked 
| 152|0x0000000089800000, 0x0000000089800000, 0x0000000089900000|  0%| F|  |TAMS 0x0000000089800000, 0x0000000089800000| Untracked 
| 153|0x0000000089900000, 0x0000000089900000, 0x0000000089a00000|  0%| F|  |TAMS 0x0000000089900000, 0x0000000089900000| Untracked 
| 154|0x0000000089a00000, 0x0000000089a00000, 0x0000000089b00000|  0%| F|  |TAMS 0x0000000089a00000, 0x0000000089a00000| Untracked 
| 155|0x0000000089b00000, 0x0000000089b00000, 0x0000000089c00000|  0%| F|  |TAMS 0x0000000089b00000, 0x0000000089b00000| Untracked 
| 156|0x0000000089c00000, 0x0000000089c00000, 0x0000000089d00000|  0%| F|  |TAMS 0x0000000089c00000, 0x0000000089c00000| Untracked 
| 157|0x0000000089d00000, 0x0000000089d00000, 0x0000000089e00000|  0%| F|  |TAMS 0x0000000089d00000, 0x0000000089d00000| Untracked 
| 158|0x0000000089e00000, 0x0000000089e00000, 0x0000000089f00000|  0%| F|  |TAMS 0x0000000089e00000, 0x0000000089e00000| Untracked 
| 159|0x0000000089f00000, 0x0000000089f00000, 0x000000008a000000|  0%| F|  |TAMS 0x0000000089f00000, 0x0000000089f00000| Untracked 
| 160|0x000000008a000000, 0x000000008a000000, 0x000000008a100000|  0%| F|  |TAMS 0x000000008a000000, 0x000000008a000000| Untracked 
| 161|0x000000008a100000, 0x000000008a100000, 0x000000008a200000|  0%| F|  |TAMS 0x000000008a100000, 0x000000008a100000| Untracked 
| 162|0x000000008a200000, 0x000000008a200000, 0x000000008a300000|  0%| F|  |TAMS 0x000000008a200000, 0x000000008a200000| Untracked 
| 163|0x000000008a300000, 0x000000008a300000, 0x000000008a400000|  0%| F|  |TAMS 0x000000008a300000, 0x000000008a300000| Untracked 
| 164|0x000000008a400000, 0x000000008a400000, 0x000000008a500000|  0%| F|  |TAMS 0x000000008a400000, 0x000000008a400000| Untracked 
| 165|0x000000008a500000, 0x000000008a588d60, 0x000000008a600000| 53%| E|  |TAMS 0x000000008a500000, 0x000000008a500000| Complete 
| 166|0x000000008a600000, 0x000000008a700000, 0x000000008a700000|100%| E|CS|TAMS 0x000000008a600000, 0x000000008a600000| Complete 
| 167|0x000000008a700000, 0x000000008a800000, 0x000000008a800000|100%| E|CS|TAMS 0x000000008a700000, 0x000000008a700000| Complete 
| 168|0x000000008a800000, 0x000000008a900000, 0x000000008a900000|100%| E|CS|TAMS 0x000000008a800000, 0x000000008a800000| Complete 
| 169|0x000000008a900000, 0x000000008aa00000, 0x000000008aa00000|100%| E|CS|TAMS 0x000000008a900000, 0x000000008a900000| Complete 
| 170|0x000000008aa00000, 0x000000008ab00000, 0x000000008ab00000|100%| E|CS|TAMS 0x000000008aa00000, 0x000000008aa00000| Complete 
| 171|0x000000008ab00000, 0x000000008ac00000, 0x000000008ac00000|100%| E|CS|TAMS 0x000000008ab00000, 0x000000008ab00000| Complete 
| 172|0x000000008ac00000, 0x000000008ad00000, 0x000000008ad00000|100%| E|CS|TAMS 0x000000008ac00000, 0x000000008ac00000| Complete 
| 173|0x000000008ad00000, 0x000000008ae00000, 0x000000008ae00000|100%| E|CS|TAMS 0x000000008ad00000, 0x000000008ad00000| Complete 
| 174|0x000000008ae00000, 0x000000008af00000, 0x000000008af00000|100%| E|CS|TAMS 0x000000008ae00000, 0x000000008ae00000| Complete 
| 175|0x000000008af00000, 0x000000008b000000, 0x000000008b000000|100%| E|CS|TAMS 0x000000008af00000, 0x000000008af00000| Complete 
| 176|0x000000008b000000, 0x000000008b100000, 0x000000008b100000|100%| E|CS|TAMS 0x000000008b000000, 0x000000008b000000| Complete 
| 177|0x000000008b100000, 0x000000008b200000, 0x000000008b200000|100%| E|CS|TAMS 0x000000008b100000, 0x000000008b100000| Complete 
| 178|0x000000008b200000, 0x000000008b300000, 0x000000008b300000|100%| E|CS|TAMS 0x000000008b200000, 0x000000008b200000| Complete 
| 179|0x000000008b300000, 0x000000008b400000, 0x000000008b400000|100%| E|CS|TAMS 0x000000008b300000, 0x000000008b300000| Complete 
| 180|0x000000008b400000, 0x000000008b500000, 0x000000008b500000|100%| E|CS|TAMS 0x000000008b400000, 0x000000008b400000| Complete 
| 181|0x000000008b500000, 0x000000008b600000, 0x000000008b600000|100%| E|  |TAMS 0x000000008b500000, 0x000000008b500000| Complete 
| 182|0x000000008b600000, 0x000000008b700000, 0x000000008b700000|100%| E|CS|TAMS 0x000000008b600000, 0x000000008b600000| Complete 
| 183|0x000000008b700000, 0x000000008b800000, 0x000000008b800000|100%| E|CS|TAMS 0x000000008b700000, 0x000000008b700000| Complete 
| 184|0x000000008b800000, 0x000000008b900000, 0x000000008b900000|100%| E|CS|TAMS 0x000000008b800000, 0x000000008b800000| Complete 
| 185|0x000000008b900000, 0x000000008ba00000, 0x000000008ba00000|100%| E|CS|TAMS 0x000000008b900000, 0x000000008b900000| Complete 
| 186|0x000000008ba00000, 0x000000008bb00000, 0x000000008bb00000|100%| E|CS|TAMS 0x000000008ba00000, 0x000000008ba00000| Complete 
| 187|0x000000008bb00000, 0x000000008bc00000, 0x000000008bc00000|100%| E|CS|TAMS 0x000000008bb00000, 0x000000008bb00000| Complete 
| 188|0x000000008bc00000, 0x000000008bd00000, 0x000000008bd00000|100%| E|CS|TAMS 0x000000008bc00000, 0x000000008bc00000| Complete 
| 189|0x000000008bd00000, 0x000000008be00000, 0x000000008be00000|100%| E|CS|TAMS 0x000000008bd00000, 0x000000008bd00000| Complete 
| 190|0x000000008be00000, 0x000000008bf00000, 0x000000008bf00000|100%| E|CS|TAMS 0x000000008be00000, 0x000000008be00000| Complete 
| 191|0x000000008bf00000, 0x000000008c000000, 0x000000008c000000|100%| E|CS|TAMS 0x000000008bf00000, 0x000000008bf00000| Complete 
| 192|0x000000008c000000, 0x000000008c100000, 0x000000008c100000|100%| E|CS|TAMS 0x000000008c000000, 0x000000008c000000| Complete 
| 193|0x000000008c100000, 0x000000008c200000, 0x000000008c200000|100%| E|CS|TAMS 0x000000008c100000, 0x000000008c100000| Complete 
| 194|0x000000008c200000, 0x000000008c300000, 0x000000008c300000|100%| E|CS|TAMS 0x000000008c200000, 0x000000008c200000| Complete 
| 195|0x000000008c300000, 0x000000008c400000, 0x000000008c400000|100%| E|CS|TAMS 0x000000008c300000, 0x000000008c300000| Complete 
| 196|0x000000008c400000, 0x000000008c500000, 0x000000008c500000|100%| E|CS|TAMS 0x000000008c400000, 0x000000008c400000| Complete 
| 197|0x000000008c500000, 0x000000008c600000, 0x000000008c600000|100%| E|CS|TAMS 0x000000008c500000, 0x000000008c500000| Complete 
| 198|0x000000008c600000, 0x000000008c700000, 0x000000008c700000|100%| E|CS|TAMS 0x000000008c600000, 0x000000008c600000| Complete 
| 199|0x000000008c700000, 0x000000008c800000, 0x000000008c800000|100%| E|CS|TAMS 0x000000008c700000, 0x000000008c700000| Complete 
| 200|0x000000008c800000, 0x000000008c900000, 0x000000008c900000|100%| E|CS|TAMS 0x000000008c800000, 0x000000008c800000| Complete 
| 201|0x000000008c900000, 0x000000008ca00000, 0x000000008ca00000|100%| E|CS|TAMS 0x000000008c900000, 0x000000008c900000| Complete 
| 202|0x000000008ca00000, 0x000000008cb00000, 0x000000008cb00000|100%| E|CS|TAMS 0x000000008ca00000, 0x000000008ca00000| Complete 
| 203|0x000000008cb00000, 0x000000008cc00000, 0x000000008cc00000|100%| E|CS|TAMS 0x000000008cb00000, 0x000000008cb00000| Complete 
| 204|0x000000008cc00000, 0x000000008cd00000, 0x000000008cd00000|100%| E|CS|TAMS 0x000000008cc00000, 0x000000008cc00000| Complete 
| 205|0x000000008cd00000, 0x000000008ce00000, 0x000000008ce00000|100%| E|CS|TAMS 0x000000008cd00000, 0x000000008cd00000| Complete 
| 206|0x000000008ce00000, 0x000000008cf00000, 0x000000008cf00000|100%| E|CS|TAMS 0x000000008ce00000, 0x000000008ce00000| Complete 
| 207|0x000000008cf00000, 0x000000008d000000, 0x000000008d000000|100%| E|CS|TAMS 0x000000008cf00000, 0x000000008cf00000| Complete 
| 208|0x000000008d000000, 0x000000008d100000, 0x000000008d100000|100%| E|CS|TAMS 0x000000008d000000, 0x000000008d000000| Complete 
| 209|0x000000008d100000, 0x000000008d200000, 0x000000008d200000|100%| E|CS|TAMS 0x000000008d100000, 0x000000008d100000| Complete 
| 210|0x000000008d200000, 0x000000008d300000, 0x000000008d300000|100%| E|CS|TAMS 0x000000008d200000, 0x000000008d200000| Complete 
| 211|0x000000008d300000, 0x000000008d400000, 0x000000008d400000|100%| E|CS|TAMS 0x000000008d300000, 0x000000008d300000| Complete 
| 212|0x000000008d400000, 0x000000008d500000, 0x000000008d500000|100%| E|CS|TAMS 0x000000008d400000, 0x000000008d400000| Complete 
| 213|0x000000008d500000, 0x000000008d600000, 0x000000008d600000|100%| E|CS|TAMS 0x000000008d500000, 0x000000008d500000| Complete 
| 214|0x000000008d600000, 0x000000008d700000, 0x000000008d700000|100%| E|CS|TAMS 0x000000008d600000, 0x000000008d600000| Complete 
| 215|0x000000008d700000, 0x000000008d800000, 0x000000008d800000|100%| E|CS|TAMS 0x000000008d700000, 0x000000008d700000| Complete 
| 216|0x000000008d800000, 0x000000008d900000, 0x000000008d900000|100%| E|CS|TAMS 0x000000008d800000, 0x000000008d800000| Complete 
| 217|0x000000008d900000, 0x000000008da00000, 0x000000008da00000|100%| E|CS|TAMS 0x000000008d900000, 0x000000008d900000| Complete 
| 218|0x000000008da00000, 0x000000008db00000, 0x000000008db00000|100%| E|CS|TAMS 0x000000008da00000, 0x000000008da00000| Complete 
| 219|0x000000008db00000, 0x000000008dc00000, 0x000000008dc00000|100%| E|CS|TAMS 0x000000008db00000, 0x000000008db00000| Complete 
| 220|0x000000008dc00000, 0x000000008dd00000, 0x000000008dd00000|100%| E|CS|TAMS 0x000000008dc00000, 0x000000008dc00000| Complete 
| 221|0x000000008dd00000, 0x000000008de00000, 0x000000008de00000|100%| E|CS|TAMS 0x000000008dd00000, 0x000000008dd00000| Complete 
| 222|0x000000008de00000, 0x000000008df00000, 0x000000008df00000|100%| E|CS|TAMS 0x000000008de00000, 0x000000008de00000| Complete 
| 223|0x000000008df00000, 0x000000008e000000, 0x000000008e000000|100%| E|CS|TAMS 0x000000008df00000, 0x000000008df00000| Complete 
| 224|0x000000008e000000, 0x000000008e100000, 0x000000008e100000|100%| E|CS|TAMS 0x000000008e000000, 0x000000008e000000| Complete 
| 225|0x000000008e100000, 0x000000008e200000, 0x000000008e200000|100%| E|CS|TAMS 0x000000008e100000, 0x000000008e100000| Complete 
| 226|0x000000008e200000, 0x000000008e300000, 0x000000008e300000|100%| E|CS|TAMS 0x000000008e200000, 0x000000008e200000| Complete 
| 227|0x000000008e300000, 0x000000008e400000, 0x000000008e400000|100%| E|CS|TAMS 0x000000008e300000, 0x000000008e300000| Complete 
| 228|0x000000008e400000, 0x000000008e500000, 0x000000008e500000|100%| E|CS|TAMS 0x000000008e400000, 0x000000008e400000| Complete 
| 229|0x000000008e500000, 0x000000008e600000, 0x000000008e600000|100%| E|CS|TAMS 0x000000008e500000, 0x000000008e500000| Complete 
| 230|0x000000008e600000, 0x000000008e700000, 0x000000008e700000|100%| E|CS|TAMS 0x000000008e600000, 0x000000008e600000| Complete 
| 231|0x000000008e700000, 0x000000008e800000, 0x000000008e800000|100%| E|CS|TAMS 0x000000008e700000, 0x000000008e700000| Complete 
| 232|0x000000008e800000, 0x000000008e900000, 0x000000008e900000|100%| E|CS|TAMS 0x000000008e800000, 0x000000008e800000| Complete 
| 233|0x000000008e900000, 0x000000008ea00000, 0x000000008ea00000|100%| E|CS|TAMS 0x000000008e900000, 0x000000008e900000| Complete 
| 234|0x000000008ea00000, 0x000000008eb00000, 0x000000008eb00000|100%| E|CS|TAMS 0x000000008ea00000, 0x000000008ea00000| Complete 
| 235|0x000000008eb00000, 0x000000008ec00000, 0x000000008ec00000|100%| E|CS|TAMS 0x000000008eb00000, 0x000000008eb00000| Complete 
| 236|0x000000008ec00000, 0x000000008ed00000, 0x000000008ed00000|100%| E|CS|TAMS 0x000000008ec00000, 0x000000008ec00000| Complete 
| 237|0x000000008ed00000, 0x000000008ee00000, 0x000000008ee00000|100%| E|CS|TAMS 0x000000008ed00000, 0x000000008ed00000| Complete 
| 238|0x000000008ee00000, 0x000000008ef00000, 0x000000008ef00000|100%| E|CS|TAMS 0x000000008ee00000, 0x000000008ee00000| Complete 
| 239|0x000000008ef00000, 0x000000008f000000, 0x000000008f000000|100%| E|CS|TAMS 0x000000008ef00000, 0x000000008ef00000| Complete 
| 240|0x000000008f000000, 0x000000008f100000, 0x000000008f100000|100%| E|CS|TAMS 0x000000008f000000, 0x000000008f000000| Complete 
| 241|0x000000008f100000, 0x000000008f200000, 0x000000008f200000|100%| E|CS|TAMS 0x000000008f100000, 0x000000008f100000| Complete 
| 242|0x000000008f200000, 0x000000008f300000, 0x000000008f300000|100%| E|CS|TAMS 0x000000008f200000, 0x000000008f200000| Complete 
| 243|0x000000008f300000, 0x000000008f400000, 0x000000008f400000|100%| E|CS|TAMS 0x000000008f300000, 0x000000008f300000| Complete 
| 244|0x000000008f400000, 0x000000008f45c640, 0x000000008f500000| 36%| S|CS|TAMS 0x000000008f400000, 0x000000008f400000| Complete 
| 245|0x000000008f500000, 0x000000008f600000, 0x000000008f600000|100%| S|CS|TAMS 0x000000008f500000, 0x000000008f500000| Complete 
| 258|0x0000000090200000, 0x0000000090300000, 0x0000000090300000|100%| E|CS|TAMS 0x0000000090200000, 0x0000000090200000| Complete 
| 259|0x0000000090300000, 0x0000000090400000, 0x0000000090400000|100%| E|CS|TAMS 0x0000000090300000, 0x0000000090300000| Complete 
| 260|0x0000000090400000, 0x0000000090500000, 0x0000000090500000|100%| E|CS|TAMS 0x0000000090400000, 0x0000000090400000| Complete 
| 261|0x0000000090500000, 0x0000000090600000, 0x0000000090600000|100%| E|CS|TAMS 0x0000000090500000, 0x0000000090500000| Complete 

Card table byte_map: [0x00000197646b0000,0x0000019764ab0000] _byte_map_base: 0x00000197642b0000

Marking Bits (Prev, Next): (CMBitMap*) 0x000001974d814f40, (CMBitMap*) 0x000001974d814f00
 Prev Bits: [0x0000019766eb0000, 0x0000019768eb0000)
 Next Bits: [0x0000019764eb0000, 0x0000019766eb0000)

Polling page: 0x000001974b660000

Metaspace:

Usage:
  Non-class:     78.08 MB used.
      Class:     12.81 MB used.
       Both:     90.89 MB used.

Virtual space:
  Non-class space:      128.00 MB reserved,      78.62 MB ( 61%) committed,  2 nodes.
      Class space:      416.00 MB reserved,      13.25 MB (  3%) committed,  1 nodes.
             Both:      544.00 MB reserved,      91.88 MB ( 17%) committed. 

Chunk freelists:
   Non-Class:  1.16 MB
       Class:  2.65 MB
        Both:  3.81 MB

MaxMetaspaceSize: 512.00 MB
CompressedClassSpaceSize: 416.00 MB
Initial GC threshold: 21.00 MB
Current GC threshold: 139.06 MB
CDS: on
MetaspaceReclaimPolicy: balanced
 - commit_granule_bytes: 65536.
 - commit_granule_words: 8192.
 - virtual_space_node_default_size: 8388608.
 - enlarge_chunks_in_place: 1.
 - new_chunks_are_fully_committed: 0.
 - uncommit_free_chunks: 1.
 - use_allocation_guard: 0.
 - handle_deallocations: 1.


Internal statistics:

num_allocs_failed_limit: 6.
num_arena_births: 1294.
num_arena_deaths: 0.
num_vsnodes_births: 3.
num_vsnodes_deaths: 0.
num_space_committed: 1470.
num_space_uncommitted: 0.
num_chunks_returned_to_freelist: 6.
num_chunks_taken_from_freelist: 5406.
num_chunk_merges: 6.
num_chunk_splits: 3501.
num_chunks_enlarged: 2240.
num_inconsistent_stats: 0.

CodeHeap 'non-profiled nmethods': size=120000Kb used=6920Kb max_used=6920Kb free=113080Kb
 bounds [0x000001975cd80000, 0x000001975d450000, 0x00000197642b0000]
CodeHeap 'profiled nmethods': size=120000Kb used=21035Kb max_used=21035Kb free=98964Kb
 bounds [0x00000197552b0000, 0x0000019756740000, 0x000001975c7e0000]
CodeHeap 'non-nmethods': size=5760Kb used=2400Kb max_used=2442Kb free=3359Kb
 bounds [0x000001975c7e0000, 0x000001975ca60000, 0x000001975cd80000]
 total_blobs=11730 nmethods=10793 adapters=849
 compilation: enabled
              stopped_count=0, restarted_count=0
 full_count=0

Compilation events (20 events):
Event: 41.386 Thread 0x000001976b3756d0 nmethod 12442 0x000001975d430010 code [0x000001975d4301a0, 0x000001975d430278]
Event: 41.386 Thread 0x000001976b3756d0 12453       4       org.gradle.internal.snapshot.DirectorySnapshot::getType (4 bytes)
Event: 41.386 Thread 0x000001976b3756d0 nmethod 12453 0x000001975d430310 code [0x000001975d430480, 0x000001975d4304f8]
Event: 41.388 Thread 0x000001976b3756d0 12454       4       com.google.common.cache.LocalCache$LoadingValueReference::notifyNewValue (21 bytes)
Event: 41.392 Thread 0x000001976b3756d0 nmethod 12454 0x000001975d430610 code [0x000001975d4307a0, 0x000001975d430ab8]
Event: 41.406 Thread 0x0000019772c6ac60 nmethod 12449 0x000001975d430c90 code [0x000001975d430e80, 0x000001975d4319c8]
Event: 41.413 Thread 0x0000019772c6ac60 12455       4       org.gradle.internal.snapshot.AbstractListChildMap$2::withReplacedChild (28 bytes)
Event: 41.417 Thread 0x000001976b3756d0 12456       4       java.util.stream.Collectors$CollectorImpl::<init> (13 bytes)
Event: 41.421 Thread 0x000001976b3756d0 nmethod 12456 0x000001975d432090 code [0x000001975d432200, 0x000001975d4326d8]
Event: 41.421 Thread 0x000001976b3756d0 12457       4       org.gradle.internal.serialize.InterningStringSerializer::write (10 bytes)
Event: 41.429 Thread 0x0000019772c6ac60 nmethod 12455 0x000001975d432790 code [0x000001975d4329c0, 0x000001975d433838]
Event: 41.429 Thread 0x0000019772c6ac60 12458       4       org.gradle.api.internal.changedetection.state.CachingFileHasher::hash (12 bytes)
Event: 41.432 Thread 0x0000019772c6ac60 nmethod 12458 0x000001975d434210 code [0x000001975d4343c0, 0x000001975d4346b8]
Event: 41.434 Thread 0x000001976b3756d0 nmethod 12457 0x000001975d434a90 code [0x000001975d434c40, 0x000001975d435338]
Event: 41.435 Thread 0x000001976b3756d0 12459       4       org.gradle.cache.internal.DefaultFileLockManager$DefaultFileLock::assertOpenAndIntegral (41 bytes)
Event: 41.436 Thread 0x000001976b3756d0 nmethod 12459 0x000001975d435690 code [0x000001975d435820, 0x000001975d435938]
Event: 41.441 Thread 0x0000019772c6ac60 12460   !   4       org.gradle.cache.internal.DefaultMultiProcessSafeIndexedCache::getIfPresent (25 bytes)
Event: 41.441 Thread 0x000001976b3756d0 12461       4       org.gradle.cache.internal.DefaultCacheCoordinator$UnitOfWorkFileAccess::readFile (14 bytes)
Event: 41.528 Thread 0x000001976b3756d0 nmethod 12461 0x000001975d435a90 code [0x000001975d435dc0, 0x000001975d4388d0]
Event: 41.528 Thread 0x000001976b3756d0 12463       4       com.google.common.collect.ImmutableMultimap$Builder::put (50 bytes)

GC Heap History (20 events):
Event: 17.304 GC heap before
{Heap before GC invocations=29 (full 0):
 garbage-first heap   total 119808K, used 70206K [0x0000000080000000, 0x0000000100000000)
  region size 1024K, 5 young (5120K), 4 survivors (4096K)
 Metaspace       used 62939K, committed 63680K, reserved 491520K
  class space    used 8905K, committed 9280K, reserved 425984K
}
Event: 17.310 GC heap after
{Heap after GC invocations=30 (full 0):
 garbage-first heap   total 119808K, used 68617K [0x0000000080000000, 0x0000000100000000)
  region size 1024K, 1 young (1024K), 1 survivors (1024K)
 Metaspace       used 62939K, committed 63680K, reserved 491520K
  class space    used 8905K, committed 9280K, reserved 425984K
}
Event: 18.067 GC heap before
{Heap before GC invocations=30 (full 0):
 garbage-first heap   total 119808K, used 97289K [0x0000000080000000, 0x0000000100000000)
  region size 1024K, 29 young (29696K), 1 survivors (1024K)
 Metaspace       used 64819K, committed 65600K, reserved 491520K
  class space    used 9172K, committed 9536K, reserved 425984K
}
Event: 18.077 GC heap after
{Heap after GC invocations=31 (full 0):
 garbage-first heap   total 268288K, used 71128K [0x0000000080000000, 0x0000000100000000)
  region size 1024K, 4 young (4096K), 4 survivors (4096K)
 Metaspace       used 64819K, committed 65600K, reserved 491520K
  class space    used 9172K, committed 9536K, reserved 425984K
}
Event: 23.383 GC heap before
{Heap before GC invocations=32 (full 0):
 garbage-first heap   total 256000K, used 183768K [0x0000000080000000, 0x0000000100000000)
  region size 1024K, 115 young (117760K), 4 survivors (4096K)
 Metaspace       used 70084K, committed 70848K, reserved 491520K
  class space    used 9940K, committed 10304K, reserved 425984K
}
Event: 23.409 GC heap after
{Heap after GC invocations=33 (full 0):
 garbage-first heap   total 256000K, used 80357K [0x0000000080000000, 0x0000000100000000)
  region size 1024K, 13 young (13312K), 13 survivors (13312K)
 Metaspace       used 70084K, committed 70848K, reserved 491520K
  class space    used 9940K, committed 10304K, reserved 425984K
}
Event: 23.530 GC heap before
{Heap before GC invocations=33 (full 0):
 garbage-first heap   total 256000K, used 80357K [0x0000000080000000, 0x0000000100000000)
  region size 1024K, 14 young (14336K), 13 survivors (13312K)
 Metaspace       used 70106K, committed 70848K, reserved 491520K
  class space    used 9940K, committed 10304K, reserved 425984K
}
Event: 23.546 GC heap after
{Heap after GC invocations=34 (full 0):
 garbage-first heap   total 256000K, used 80953K [0x0000000080000000, 0x0000000100000000)
  region size 1024K, 2 young (2048K), 2 survivors (2048K)
 Metaspace       used 70106K, committed 70848K, reserved 491520K
  class space    used 9940K, committed 10304K, reserved 425984K
}
Event: 25.891 GC heap before
{Heap before GC invocations=34 (full 0):
 garbage-first heap   total 256000K, used 185401K [0x0000000080000000, 0x0000000100000000)
  region size 1024K, 105 young (107520K), 2 survivors (2048K)
 Metaspace       used 70234K, committed 70976K, reserved 491520K
  class space    used 9941K, committed 10304K, reserved 425984K
}
Event: 25.897 GC heap after
{Heap after GC invocations=35 (full 0):
 garbage-first heap   total 256000K, used 84293K [0x0000000080000000, 0x0000000100000000)
  region size 1024K, 5 young (5120K), 5 survivors (5120K)
 Metaspace       used 70234K, committed 70976K, reserved 491520K
  class space    used 9941K, committed 10304K, reserved 425984K
}
Event: 29.538 GC heap before
{Heap before GC invocations=35 (full 0):
 garbage-first heap   total 256000K, used 201029K [0x0000000080000000, 0x0000000100000000)
  region size 1024K, 112 young (114688K), 5 survivors (5120K)
 Metaspace       used 73770K, committed 74624K, reserved 491520K
  class space    used 10334K, committed 10752K, reserved 425984K
}
Event: 29.547 GC heap after
{Heap after GC invocations=36 (full 0):
 garbage-first heap   total 256000K, used 97863K [0x0000000080000000, 0x0000000100000000)
  region size 1024K, 12 young (12288K), 12 survivors (12288K)
 Metaspace       used 73770K, committed 74624K, reserved 491520K
  class space    used 10334K, committed 10752K, reserved 425984K
}
Event: 32.868 GC heap before
{Heap before GC invocations=36 (full 0):
 garbage-first heap   total 256000K, used 202311K [0x0000000080000000, 0x0000000100000000)
  region size 1024K, 109 young (111616K), 12 survivors (12288K)
 Metaspace       used 80503K, committed 81344K, reserved 557056K
  class space    used 11204K, committed 11584K, reserved 425984K
}
Event: 32.881 GC heap after
{Heap after GC invocations=37 (full 0):
 garbage-first heap   total 256000K, used 106048K [0x0000000080000000, 0x0000000100000000)
  region size 1024K, 7 young (7168K), 7 survivors (7168K)
 Metaspace       used 80503K, committed 81344K, reserved 557056K
  class space    used 11204K, committed 11584K, reserved 425984K
}
Event: 34.980 GC heap before
{Heap before GC invocations=37 (full 0):
 garbage-first heap   total 256000K, used 200256K [0x0000000080000000, 0x0000000100000000)
  region size 1024K, 99 young (101376K), 7 survivors (7168K)
 Metaspace       used 84499K, committed 85440K, reserved 557056K
  class space    used 11738K, committed 12160K, reserved 425984K
}
Event: 34.992 GC heap after
{Heap after GC invocations=38 (full 0):
 garbage-first heap   total 256000K, used 112404K [0x0000000080000000, 0x0000000100000000)
  region size 1024K, 6 young (6144K), 6 survivors (6144K)
 Metaspace       used 84499K, committed 85440K, reserved 557056K
  class space    used 11738K, committed 12160K, reserved 425984K
}
Event: 38.014 GC heap before
{Heap before GC invocations=39 (full 0):
 garbage-first heap   total 256000K, used 204564K [0x0000000080000000, 0x0000000100000000)
  region size 1024K, 96 young (98304K), 6 survivors (6144K)
 Metaspace       used 89900K, committed 90816K, reserved 557056K
  class space    used 12678K, committed 13120K, reserved 425984K
}
Event: 38.022 GC heap after
{Heap after GC invocations=40 (full 0):
 garbage-first heap   total 256000K, used 114452K [0x0000000080000000, 0x0000000100000000)
  region size 1024K, 8 young (8192K), 8 survivors (8192K)
 Metaspace       used 89900K, committed 90816K, reserved 557056K
  class space    used 12678K, committed 13120K, reserved 425984K
}
Event: 38.119 GC heap before
{Heap before GC invocations=40 (full 0):
 garbage-first heap   total 256000K, used 117524K [0x0000000080000000, 0x0000000100000000)
  region size 1024K, 12 young (12288K), 8 survivors (8192K)
 Metaspace       used 90158K, committed 91008K, reserved 557056K
  class space    used 12712K, committed 13120K, reserved 425984K
}
Event: 38.128 GC heap after
{Heap after GC invocations=41 (full 0):
 garbage-first heap   total 256000K, used 113634K [0x0000000080000000, 0x0000000100000000)
  region size 1024K, 2 young (2048K), 2 survivors (2048K)
 Metaspace       used 90158K, committed 91008K, reserved 557056K
  class space    used 12712K, committed 13120K, reserved 425984K
}

Dll operation events (14 events):
Event: 0.079 Loaded shared library C:\Program Files\Microsoft\jdk-17.0.8.7-hotspot\bin\java.dll
Event: 0.127 Loaded shared library C:\Program Files\Microsoft\jdk-17.0.8.7-hotspot\bin\jsvml.dll
Event: 0.192 Loaded shared library C:\Program Files\Microsoft\jdk-17.0.8.7-hotspot\bin\zip.dll
Event: 0.206 Loaded shared library C:\Program Files\Microsoft\jdk-17.0.8.7-hotspot\bin\instrument.dll
Event: 0.213 Loaded shared library C:\Program Files\Microsoft\jdk-17.0.8.7-hotspot\bin\net.dll
Event: 0.214 Loaded shared library C:\Program Files\Microsoft\jdk-17.0.8.7-hotspot\bin\nio.dll
Event: 0.218 Loaded shared library C:\Program Files\Microsoft\jdk-17.0.8.7-hotspot\bin\zip.dll
Event: 0.911 Loaded shared library C:\Program Files\Microsoft\jdk-17.0.8.7-hotspot\bin\jimage.dll
Event: 1.053 Loaded shared library C:\Program Files\Microsoft\jdk-17.0.8.7-hotspot\bin\verify.dll
Event: 1.314 Loaded shared library C:\Users\Asus\.gradle\native\c067742578af261105cb4f569cf0c3c89f3d7b1fecec35dd04571415982c5e48\windows-amd64\native-platform.dll
Event: 1.424 Loaded shared library C:\Users\Asus\.gradle\native\100fb08df4bc3b14c8652ba06237920a3bd2aa13389f12d3474272988ae205f9\windows-amd64\native-platform-file-events.dll
Event: 3.709 Loaded shared library C:\Program Files\Microsoft\jdk-17.0.8.7-hotspot\bin\management.dll
Event: 3.711 Loaded shared library C:\Program Files\Microsoft\jdk-17.0.8.7-hotspot\bin\management_ext.dll
Event: 4.408 Loaded shared library C:\Program Files\Microsoft\jdk-17.0.8.7-hotspot\bin\sunmscapi.dll

Deoptimization events (20 events):
Event: 40.552 Thread 0x000001976b580cf0 Uncommon trap: trap_request=0xffffff45 fr.pc=0x000001975d38e644 relative=0x0000000000000264
Event: 40.552 Thread 0x000001976b580cf0 Uncommon trap: reason=unstable_if action=reinterpret pc=0x000001975d38e644 method=org.gradle.internal.reflect.PropertyAccessorType.of(Ljava/lang/reflect/Method;)Lorg/gradle/internal/reflect/PropertyAccessorType; @ 74 c2
Event: 40.552 Thread 0x000001976b580cf0 DEOPT PACKING pc=0x000001975d38e644 sp=0x0000002f68ff6a90
Event: 40.552 Thread 0x000001976b580cf0 DEOPT UNPACKING pc=0x000001975c8369a3 sp=0x0000002f68ff6a50 mode 2
Event: 40.557 Thread 0x000001976b580cf0 Uncommon trap: trap_request=0xffffff45 fr.pc=0x000001975d40e838 relative=0x0000000000000418
Event: 40.557 Thread 0x000001976b580cf0 Uncommon trap: reason=unstable_if action=reinterpret pc=0x000001975d40e838 method=groovy.lang.MetaClassImpl.filterPropertyMethod(Ljava/lang/Object;ZZ)Ljava/lang/Object; @ 80 c2
Event: 40.557 Thread 0x000001976b580cf0 DEOPT PACKING pc=0x000001975d40e838 sp=0x0000002f68ff6090
Event: 40.557 Thread 0x000001976b580cf0 DEOPT UNPACKING pc=0x000001975c8369a3 sp=0x0000002f68ff5ff0 mode 2
Event: 40.687 Thread 0x000001976b580cf0 Uncommon trap: trap_request=0xffffff45 fr.pc=0x000001975d17f4c0 relative=0x0000000000001100
Event: 40.687 Thread 0x000001976b580cf0 Uncommon trap: reason=unstable_if action=reinterpret pc=0x000001975d17f4c0 method=java.lang.ClassLoader.checkCerts(Ljava/lang/String;Ljava/security/CodeSource;)V @ 30 c2
Event: 40.687 Thread 0x000001976b580cf0 DEOPT PACKING pc=0x000001975d17f4c0 sp=0x0000002f68ff54e0
Event: 40.687 Thread 0x000001976b580cf0 DEOPT UNPACKING pc=0x000001975c8369a3 sp=0x0000002f68ff5458 mode 2
Event: 40.687 Thread 0x000001976b580cf0 Uncommon trap: trap_request=0xffffff45 fr.pc=0x000001975d3b61d0 relative=0x0000000000000e70
Event: 40.687 Thread 0x000001976b580cf0 Uncommon trap: reason=unstable_if action=reinterpret pc=0x000001975d3b61d0 method=java.lang.ClassLoader.defineClassSourceLocation(Ljava/security/ProtectionDomain;)Ljava/lang/String; @ 8 c2
Event: 40.687 Thread 0x000001976b580cf0 DEOPT PACKING pc=0x000001975d3b61d0 sp=0x0000002f68ff5590
Event: 40.687 Thread 0x000001976b580cf0 DEOPT UNPACKING pc=0x000001975c8369a3 sp=0x0000002f68ff5528 mode 2
Event: 40.687 Thread 0x000001976b580cf0 Uncommon trap: trap_request=0xffffff45 fr.pc=0x000001975d07420c relative=0x0000000000000a8c
Event: 40.687 Thread 0x000001976b580cf0 Uncommon trap: reason=unstable_if action=reinterpret pc=0x000001975d07420c method=java.lang.ClassLoader.loadClass(Ljava/lang/String;Z)Ljava/lang/Class; @ 29 c2
Event: 40.687 Thread 0x000001976b580cf0 DEOPT PACKING pc=0x000001975d07420c sp=0x0000002f68ff15c0
Event: 40.687 Thread 0x000001976b580cf0 DEOPT UNPACKING pc=0x000001975c8369a3 sp=0x0000002f68ff1588 mode 2

Classes unloaded (0 events):
No events

Classes redefined (0 events):
No events

Internal exceptions (20 events):
Event: 40.556 Thread 0x000001976b580cf0 Exception <a 'java/lang/ClassNotFoundException'{0x000000008cadd250}: config_35zxacgkxuto74webtzj15q1bBeanInfo> (0x000000008cadd250) 
thrown [s\src\hotspot\share\classfile\systemDictionary.cpp, line 256]
Event: 40.556 Thread 0x000001976b580cf0 Exception <a 'java/lang/ClassNotFoundException'{0x000000008cae6e38}: config_35zxacgkxuto74webtzj15q1bCustomizer> (0x000000008cae6e38) 
thrown [s\src\hotspot\share\classfile\systemDictionary.cpp, line 256]
Event: 40.611 Thread 0x000001976b580cf0 Exception <a 'java/lang/ClassNotFoundException'{0x000000008c899420}: java/util/ArrayListBeanInfo> (0x000000008c899420) 
thrown [s\src\hotspot\share\classfile\systemDictionary.cpp, line 256]
Event: 40.611 Thread 0x000001976b580cf0 Exception <a 'java/lang/ClassNotFoundException'{0x000000008c8a0ef0}: java/util/AbstractListBeanInfo> (0x000000008c8a0ef0) 
thrown [s\src\hotspot\share\classfile\systemDictionary.cpp, line 256]
Event: 40.612 Thread 0x000001976b580cf0 Exception <a 'java/lang/ClassNotFoundException'{0x000000008c8a86f0}: java/util/AbstractListCustomizer> (0x000000008c8a86f0) 
thrown [s\src\hotspot\share\classfile\systemDictionary.cpp, line 256]
Event: 40.629 Thread 0x000001976b580cf0 Exception <a 'java/lang/ClassNotFoundException'{0x000000008c8ba698}: java/util/ArrayListCustomizer> (0x000000008c8ba698) 
thrown [s\src\hotspot\share\classfile\systemDictionary.cpp, line 256]
Event: 40.687 Thread 0x000001976b580cf0 Implicit null exception at 0x000001975d17e772 to 0x000001975d17f49c
Event: 40.687 Thread 0x000001976b580cf0 Implicit null exception at 0x000001975d3b53b9 to 0x000001975d3b61bc
Event: 40.734 Thread 0x000001976b580cf0 Exception <a 'java/lang/ClassNotFoundException'{0x000000008c7b75b0}: java/util/LinkedHashMapBeanInfo> (0x000000008c7b75b0) 
thrown [s\src\hotspot\share\classfile\systemDictionary.cpp, line 256]
Event: 40.734 Thread 0x000001976b580cf0 Exception <a 'java/lang/ClassNotFoundException'{0x000000008c7bd888}: java/util/HashMapBeanInfo> (0x000000008c7bd888) 
thrown [s\src\hotspot\share\classfile\systemDictionary.cpp, line 256]
Event: 40.734 Thread 0x000001976b580cf0 Exception <a 'java/lang/ClassNotFoundException'{0x000000008c7c3b60}: java/util/AbstractMapBeanInfo> (0x000000008c7c3b60) 
thrown [s\src\hotspot\share\classfile\systemDictionary.cpp, line 256]
Event: 40.735 Thread 0x000001976b580cf0 Exception <a 'java/lang/ClassNotFoundException'{0x000000008c7c9e28}: java/util/AbstractMapCustomizer> (0x000000008c7c9e28) 
thrown [s\src\hotspot\share\classfile\systemDictionary.cpp, line 256]
Event: 40.736 Thread 0x000001976b580cf0 Exception <a 'java/lang/ClassNotFoundException'{0x000000008c7da298}: java/util/HashMapCustomizer> (0x000000008c7da298) 
thrown [s\src\hotspot\share\classfile\systemDictionary.cpp, line 256]
Event: 40.737 Thread 0x000001976b580cf0 Exception <a 'java/lang/ClassNotFoundException'{0x000000008c7f8520}: java/util/LinkedHashMapCustomizer> (0x000000008c7f8520) 
thrown [s\src\hotspot\share\classfile\systemDictionary.cpp, line 256]
Event: 40.793 Thread 0x000001976b580cf0 Exception <a 'java/lang/ClassNotFoundException'{0x000000008c6c7e38}: groovy/lang/GString$1BeanInfo> (0x000000008c6c7e38) 
thrown [s\src\hotspot\share\classfile\systemDictionary.cpp, line 256]
Event: 40.795 Thread 0x000001976b580cf0 Exception <a 'java/lang/ClassNotFoundException'{0x000000008c6e8cc8}: groovy/lang/GStringBeanInfo> (0x000000008c6e8cc8) 
thrown [s\src\hotspot\share\classfile\systemDictionary.cpp, line 256]
Event: 40.796 Thread 0x000001976b580cf0 Exception <a 'java/lang/ClassNotFoundException'{0x000000008c509ff0}: groovy/lang/GStringCustomizer> (0x000000008c509ff0) 
thrown [s\src\hotspot\share\classfile\systemDictionary.cpp, line 256]
Event: 40.797 Thread 0x000001976b580cf0 Exception <a 'java/lang/ClassNotFoundException'{0x000000008c535440}: groovy/lang/GString$1Customizer> (0x000000008c535440) 
thrown [s\src\hotspot\share\classfile\systemDictionary.cpp, line 256]
Event: 40.868 Thread 0x000001976b580cf0 Exception <a 'java/lang/ClassNotFoundException'{0x000000008c213fa0}: org/codehaus/groovy/runtime/GStringImplBeanInfo> (0x000000008c213fa0) 
thrown [s\src\hotspot\share\classfile\systemDictionary.cpp, line 256]
Event: 40.884 Thread 0x000001976b580cf0 Exception <a 'java/lang/ClassNotFoundException'{0x000000008c1fa400}: org/codehaus/groovy/runtime/GStringImplCustomizer> (0x000000008c1fa400) 
thrown [s\src\hotspot\share\classfile\systemDictionary.cpp, line 256]

VM Operations (20 events):
Event: 35.145 Executing VM operation: G1PauseRemark
Event: 35.155 Executing VM operation: G1PauseRemark done
Event: 35.302 Executing VM operation: G1PauseCleanup
Event: 35.302 Executing VM operation: G1PauseCleanup done
Event: 35.757 Executing VM operation: HandshakeAllThreads
Event: 35.757 Executing VM operation: HandshakeAllThreads done
Event: 36.765 Executing VM operation: Cleanup
Event: 36.766 Executing VM operation: Cleanup done
Event: 37.775 Executing VM operation: Cleanup
Event: 37.775 Executing VM operation: Cleanup done
Event: 38.013 Executing VM operation: G1CollectForAllocation
Event: 38.022 Executing VM operation: G1CollectForAllocation done
Event: 38.119 Executing VM operation: G1CollectForAllocation
Event: 38.128 Executing VM operation: G1CollectForAllocation done
Event: 39.131 Executing VM operation: Cleanup
Event: 39.132 Executing VM operation: Cleanup done
Event: 40.146 Executing VM operation: Cleanup
Event: 40.147 Executing VM operation: Cleanup done
Event: 40.848 Executing VM operation: HandshakeAllThreads
Event: 40.858 Executing VM operation: HandshakeAllThreads done

Events (20 events):
Event: 40.734 loading class java/util/HashMapBeanInfo done
Event: 40.734 loading class java/util/AbstractMapBeanInfo
Event: 40.734 loading class java/util/AbstractMapBeanInfo done
Event: 40.734 loading class java/util/AbstractMapBeanInfo
Event: 40.734 loading class java/util/AbstractMapBeanInfo done
Event: 40.734 loading class java/util/AbstractMapCustomizer
Event: 40.734 loading class java/util/AbstractMapCustomizer done
Event: 40.735 loading class java/util/AbstractMapCustomizer
Event: 40.735 loading class java/util/AbstractMapCustomizer done
Event: 40.736 loading class java/util/HashMapCustomizer
Event: 40.736 loading class java/util/HashMapCustomizer done
Event: 40.736 loading class java/util/HashMapCustomizer
Event: 40.736 loading class java/util/HashMapCustomizer done
Event: 40.737 loading class java/util/LinkedHashMapCustomizer
Event: 40.737 loading class java/util/LinkedHashMapCustomizer done
Event: 40.737 loading class java/util/LinkedHashMapCustomizer
Event: 40.737 loading class java/util/LinkedHashMapCustomizer done
Event: 40.861 Thread 0x000001976b388660 flushing nmethod 0x00000197553d8e10
Event: 40.969 Thread 0x0000019772c6dc30 Thread exited: 0x0000019772c6dc30
Event: 41.384 Thread 0x0000019772c6ac60 Thread added: 0x0000019772c6ac60


Dynamic libraries:
0x00007ff78d300000 - 0x00007ff78d30e000 	C:\Program Files\Microsoft\jdk-17.0.8.7-hotspot\bin\java.exe
0x00007ffc49750000 - 0x00007ffc49948000 	C:\Windows\SYSTEM32\ntdll.dll
0x00007ffc47d30000 - 0x00007ffc47df2000 	C:\Windows\System32\KERNEL32.DLL
0x00007ffc47030000 - 0x00007ffc4732e000 	C:\Windows\System32\KERNELBASE.dll
0x00007ffc46f30000 - 0x00007ffc47030000 	C:\Windows\System32\ucrtbase.dll
0x00007ffc3d010000 - 0x00007ffc3d02b000 	C:\Program Files\Microsoft\jdk-17.0.8.7-hotspot\bin\VCRUNTIME140.dll
0x00007ffc3d030000 - 0x00007ffc3d047000 	C:\Program Files\Microsoft\jdk-17.0.8.7-hotspot\bin\jli.dll
0x00007ffc47e90000 - 0x00007ffc4802d000 	C:\Windows\System32\USER32.dll
0x00007ffc47600000 - 0x00007ffc47622000 	C:\Windows\System32\win32u.dll
0x00007ffc2f920000 - 0x00007ffc2fbba000 	C:\Windows\WinSxS\amd64_microsoft.windows.common-controls_6595b64144ccf1df_6.0.19041.4355_none_60b8b9eb71f62e16\COMCTL32.dll
0x00007ffc48dc0000 - 0x00007ffc48deb000 	C:\Windows\System32\GDI32.dll
0x00007ffc49610000 - 0x00007ffc496ae000 	C:\Windows\System32\msvcrt.dll
0x00007ffc47330000 - 0x00007ffc47447000 	C:\Windows\System32\gdi32full.dll
0x00007ffc47630000 - 0x00007ffc476cd000 	C:\Windows\System32\msvcp_win.dll
0x00007ffc47780000 - 0x00007ffc477af000 	C:\Windows\System32\IMM32.DLL
0x00007ffc200a0000 - 0x00007ffc200ac000 	C:\Program Files\Microsoft\jdk-17.0.8.7-hotspot\bin\vcruntime140_1.dll
0x00007ffc15280000 - 0x00007ffc1530d000 	C:\Program Files\Microsoft\jdk-17.0.8.7-hotspot\bin\msvcp140.dll
0x00007ffbfc6d0000 - 0x00007ffbfd335000 	C:\Program Files\Microsoft\jdk-17.0.8.7-hotspot\bin\server\jvm.dll
0x00007ffc47c80000 - 0x00007ffc47d30000 	C:\Windows\System32\ADVAPI32.dll
0x00007ffc48040000 - 0x00007ffc480e0000 	C:\Windows\System32\sechost.dll
0x00007ffc49070000 - 0x00007ffc49193000 	C:\Windows\System32\RPCRT4.dll
0x00007ffc46f00000 - 0x00007ffc46f27000 	C:\Windows\System32\bcrypt.dll
0x00007ffc46c60000 - 0x00007ffc46cab000 	C:\Windows\SYSTEM32\POWRPROF.dll
0x00007ffc35680000 - 0x00007ffc35689000 	C:\Windows\SYSTEM32\WSOCK32.dll
0x00007ffc49000000 - 0x00007ffc4906b000 	C:\Windows\System32\WS2_32.dll
0x00007ffc3dc60000 - 0x00007ffc3dc87000 	C:\Windows\SYSTEM32\WINMM.dll
0x00007ffc38920000 - 0x00007ffc3892a000 	C:\Windows\SYSTEM32\VERSION.dll
0x00007ffc46c40000 - 0x00007ffc46c52000 	C:\Windows\SYSTEM32\UMPDC.dll
0x00007ffc44c60000 - 0x00007ffc44c72000 	C:\Windows\SYSTEM32\kernel.appcore.dll
0x00007ffc20090000 - 0x00007ffc2009a000 	C:\Program Files\Microsoft\jdk-17.0.8.7-hotspot\bin\jimage.dll
0x00007ffc31490000 - 0x00007ffc31674000 	C:\Windows\SYSTEM32\DBGHELP.DLL
0x00007ffc320e0000 - 0x00007ffc32114000 	C:\Windows\SYSTEM32\dbgcore.DLL
0x00007ffc46e70000 - 0x00007ffc46ef2000 	C:\Windows\System32\bcryptPrimitives.dll
0x00007ffc1e590000 - 0x00007ffc1e59e000 	C:\Program Files\Microsoft\jdk-17.0.8.7-hotspot\bin\instrument.dll
0x00007ffc20060000 - 0x00007ffc20085000 	C:\Program Files\Microsoft\jdk-17.0.8.7-hotspot\bin\java.dll
0x00007ffc151a0000 - 0x00007ffc15277000 	C:\Program Files\Microsoft\jdk-17.0.8.7-hotspot\bin\jsvml.dll
0x00007ffc48100000 - 0x00007ffc4886f000 	C:\Windows\System32\SHELL32.dll
0x00007ffc44e60000 - 0x00007ffc45604000 	C:\Windows\SYSTEM32\windows.storage.dll
0x00007ffc48930000 - 0x00007ffc48c83000 	C:\Windows\System32\combase.dll
0x00007ffc46680000 - 0x00007ffc466ae000 	C:\Windows\SYSTEM32\Wldp.dll
0x00007ffc491a0000 - 0x00007ffc4926d000 	C:\Windows\System32\OLEAUT32.dll
0x00007ffc48880000 - 0x00007ffc4892d000 	C:\Windows\System32\SHCORE.dll
0x00007ffc496b0000 - 0x00007ffc49705000 	C:\Windows\System32\shlwapi.dll
0x00007ffc46d30000 - 0x00007ffc46d54000 	C:\Windows\SYSTEM32\profapi.dll
0x00007ffc1efb0000 - 0x00007ffc1efc8000 	C:\Program Files\Microsoft\jdk-17.0.8.7-hotspot\bin\zip.dll
0x00007ffc1f420000 - 0x00007ffc1f439000 	C:\Program Files\Microsoft\jdk-17.0.8.7-hotspot\bin\net.dll
0x00007ffc40ce0000 - 0x00007ffc40ded000 	C:\Windows\SYSTEM32\WINHTTP.dll
0x00007ffc46460000 - 0x00007ffc464ca000 	C:\Windows\system32\mswsock.dll
0x00007ffc1efd0000 - 0x00007ffc1efe6000 	C:\Program Files\Microsoft\jdk-17.0.8.7-hotspot\bin\nio.dll
0x00007ffc1fd60000 - 0x00007ffc1fd70000 	C:\Program Files\Microsoft\jdk-17.0.8.7-hotspot\bin\verify.dll
0x00007ffc1e5b0000 - 0x00007ffc1e5d7000 	C:\Users\Asus\.gradle\native\c067742578af261105cb4f569cf0c3c89f3d7b1fecec35dd04571415982c5e48\windows-amd64\native-platform.dll
0x00007ffbfc580000 - 0x00007ffbfc6c4000 	C:\Users\Asus\.gradle\native\100fb08df4bc3b14c8652ba06237920a3bd2aa13389f12d3474272988ae205f9\windows-amd64\native-platform-file-events.dll
0x00007ffc1efa0000 - 0x00007ffc1efa9000 	C:\Program Files\Microsoft\jdk-17.0.8.7-hotspot\bin\management.dll
0x00007ffc1e5a0000 - 0x00007ffc1e5ab000 	C:\Program Files\Microsoft\jdk-17.0.8.7-hotspot\bin\management_ext.dll
0x00007ffc48030000 - 0x00007ffc48038000 	C:\Windows\System32\PSAPI.DLL
0x00007ffc466c0000 - 0x00007ffc466d8000 	C:\Windows\SYSTEM32\CRYPTSP.dll
0x00007ffc45da0000 - 0x00007ffc45dd4000 	C:\Windows\system32\rsaenh.dll
0x00007ffc46cb0000 - 0x00007ffc46cde000 	C:\Windows\SYSTEM32\USERENV.dll
0x00007ffc465f0000 - 0x00007ffc465fc000 	C:\Windows\SYSTEM32\CRYPTBASE.dll
0x00007ffc46160000 - 0x00007ffc4619b000 	C:\Windows\SYSTEM32\IPHLPAPI.DLL
0x00007ffc49270000 - 0x00007ffc49278000 	C:\Windows\System32\NSI.dll
0x00007ffc415c0000 - 0x00007ffc415d7000 	C:\Windows\SYSTEM32\dhcpcsvc6.DLL
0x00007ffc41510000 - 0x00007ffc4152d000 	C:\Windows\SYSTEM32\dhcpcsvc.DLL
0x00007ffc461a0000 - 0x00007ffc4626a000 	C:\Windows\SYSTEM32\DNSAPI.dll
0x00007ffc1e580000 - 0x00007ffc1e58e000 	C:\Program Files\Microsoft\jdk-17.0.8.7-hotspot\bin\sunmscapi.dll
0x00007ffc474a0000 - 0x00007ffc475fc000 	C:\Windows\System32\CRYPT32.dll
0x00007ffc467d0000 - 0x00007ffc467f9000 	C:\Windows\SYSTEM32\ncrypt.dll
0x00007ffc46790000 - 0x00007ffc467cb000 	C:\Windows\SYSTEM32\NTASN1.dll
0x00007ffc33bb0000 - 0x00007ffc33bb7000 	C:\Windows\system32\wshunix.dll
0x00007ffc3f070000 - 0x00007ffc3f087000 	C:\Windows\system32\napinsp.dll
0x00007ffc35ad0000 - 0x00007ffc35aeb000 	C:\Windows\system32\pnrpnsp.dll
0x00007ffc2dc40000 - 0x00007ffc2dc55000 	C:\Windows\system32\wshbth.dll
0x00007ffc43480000 - 0x00007ffc4349d000 	C:\Windows\system32\NLAapi.dll
0x00007ffc34e60000 - 0x00007ffc34e72000 	C:\Windows\System32\winrnr.dll
0x00007ffc3cf40000 - 0x00007ffc3cf4a000 	C:\Windows\System32\rasadhlp.dll
0x00007ffc40870000 - 0x00007ffc408f0000 	C:\Windows\System32\fwpuclnt.dll

dbghelp: loaded successfully - version: 4.0.5 - missing functions: none
symbol engine: initialized successfully - sym options: 0x614 - pdb path: .;C:\Program Files\Microsoft\jdk-17.0.8.7-hotspot\bin;C:\Windows\SYSTEM32;C:\Windows\WinSxS\amd64_microsoft.windows.common-controls_6595b64144ccf1df_6.0.19041.4355_none_60b8b9eb71f62e16;C:\Program Files\Microsoft\jdk-17.0.8.7-hotspot\bin\server;C:\Users\Asus\.gradle\native\c067742578af261105cb4f569cf0c3c89f3d7b1fecec35dd04571415982c5e48\windows-amd64;C:\Users\Asus\.gradle\native\100fb08df4bc3b14c8652ba06237920a3bd2aa13389f12d3474272988ae205f9\windows-amd64

VM Arguments:
jvm_args: -XX:MaxMetaspaceSize=512m --add-opens=java.base/java.util=ALL-UNNAMED --add-opens=java.base/java.lang=ALL-UNNAMED --add-opens=java.base/java.lang.invoke=ALL-UNNAMED --add-opens=java.prefs/java.util.prefs=ALL-UNNAMED --add-opens=java.base/java.nio.charset=ALL-UNNAMED --add-opens=java.base/java.net=ALL-UNNAMED --add-opens=java.base/java.util.concurrent.atomic=ALL-UNNAMED -Xmx2048m -Dfile.encoding=windows-1252 -Duser.country=US -Duser.language=en -Duser.variant -javaagent:C:\Users\Asus\.gradle\wrapper\dists\gradle-8.8-all\6gdy1pgp427xkqcjbxw3ylt6h\gradle-8.8\lib\agents\gradle-instrumentation-agent-8.8.jar 
java_command: org.gradle.launcher.daemon.bootstrap.GradleDaemon 8.8
java_class_path (initial): C:\Users\Asus\.gradle\wrapper\dists\gradle-8.8-all\6gdy1pgp427xkqcjbxw3ylt6h\gradle-8.8\lib\gradle-launcher-8.8.jar
Launcher Type: SUN_STANDARD

[Global flags]
     intx CICompilerCount                          = 3                                         {product} {ergonomic}
   size_t CompressedClassSpaceSize                 = 436207616                                 {product} {ergonomic}
     uint ConcGCThreads                            = 1                                         {product} {ergonomic}
     uint G1ConcRefinementThreads                  = 4                                         {product} {ergonomic}
   size_t G1HeapRegionSize                         = 1048576                                   {product} {ergonomic}
    uintx GCDrainStackTargetSize                   = 64                                        {product} {ergonomic}
   size_t InitialHeapSize                          = 134217728                                 {product} {ergonomic}
   size_t MarkStackSize                            = 4194304                                   {product} {ergonomic}
   size_t MaxHeapSize                              = 2147483648                                {product} {command line}
   size_t MaxMetaspaceSize                         = 536870912                                 {product} {command line}
   size_t MaxNewSize                               = 1287651328                                {product} {ergonomic}
   size_t MinHeapDeltaBytes                        = 1048576                                   {product} {ergonomic}
   size_t MinHeapSize                              = 8388608                                   {product} {ergonomic}
    uintx NonNMethodCodeHeapSize                   = 5832780                                {pd product} {ergonomic}
    uintx NonProfiledCodeHeapSize                  = 122912730                              {pd product} {ergonomic}
    uintx ProfiledCodeHeapSize                     = 122912730                              {pd product} {ergonomic}
    uintx ReservedCodeCacheSize                    = 251658240                              {pd product} {ergonomic}
     bool SegmentedCodeCache                       = true                                      {product} {ergonomic}
   size_t SoftMaxHeapSize                          = 2147483648                             {manageable} {ergonomic}
     bool UseCompressedClassPointers               = true                           {product lp64_product} {ergonomic}
     bool UseCompressedOops                        = true                           {product lp64_product} {ergonomic}
     bool UseG1GC                                  = true                                      {product} {ergonomic}
     bool UseLargePagesIndividualAllocation        = false                                  {pd product} {ergonomic}

Logging:
Log output configuration:
 #0: stdout all=warning uptime,level,tags
 #1: stderr all=off uptime,level,tags

Environment Variables:
JAVA_HOME=C:\Program Files\Microsoft\jdk-17.0.8.7-hotspot\
CLASSPATH=D:\wow\android\\gradle\wrapper\gradle-wrapper.jar
PATH=D:\wow\node_modules\.bin;D:\node_modules\.bin;C:\Users\Asus\AppData\Roaming\npm\node_modules\npm\node_modules\@npmcli\run-script\lib\node-gyp-bin;C:\Program Files\Microsoft\jdk-17.0.8.7-hotspot\bin;C:\Program Files\OpenLogic\jdk-11.0.21.9-hotspot\bin;C:\Program Files\Common Files\Oracle\Java\javapath;C:\Windows\system32;C:\Windows;C:\Windows\System32\Wbem;C:\Windows\System32\WindowsPowerShell\v1.0\;C:\Windows\System32\OpenSSH\;C:\Program Files\nodejs;C:\Program Files\nodejs;C:\ProgramData\Microsoft\Windows\Start Menu\Programs\Node.js;C:\Program Files (x86)\nodejs;C:\Program Files\Java\jdk-20\bin;C:\Program Files\MongoDB\Server\7.0\bin;C:\ProgramData\chocolatey\bin;C:\Program Files\Java\jdk-20\bin;C:\Program Files\Git\cmd;C:\Program Files\Git\bin;C:\Program Files\Git\cmd-;D:\MongoDB\Server\7.0\bin;C:\Program Files\MongoDB\Server\7.0\bin;C:\Program Files\MongoDB\Server\7.0\bin;C:\Program Files\MongoDB\Server\7.0\bin;C:\Program Files\Docker\Docker\resources\bin;C:\Users\Asus\AppData\Local\Android\Sdk\platform-tools;C:\Program Files\nodejs\;C:\Program Files (x86)\cloudflared\;C:\Users\Asus\AppData\Local\Android\Sdk\tools;C:\Users\Asus\AppData\Local\Programs\Python\Launcher\;C:\Users\Asus\AppData\Local\Microsoft\WindowsApps;C:\Users\Asus\AppData\Local\Programs\Microsoft VS Code\bin;C:\Program Files\nodejs;C:\Program Files\Java\jdk-20\bin;C:\Program Files\MongoDB\Server\7.0\bin;C:\Program Files\MongoDB\Server\7.0\bin;C:\Users\Asus\AppData\Local\Android\Sdk\platform-tools;C:\Program Files\MongoDB\Server\7.0\bin;C:\Program Files\MongoDB\Server\7.0\bin;C:\Program Files\MongoDB\Server\7.0\bin;C:\Users\Asus\AppData\Local\Android\Sdk;C:\Users\Asus\AppData\Local\Android\Sdk\emulator;C:\Users\Asus\AppData\Local\Android\Sdk\platform-tools;C:\Users\Asus\AppData\Local\Temp;C:\Users\Asus\AppData\Local\Microsoft\WinGet\Links;C:\Program Files\nodejs;C:\Program Files\MongoDB\Server\7.0\bin;C:\Users\Asus\AppData\Local\Android\Sdk\platform-tools;D:\android\.android\avd\Small_Phone_Edite
USERNAME=Asus
LANG=en_US.UTF-8
OS=Windows_NT
PROCESSOR_IDENTIFIER=Intel64 Family 6 Model 58 Stepping 9, GenuineIntel
TMP=C:\Users\Asus\AppData\Local\Temp
TEMP=C:\Users\Asus\AppData\Local\Temp



---------------  S Y S T E M  ---------------

OS:
 Windows 10 , 64 bit Build 19041 (10.0.19041.4957)
OS uptime: 0 days 0:04 hours
Hyper-V role detected

CPU: total 4 (initial active 4) (4 cores per cpu, 1 threads per core) family 6 model 58 stepping 9 microcode 0x21, cx8, cmov, fxsr, mmx, sse, sse2, sse3, ssse3, sse4.1, sse4.2, popcnt, tsc, tscinvbit, avx, aes, erms, clmul, vzeroupper, clflush, hv
Processor Information for all 4 processors :
  Max Mhz: 3401, Current Mhz: 3401, Mhz Limit: 3401

Memory: 4k page, system-wide physical 8088M (567M free)
TotalPageFile size 15768M (AvailPageFile size 7304M)
current process WorkingSet (physical memory assigned to process): 494M, peak: 496M
current process commit charge ("private bytes"): 540M, peak: 541M

vm_info: OpenJDK 64-Bit Server VM (17.0.8+7-LTS) for windows-amd64 JRE (17.0.8+7-LTS), built on Jul  7 2023 17:21:55 by "MicrosoftCorporation" with MS VC++ 16.10 / 16.11 (VS2019)

END.
